 MultiNest Warning: no resume file found, starting from scratch
 *****************************************************
 MultiNest v3.10
 Copyright Farhan Feroz & Mike Hobson
 Release Jul 2015

 no. of live points =  400
 dimensionality =    8
 *****************************************************

 MultiNest Warning!
 Parameter            1  of mode            1  is converging towards the edge of the prior.

 MultiNest Warning!
 Parameter            1  of mode            1  is converging towards the edge of the prior.

 MultiNest Warning!
 Parameter            1  of mode            1  is converging towards the edge of the prior.

 MultiNest Warning!
 Parameter            1  of mode            1  is converging towards the edge of the prior.

 MultiNest Warning!
 Parameter            1  of mode            1  is converging towards the edge of the prior.

 MultiNest Warning!
 Parameter            1  of mode            1  is converging towards the edge of the prior.

 MultiNest Warning!
 Parameter            1  of mode            1  is converging towards the edge of the prior.

 MultiNest Warning!
 Parameter            1  of mode            1  is converging towards the edge of the prior.

 MultiNest Warning!
 Parameter            1  of mode            1  is converging towards the edge of the prior.

 MultiNest Warning!
 Parameter            1  of mode            1  is converging towards the edge of the prior.

 MultiNest Warning!
 Parameter            1  of mode            1  is converging towards the edge of the prior.

 MultiNest Warning!
 Parameter            1  of mode            1  is converging towards the edge of the prior.

 MultiNest Warning!
 Parameter            1  of mode            1  is converging towards the edge of the prior.

 MultiNest Warning!
 Parameter            1  of mode            1  is converging towards the edge of the prior.

 MultiNest Warning!
 Parameter            1  of mode            1  is converging towards the edge of the prior.

 MultiNest Warning!
 Parameter            1  of mode            1  is converging towards the edge of the prior.

 MultiNest Warning!
 Parameter            1  of mode            1  is converging towards the edge of the prior.
 Parameter            2  of mode            1  is converging towards the edge of the prior.

 MultiNest Warning!
 Parameter            1  of mode            1  is converging towards the edge of the prior.
 Parameter            2  of mode            1  is converging towards the edge of the prior.

 MultiNest Warning!
 Parameter            1  of mode            1  is converging towards the edge of the prior.
 Parameter            2  of mode            1  is converging towards the edge of the prior.

 MultiNest Warning!
 Parameter            1  of mode            1  is converging towards the edge of the prior.
 Parameter            2  of mode            1  is converging towards the edge of the prior.

 MultiNest Warning!
 Parameter            1  of mode            1  is converging towards the edge of the prior.
 Parameter            2  of mode            1  is converging towards the edge of the prior.

 MultiNest Warning!
 Parameter            1  of mode            1  is converging towards the edge of the prior.
 Parameter            2  of mode            1  is converging towards the edge of the prior.

 MultiNest Warning!
 Parameter            1  of mode            1  is converging towards the edge of the prior.
 Parameter            2  of mode            1  is converging towards the edge of the prior.

 MultiNest Warning!
 Parameter            1  of mode            1  is converging towards the edge of the prior.
 Parameter            2  of mode            1  is converging towards the edge of the prior.

 MultiNest Warning!
 Parameter            1  of mode            1  is converging towards the edge of the prior.
 Parameter            2  of mode            1  is converging towards the edge of the prior.

 MultiNest Warning!
 Parameter            1  of mode            1  is converging towards the edge of the prior.
 Parameter            2  of mode            1  is converging towards the edge of the prior.

 MultiNest Warning!
 Parameter            1  of mode            1  is converging towards the edge of the prior.
 Parameter            2  of mode            1  is converging towards the edge of the prior.

 MultiNest Warning!
 Parameter            1  of mode            1  is converging towards the edge of the prior.
 Parameter            2  of mode            1  is converging towards the edge of the prior.

 MultiNest Warning!
 Parameter            1  of mode            1  is converging towards the edge of the prior.
 Parameter            2  of mode            1  is converging towards the edge of the prior.

 MultiNest Warning!
 Parameter            1  of mode            1  is converging towards the edge of the prior.
 Parameter            2  of mode            1  is converging towards the edge of the prior.

 MultiNest Warning!
 Parameter            1  of mode            1  is converging towards the edge of the prior.
 Parameter            2  of mode            1  is converging towards the edge of the prior.

 MultiNest Warning!
 Parameter            1  of mode            1  is converging towards the edge of the prior.
 Parameter            2  of mode            1  is converging towards the edge of the prior.

 MultiNest Warning!
 Parameter            1  of mode            1  is converging towards the edge of the prior.
 Parameter            2  of mode            1  is converging towards the edge of the prior.

 MultiNest Warning!
 Parameter            1  of mode            1  is converging towards the edge of the prior.
 Parameter            2  of mode            1  is converging towards the edge of the prior.

 MultiNest Warning!
 Parameter            1  of mode            1  is converging towards the edge of the prior.
 Parameter            2  of mode            1  is converging towards the edge of the prior.

 MultiNest Warning!
 Parameter            1  of mode            1  is converging towards the edge of the prior.
 Parameter            2  of mode            1  is converging towards the edge of the prior.

 MultiNest Warning!
 Parameter            1  of mode            1  is converging towards the edge of the prior.
 Parameter            2  of mode            1  is converging towards the edge of the prior.

 MultiNest Warning!
 Parameter            1  of mode            1  is converging towards the edge of the prior.
 Parameter            2  of mode            1  is converging towards the edge of the prior.

 MultiNest Warning!
 Parameter            1  of mode            1  is converging towards the edge of the prior.
 Parameter            2  of mode            1  is converging towards the edge of the prior.

 MultiNest Warning!
 Parameter            1  of mode            1  is converging towards the edge of the prior.
 Parameter            2  of mode            1  is converging towards the edge of the prior.

 MultiNest Warning!
 Parameter            1  of mode            1  is converging towards the edge of the prior.
 Parameter            2  of mode            1  is converging towards the edge of the prior.

 MultiNest Warning!
 Parameter            1  of mode            1  is converging towards the edge of the prior.
 Parameter            2  of mode            1  is converging towards the edge of the prior.

 MultiNest Warning!
 Parameter            1  of mode            1  is converging towards the edge of the prior.
 Parameter            2  of mode            1  is converging towards the edge of the prior.

 MultiNest Warning!
 Parameter            1  of mode            1  is converging towards the edge of the prior.
 Parameter            2  of mode            1  is converging towards the edge of the prior.

 MultiNest Warning!
 Parameter            1  of mode            1  is converging towards the edge of the prior.
 Parameter            2  of mode            1  is converging towards the edge of the prior.

 MultiNest Warning!
 Parameter            1  of mode            1  is converging towards the edge of the prior.
 Parameter            2  of mode            1  is converging towards the edge of the prior.

 MultiNest Warning!
 Parameter            1  of mode            1  is converging towards the edge of the prior.
 Parameter            2  of mode            1  is converging towards the edge of the prior.

 MultiNest Warning!
 Parameter            1  of mode            1  is converging towards the edge of the prior.
 Parameter            2  of mode            1  is converging towards the edge of the prior.

 MultiNest Warning!
 Parameter            1  of mode            1  is converging towards the edge of the prior.
 Parameter            2  of mode            1  is converging towards the edge of the prior.

 MultiNest Warning!
 Parameter            1  of mode            1  is converging towards the edge of the prior.
 Parameter            2  of mode            1  is converging towards the edge of the prior.
 Parameter            8  of mode            1  is converging towards the edge of the prior.

 MultiNest Warning!
 Parameter            1  of mode            1  is converging towards the edge of the prior.
 Parameter            2  of mode            1  is converging towards the edge of the prior.
 Parameter            8  of mode            1  is converging towards the edge of the prior.

 MultiNest Warning!
 Parameter            1  of mode            1  is converging towards the edge of the prior.
 Parameter            2  of mode            1  is converging towards the edge of the prior.
 Parameter            8  of mode            1  is converging towards the edge of the prior.

 MultiNest Warning!
 Parameter            1  of mode            1  is converging towards the edge of the prior.
 Parameter            2  of mode            1  is converging towards the edge of the prior.
 Parameter            8  of mode            1  is converging towards the edge of the prior.

 MultiNest Warning!
 Parameter            1  of mode            1  is converging towards the edge of the prior.
 Parameter            2  of mode            1  is converging towards the edge of the prior.
 Parameter            8  of mode            1  is converging towards the edge of the prior.

 MultiNest Warning!
 Parameter            1  of mode            1  is converging towards the edge of the prior.
 Parameter            2  of mode            1  is converging towards the edge of the prior.
 Parameter            8  of mode            1  is converging towards the edge of the prior.

 MultiNest Warning!
 Parameter            1  of mode            1  is converging towards the edge of the prior.
 Parameter            2  of mode            1  is converging towards the edge of the prior.
 Parameter            8  of mode            1  is converging towards the edge of the prior.

 MultiNest Warning!
 Parameter            1  of mode            1  is converging towards the edge of the prior.
 Parameter            2  of mode            1  is converging towards the edge of the prior.
 Parameter            8  of mode            1  is converging towards the edge of the prior.

 MultiNest Warning!
 Parameter            1  of mode            1  is converging towards the edge of the prior.
 Parameter            2  of mode            1  is converging towards the edge of the prior.
 Parameter            8  of mode            1  is converging towards the edge of the prior.

 MultiNest Warning!
 Parameter            1  of mode            1  is converging towards the edge of the prior.
 Parameter            2  of mode            1  is converging towards the edge of the prior.
 Parameter            8  of mode            1  is converging towards the edge of the prior.

 MultiNest Warning!
 Parameter            1  of mode            1  is converging towards the edge of the prior.
 Parameter            2  of mode            1  is converging towards the edge of the prior.
 Parameter            8  of mode            1  is converging towards the edge of the prior.

 MultiNest Warning!
 Parameter            1  of mode            1  is converging towards the edge of the prior.
 Parameter            2  of mode            1  is converging towards the edge of the prior.
 Parameter            8  of mode            1  is converging towards the edge of the prior.

 MultiNest Warning!
 Parameter            1  of mode            1  is converging towards the edge of the prior.
 Parameter            2  of mode            1  is converging towards the edge of the prior.
 Parameter            8  of mode            1  is converging towards the edge of the prior.

 MultiNest Warning!
 Parameter            1  of mode            1  is converging towards the edge of the prior.
 Parameter            2  of mode            1  is converging towards the edge of the prior.
 Parameter            8  of mode            1  is converging towards the edge of the prior.

 MultiNest Warning!
 Parameter            1  of mode            1  is converging towards the edge of the prior.
 Parameter            2  of mode            1  is converging towards the edge of the prior.
 Parameter            8  of mode            1  is converging towards the edge of the prior.

 MultiNest Warning!
 Parameter            1  of mode            1  is converging towards the edge of the prior.
 Parameter            2  of mode            1  is converging towards the edge of the prior.
 Parameter            8  of mode            1  is converging towards the edge of the prior.

 MultiNest Warning!
 Parameter            1  of mode            1  is converging towards the edge of the prior.
 Parameter            2  of mode            1  is converging towards the edge of the prior.
 Parameter            8  of mode            1  is converging towards the edge of the prior.

 MultiNest Warning!
 Parameter            1  of mode            1  is converging towards the edge of the prior.
 Parameter            2  of mode            1  is converging towards the edge of the prior.
 Parameter            8  of mode            1  is converging towards the edge of the prior.

 MultiNest Warning!
 Parameter            1  of mode            1  is converging towards the edge of the prior.
 Parameter            2  of mode            1  is converging towards the edge of the prior.
 Parameter            8  of mode            1  is converging towards the edge of the prior.

 MultiNest Warning!
 Parameter            1  of mode            1  is converging towards the edge of the prior.
 Parameter            2  of mode            1  is converging towards the edge of the prior.
 Parameter            8  of mode            1  is converging towards the edge of the prior.

 MultiNest Warning!
 Parameter            1  of mode            1  is converging towards the edge of the prior.
 Parameter            2  of mode            1  is converging towards the edge of the prior.
 Parameter            8  of mode            1  is converging towards the edge of the prior.

 MultiNest Warning!
 Parameter            1  of mode            1  is converging towards the edge of the prior.
 Parameter            2  of mode            1  is converging towards the edge of the prior.
 Parameter            8  of mode            1  is converging towards the edge of the prior.

 MultiNest Warning!
 Parameter            1  of mode            1  is converging towards the edge of the prior.
 Parameter            2  of mode            1  is converging towards the edge of the prior.
 Parameter            8  of mode            1  is converging towards the edge of the prior.

 MultiNest Warning!
 Parameter            1  of mode            1  is converging towards the edge of the prior.
 Parameter            2  of mode            1  is converging towards the edge of the prior.
 Parameter            8  of mode            1  is converging towards the edge of the prior.

 MultiNest Warning!
 Parameter            1  of mode            1  is converging towards the edge of the prior.
 Parameter            2  of mode            1  is converging towards the edge of the prior.
 Parameter            8  of mode            1  is converging towards the edge of the prior.

 MultiNest Warning!
 Parameter            1  of mode            1  is converging towards the edge of the prior.
 Parameter            2  of mode            1  is converging towards the edge of the prior.
 Parameter            8  of mode            1  is converging towards the edge of the prior.

 MultiNest Warning!
 Parameter            1  of mode            1  is converging towards the edge of the prior.
 Parameter            2  of mode            1  is converging towards the edge of the prior.
 Parameter            8  of mode            1  is converging towards the edge of the prior.

 MultiNest Warning!
 Parameter            1  of mode            1  is converging towards the edge of the prior.
 Parameter            2  of mode            1  is converging towards the edge of the prior.
 Parameter            8  of mode            1  is converging towards the edge of the prior.

 MultiNest Warning!
 Parameter            1  of mode            1  is converging towards the edge of the prior.
 Parameter            2  of mode            1  is converging towards the edge of the prior.
 Parameter            8  of mode            1  is converging towards the edge of the prior.

 MultiNest Warning!
 Parameter            1  of mode            1  is converging towards the edge of the prior.
 Parameter            2  of mode            1  is converging towards the edge of the prior.
 Parameter            8  of mode            1  is converging towards the edge of the prior.

 MultiNest Warning!
 Parameter            1  of mode            1  is converging towards the edge of the prior.
 Parameter            2  of mode            1  is converging towards the edge of the prior.
 Parameter            8  of mode            1  is converging towards the edge of the prior.

 MultiNest Warning!
 Parameter            1  of mode            1  is converging towards the edge of the prior.
 Parameter            2  of mode            1  is converging towards the edge of the prior.
 Parameter            8  of mode            1  is converging towards the edge of the prior.

 MultiNest Warning!
 Parameter            1  of mode            1  is converging towards the edge of the prior.
 Parameter            2  of mode            1  is converging towards the edge of the prior.
 Parameter            8  of mode            1  is converging towards the edge of the prior.

 MultiNest Warning!
 Parameter            1  of mode            1  is converging towards the edge of the prior.
 Parameter            2  of mode            1  is converging towards the edge of the prior.
 Parameter            8  of mode            1  is converging towards the edge of the prior.

 MultiNest Warning!
 Parameter            1  of mode            1  is converging towards the edge of the prior.
 Parameter            2  of mode            1  is converging towards the edge of the prior.
 Parameter            8  of mode            1  is converging towards the edge of the prior.

 MultiNest Warning!
 Parameter            1  of mode            1  is converging towards the edge of the prior.
 Parameter            2  of mode            1  is converging towards the edge of the prior.
 Parameter            8  of mode            1  is converging towards the edge of the prior.

 MultiNest Warning!
 Parameter            1  of mode            1  is converging towards the edge of the prior.
 Parameter            2  of mode            1  is converging towards the edge of the prior.
 Parameter            8  of mode            1  is converging towards the edge of the prior.

 MultiNest Warning!
 Parameter            1  of mode            1  is converging towards the edge of the prior.
 Parameter            2  of mode            1  is converging towards the edge of the prior.
 Parameter            8  of mode            1  is converging towards the edge of the prior.

 MultiNest Warning!
 Parameter            1  of mode            1  is converging towards the edge of the prior.
 Parameter            2  of mode            1  is converging towards the edge of the prior.
 Parameter            8  of mode            1  is converging towards the edge of the prior.

 MultiNest Warning!
 Parameter            1  of mode            1  is converging towards the edge of the prior.
 Parameter            2  of mode            1  is converging towards the edge of the prior.
 Parameter            8  of mode            1  is converging towards the edge of the prior.

 MultiNest Warning!
 Parameter            1  of mode            1  is converging towards the edge of the prior.
 Parameter            2  of mode            1  is converging towards the edge of the prior.
 Parameter            8  of mode            1  is converging towards the edge of the prior.

 MultiNest Warning!
 Parameter            1  of mode            1  is converging towards the edge of the prior.
 Parameter            2  of mode            1  is converging towards the edge of the prior.
 Parameter            8  of mode            1  is converging towards the edge of the prior.

 MultiNest Warning!
 Parameter            1  of mode            1  is converging towards the edge of the prior.
 Parameter            2  of mode            1  is converging towards the edge of the prior.
 Parameter            8  of mode            1  is converging towards the edge of the prior.

 MultiNest Warning!
 Parameter            1  of mode            1  is converging towards the edge of the prior.
 Parameter            2  of mode            1  is converging towards the edge of the prior.
 Parameter            8  of mode            1  is converging towards the edge of the prior.

 MultiNest Warning!
 Parameter            1  of mode            1  is converging towards the edge of the prior.
 Parameter            2  of mode            1  is converging towards the edge of the prior.
 Parameter            8  of mode            1  is converging towards the edge of the prior.

 MultiNest Warning!
 Parameter            1  of mode            1  is converging towards the edge of the prior.
 Parameter            2  of mode            1  is converging towards the edge of the prior.
 Parameter            8  of mode            1  is converging towards the edge of the prior.

 MultiNest Warning!
 Parameter            1  of mode            1  is converging towards the edge of the prior.
 Parameter            2  of mode            1  is converging towards the edge of the prior.
 Parameter            8  of mode            1  is converging towards the edge of the prior.

 MultiNest Warning!
 Parameter            1  of mode            1  is converging towards the edge of the prior.
 Parameter            2  of mode            1  is converging towards the edge of the prior.
 Parameter            8  of mode            1  is converging towards the edge of the prior.

 MultiNest Warning!
 Parameter            1  of mode            1  is converging towards the edge of the prior.
 Parameter            2  of mode            1  is converging towards the edge of the prior.
 Parameter            8  of mode            1  is converging towards the edge of the prior.

 MultiNest Warning!
 Parameter            1  of mode            1  is converging towards the edge of the prior.
 Parameter            2  of mode            1  is converging towards the edge of the prior.
 Parameter            8  of mode            1  is converging towards the edge of the prior.

 MultiNest Warning!
 Parameter            1  of mode            1  is converging towards the edge of the prior.
 Parameter            2  of mode            1  is converging towards the edge of the prior.
 Parameter            8  of mode            1  is converging towards the edge of the prior.

 MultiNest Warning!
 Parameter            1  of mode            1  is converging towards the edge of the prior.
 Parameter            2  of mode            1  is converging towards the edge of the prior.
 Parameter            8  of mode            1  is converging towards the edge of the prior.

 MultiNest Warning!
 Parameter            1  of mode            1  is converging towards the edge of the prior.
 Parameter            2  of mode            1  is converging towards the edge of the prior.
 Parameter            8  of mode            1  is converging towards the edge of the prior.

 MultiNest Warning!
 Parameter            1  of mode            1  is converging towards the edge of the prior.
 Parameter            2  of mode            1  is converging towards the edge of the prior.
 Parameter            8  of mode            1  is converging towards the edge of the prior.

 MultiNest Warning!
 Parameter            1  of mode            1  is converging towards the edge of the prior.
 Parameter            2  of mode            1  is converging towards the edge of the prior.
 Parameter            8  of mode            1  is converging towards the edge of the prior.

 MultiNest Warning!
 Parameter            1  of mode            1  is converging towards the edge of the prior.
 Parameter            2  of mode            1  is converging towards the edge of the prior.
 Parameter            8  of mode            1  is converging towards the edge of the prior.

 MultiNest Warning!
 Parameter            1  of mode            1  is converging towards the edge of the prior.
 Parameter            2  of mode            1  is converging towards the edge of the prior.
 Parameter            8  of mode            1  is converging towards the edge of the prior.

 MultiNest Warning!
 Parameter            1  of mode            1  is converging towards the edge of the prior.
 Parameter            2  of mode            1  is converging towards the edge of the prior.
 Parameter            8  of mode            1  is converging towards the edge of the prior.

 MultiNest Warning!
 Parameter            1  of mode            1  is converging towards the edge of the prior.
 Parameter            2  of mode            1  is converging towards the edge of the prior.
 Parameter            8  of mode            1  is converging towards the edge of the prior.

 MultiNest Warning!
 Parameter            1  of mode            1  is converging towards the edge of the prior.
 Parameter            2  of mode            1  is converging towards the edge of the prior.
 Parameter            8  of mode            1  is converging towards the edge of the prior.

 MultiNest Warning!
 Parameter            1  of mode            1  is converging towards the edge of the prior.
 Parameter            2  of mode            1  is converging towards the edge of the prior.
 Parameter            8  of mode            1  is converging towards the edge of the prior.

 MultiNest Warning!
 Parameter            1  of mode            1  is converging towards the edge of the prior.
 Parameter            2  of mode            1  is converging towards the edge of the prior.
 Parameter            8  of mode            1  is converging towards the edge of the prior.

 MultiNest Warning!
 Parameter            1  of mode            1  is converging towards the edge of the prior.
 Parameter            2  of mode            1  is converging towards the edge of the prior.
 Parameter            8  of mode            1  is converging towards the edge of the prior.

 MultiNest Warning!
 Parameter            1  of mode            1  is converging towards the edge of the prior.
 Parameter            2  of mode            1  is converging towards the edge of the prior.
 Parameter            8  of mode            1  is converging towards the edge of the prior.

 MultiNest Warning!
 Parameter            1  of mode            1  is converging towards the edge of the prior.
 Parameter            2  of mode            1  is converging towards the edge of the prior.
 Parameter            8  of mode            1  is converging towards the edge of the prior.

 MultiNest Warning!
 Parameter            1  of mode            1  is converging towards the edge of the prior.
 Parameter            2  of mode            1  is converging towards the edge of the prior.
 Parameter            8  of mode            1  is converging towards the edge of the prior.

 MultiNest Warning!
 Parameter            1  of mode            1  is converging towards the edge of the prior.
 Parameter            2  of mode            1  is converging towards the edge of the prior.
 Parameter            8  of mode            1  is converging towards the edge of the prior.

 MultiNest Warning!
 Parameter            1  of mode            1  is converging towards the edge of the prior.
 Parameter            2  of mode            1  is converging towards the edge of the prior.
 Parameter            8  of mode            1  is converging towards the edge of the prior.

 MultiNest Warning!
 Parameter            1  of mode            1  is converging towards the edge of the prior.
 Parameter            2  of mode            1  is converging towards the edge of the prior.
 Parameter            8  of mode            1  is converging towards the edge of the prior.

 MultiNest Warning!
 Parameter            1  of mode            1  is converging towards the edge of the prior.
 Parameter            2  of mode            1  is converging towards the edge of the prior.
 Parameter            8  of mode            1  is converging towards the edge of the prior.

 MultiNest Warning!
 Parameter            1  of mode            1  is converging towards the edge of the prior.
 Parameter            2  of mode            1  is converging towards the edge of the prior.
 Parameter            8  of mode            1  is converging towards the edge of the prior.

 MultiNest Warning!
 Parameter            1  of mode            1  is converging towards the edge of the prior.
 Parameter            2  of mode            1  is converging towards the edge of the prior.
 Parameter            8  of mode            1  is converging towards the edge of the prior.

 MultiNest Warning!
 Parameter            1  of mode            1  is converging towards the edge of the prior.
 Parameter            2  of mode            1  is converging towards the edge of the prior.
 Parameter            8  of mode            1  is converging towards the edge of the prior.

 MultiNest Warning!
 Parameter            1  of mode            1  is converging towards the edge of the prior.
 Parameter            2  of mode            1  is converging towards the edge of the prior.
 Parameter            8  of mode            1  is converging towards the edge of the prior.

 MultiNest Warning!
 Parameter            1  of mode            1  is converging towards the edge of the prior.
 Parameter            2  of mode            1  is converging towards the edge of the prior.
 Parameter            8  of mode            1  is converging towards the edge of the prior.

 MultiNest Warning!
 Parameter            1  of mode            1  is converging towards the edge of the prior.
 Parameter            2  of mode            1  is converging towards the edge of the prior.
 Parameter            8  of mode            1  is converging towards the edge of the prior.

 MultiNest Warning!
 Parameter            1  of mode            1  is converging towards the edge of the prior.
 Parameter            2  of mode            1  is converging towards the edge of the prior.
 Parameter            8  of mode            1  is converging towards the edge of the prior.

 MultiNest Warning!
 Parameter            1  of mode            1  is converging towards the edge of the prior.
 Parameter            2  of mode            1  is converging towards the edge of the prior.
 Parameter            8  of mode            1  is converging towards the edge of the prior.
 ln(ev)=  -14813.948030540359      +/-  0.34461488256745831     
 Total Likelihood Evaluations:       238078
 Sampling finished. Exiting MultiNest
 MultiNest Warning: no resume file found, starting from scratch
 *****************************************************
 MultiNest v3.10
 Copyright Farhan Feroz & Mike Hobson
 Release Jul 2015

 no. of live points =  400
 dimensionality =    8
 *****************************************************

 MultiNest Warning!
 Parameter            5  of mode            1  is converging towards the edge of the prior.

 MultiNest Warning!
 Parameter            5  of mode            1  is converging towards the edge of the prior.

 MultiNest Warning!
 Parameter            5  of mode            1  is converging towards the edge of the prior.

 MultiNest Warning!
 Parameter            5  of mode            1  is converging towards the edge of the prior.

 MultiNest Warning!
 Parameter            5  of mode            1  is converging towards the edge of the prior.

 MultiNest Warning!
 Parameter            5  of mode            1  is converging towards the edge of the prior.

 MultiNest Warning!
 Parameter            5  of mode            1  is converging towards the edge of the prior.

 MultiNest Warning!
 Parameter            5  of mode            1  is converging towards the edge of the prior.

 MultiNest Warning!
 Parameter            5  of mode            1  is converging towards the edge of the prior.

 MultiNest Warning!
 Parameter            5  of mode            1  is converging towards the edge of the prior.

 MultiNest Warning!
 Parameter            5  of mode            1  is converging towards the edge of the prior.

 MultiNest Warning!
 Parameter            5  of mode            1  is converging towards the edge of the prior.

 MultiNest Warning!
 Parameter            5  of mode            1  is converging towards the edge of the prior.

 MultiNest Warning!
 Parameter            5  of mode            1  is converging towards the edge of the prior.

 MultiNest Warning!
 Parameter            5  of mode            1  is converging towards the edge of the prior.

 MultiNest Warning!
 Parameter            5  of mode            1  is converging towards the edge of the prior.

 MultiNest Warning!
 Parameter            5  of mode            1  is converging towards the edge of the prior.

 MultiNest Warning!
 Parameter            5  of mode            1  is converging towards the edge of the prior.

 MultiNest Warning!
 Parameter            5  of mode            1  is converging towards the edge of the prior.

 MultiNest Warning!
 Parameter            5  of mode            1  is converging towards the edge of the prior.

 MultiNest Warning!
 Parameter            5  of mode            1  is converging towards the edge of the prior.

 MultiNest Warning!
 Parameter            5  of mode            1  is converging towards the edge of the prior.

 MultiNest Warning!
 Parameter            5  of mode            1  is converging towards the edge of the prior.

 MultiNest Warning!
 Parameter            5  of mode            1  is converging towards the edge of the prior.

 MultiNest Warning!
 Parameter            5  of mode            1  is converging towards the edge of the prior.

 MultiNest Warning!
 Parameter            5  of mode            1  is converging towards the edge of the prior.

 MultiNest Warning!
 Parameter            5  of mode            1  is converging towards the edge of the prior.

 MultiNest Warning!
 Parameter            5  of mode            1  is converging towards the edge of the prior.

 MultiNest Warning!
 Parameter            5  of mode            1  is converging towards the edge of the prior.

 MultiNest Warning!
 Parameter            5  of mode            1  is converging towards the edge of the prior.

 MultiNest Warning!
 Parameter            5  of mode            1  is converging towards the edge of the prior.

 MultiNest Warning!
 Parameter            5  of mode            1  is converging towards the edge of the prior.

 MultiNest Warning!
 Parameter            1  of mode            1  is converging towards the edge of the prior.
 Parameter            5  of mode            1  is converging towards the edge of the prior.

 MultiNest Warning!
 Parameter            1  of mode            1  is converging towards the edge of the prior.
 Parameter            5  of mode            1  is converging towards the edge of the prior.

 MultiNest Warning!
 Parameter            1  of mode            1  is converging towards the edge of the prior.
 Parameter            5  of mode            1  is converging towards the edge of the prior.

 MultiNest Warning!
 Parameter            1  of mode            1  is converging towards the edge of the prior.
 Parameter            5  of mode            1  is converging towards the edge of the prior.

 MultiNest Warning!
 Parameter            1  of mode            1  is converging towards the edge of the prior.
 Parameter            5  of mode            1  is converging towards the edge of the prior.

 MultiNest Warning!
 Parameter            1  of mode            1  is converging towards the edge of the prior.
 Parameter            5  of mode            1  is converging towards the edge of the prior.

 MultiNest Warning!
 Parameter            1  of mode            1  is converging towards the edge of the prior.
 Parameter            5  of mode            1  is converging towards the edge of the prior.

 MultiNest Warning!
 Parameter            1  of mode            1  is converging towards the edge of the prior.
 Parameter            5  of mode            1  is converging towards the edge of the prior.

 MultiNest Warning!
 Parameter            1  of mode            1  is converging towards the edge of the prior.
 Parameter            5  of mode            1  is converging towards the edge of the prior.

 MultiNest Warning!
 Parameter            1  of mode            1  is converging towards the edge of the prior.
 Parameter            5  of mode            1  is converging towards the edge of the prior.

 MultiNest Warning!
 Parameter            1  of mode            1  is converging towards the edge of the prior.
 Parameter            5  of mode            1  is converging towards the edge of the prior.

 MultiNest Warning!
 Parameter            1  of mode            1  is converging towards the edge of the prior.
 Parameter            5  of mode            1  is converging towards the edge of the prior.

 MultiNest Warning!
 Parameter            1  of mode            1  is converging towards the edge of the prior.
 Parameter            5  of mode            1  is converging towards the edge of the prior.

 MultiNest Warning!
 Parameter            1  of mode            1  is converging towards the edge of the prior.
 Parameter            5  of mode            1  is converging towards the edge of the prior.

 MultiNest Warning!
 Parameter            1  of mode            1  is converging towards the edge of the prior.
 Parameter            5  of mode            1  is converging towards the edge of the prior.

 MultiNest Warning!
 Parameter            1  of mode            1  is converging towards the edge of the prior.
 Parameter            5  of mode            1  is converging towards the edge of the prior.

 MultiNest Warning!
 Parameter            1  of mode            1  is converging towards the edge of the prior.
 Parameter            5  of mode            1  is converging towards the edge of the prior.

 MultiNest Warning!
 Parameter            1  of mode            1  is converging towards the edge of the prior.
 Parameter            5  of mode            1  is converging towards the edge of the prior.
 Parameter            8  of mode            1  is converging towards the edge of the prior.

 MultiNest Warning!
 Parameter            1  of mode            1  is converging towards the edge of the prior.
 Parameter            5  of mode            1  is converging towards the edge of the prior.
 Parameter            8  of mode            1  is converging towards the edge of the prior.

 MultiNest Warning!
 Parameter            1  of mode            1  is converging towards the edge of the prior.
 Parameter            5  of mode            1  is converging towards the edge of the prior.
 Parameter            8  of mode            1  is converging towards the edge of the prior.

 MultiNest Warning!
 Parameter            1  of mode            1  is converging towards the edge of the prior.
 Parameter            5  of mode            1  is converging towards the edge of the prior.
 Parameter            8  of mode            1  is converging towards the edge of the prior.

 MultiNest Warning!
 Parameter            1  of mode            1  is converging towards the edge of the prior.
 Parameter            5  of mode            1  is converging towards the edge of the prior.
 Parameter            8  of mode            1  is converging towards the edge of the prior.

 MultiNest Warning!
 Parameter            1  of mode            1  is converging towards the edge of the prior.
 Parameter            5  of mode            1  is converging towards the edge of the prior.
 Parameter            8  of mode            1  is converging towards the edge of the prior.

 MultiNest Warning!
 Parameter            1  of mode            1  is converging towards the edge of the prior.
 Parameter            5  of mode            1  is converging towards the edge of the prior.
 Parameter            8  of mode            1  is converging towards the edge of the prior.

 MultiNest Warning!
 Parameter            1  of mode            1  is converging towards the edge of the prior.
 Parameter            5  of mode            1  is converging towards the edge of the prior.
 Parameter            8  of mode            1  is converging towards the edge of the prior.

 MultiNest Warning!
 Parameter            1  of mode            1  is converging towards the edge of the prior.
 Parameter            5  of mode            1  is converging towards the edge of the prior.
 Parameter            8  of mode            1  is converging towards the edge of the prior.

 MultiNest Warning!
 Parameter            1  of mode            1  is converging towards the edge of the prior.
 Parameter            5  of mode            1  is converging towards the edge of the prior.
 Parameter            8  of mode            1  is converging towards the edge of the prior.

 MultiNest Warning!
 Parameter            1  of mode            1  is converging towards the edge of the prior.
 Parameter            5  of mode            1  is converging towards the edge of the prior.
 Parameter            8  of mode            1  is converging towards the edge of the prior.

 MultiNest Warning!
 Parameter            1  of mode            1  is converging towards the edge of the prior.
 Parameter            5  of mode            1  is converging towards the edge of the prior.
 Parameter            8  of mode            1  is converging towards the edge of the prior.

 MultiNest Warning!
 Parameter            1  of mode            1  is converging towards the edge of the prior.
 Parameter            5  of mode            1  is converging towards the edge of the prior.
 Parameter            8  of mode            1  is converging towards the edge of the prior.

 MultiNest Warning!
 Parameter            1  of mode            1  is converging towards the edge of the prior.
 Parameter            5  of mode            1  is converging towards the edge of the prior.
 Parameter            8  of mode            1  is converging towards the edge of the prior.

 MultiNest Warning!
 Parameter            1  of mode            1  is converging towards the edge of the prior.
 Parameter            5  of mode            1  is converging towards the edge of the prior.
 Parameter            8  of mode            1  is converging towards the edge of the prior.

 MultiNest Warning!
 Parameter            1  of mode            1  is converging towards the edge of the prior.
 Parameter            5  of mode            1  is converging towards the edge of the prior.
 Parameter            8  of mode            1  is converging towards the edge of the prior.

 MultiNest Warning!
 Parameter            1  of mode            1  is converging towards the edge of the prior.
 Parameter            5  of mode            1  is converging towards the edge of the prior.
 Parameter            8  of mode            1  is converging towards the edge of the prior.

 MultiNest Warning!
 Parameter            1  of mode            1  is converging towards the edge of the prior.
 Parameter            5  of mode            1  is converging towards the edge of the prior.
 Parameter            8  of mode            1  is converging towards the edge of the prior.

 MultiNest Warning!
 Parameter            1  of mode            1  is converging towards the edge of the prior.
 Parameter            5  of mode            1  is converging towards the edge of the prior.
 Parameter            8  of mode            1  is converging towards the edge of the prior.

 MultiNest Warning!
 Parameter            1  of mode            1  is converging towards the edge of the prior.
 Parameter            5  of mode            1  is converging towards the edge of the prior.
 Parameter            8  of mode            1  is converging towards the edge of the prior.

 MultiNest Warning!
 Parameter            1  of mode            1  is converging towards the edge of the prior.
 Parameter            5  of mode            1  is converging towards the edge of the prior.
 Parameter            8  of mode            1  is converging towards the edge of the prior.

 MultiNest Warning!
 Parameter            1  of mode            1  is converging towards the edge of the prior.
 Parameter            5  of mode            1  is converging towards the edge of the prior.
 Parameter            8  of mode            1  is converging towards the edge of the prior.

 MultiNest Warning!
 Parameter            1  of mode            1  is converging towards the edge of the prior.
 Parameter            5  of mode            1  is converging towards the edge of the prior.
 Parameter            8  of mode            1  is converging towards the edge of the prior.

 MultiNest Warning!
 Parameter            1  of mode            1  is converging towards the edge of the prior.
 Parameter            5  of mode            1  is converging towards the edge of the prior.
 Parameter            8  of mode            1  is converging towards the edge of the prior.

 MultiNest Warning!
 Parameter            1  of mode            1  is converging towards the edge of the prior.
 Parameter            5  of mode            1  is converging towards the edge of the prior.
 Parameter            8  of mode            1  is converging towards the edge of the prior.

 MultiNest Warning!
 Parameter            1  of mode            1  is converging towards the edge of the prior.
 Parameter            5  of mode            1  is converging towards the edge of the prior.
 Parameter            8  of mode            1  is converging towards the edge of the prior.

 MultiNest Warning!
 Parameter            1  of mode            1  is converging towards the edge of the prior.
 Parameter            5  of mode            1  is converging towards the edge of the prior.
 Parameter            8  of mode            1  is converging towards the edge of the prior.

 MultiNest Warning!
 Parameter            1  of mode            1  is converging towards the edge of the prior.
 Parameter            5  of mode            1  is converging towards the edge of the prior.
 Parameter            8  of mode            1  is converging towards the edge of the prior.

 MultiNest Warning!
 Parameter            1  of mode            1  is converging towards the edge of the prior.
 Parameter            5  of mode            1  is converging towards the edge of the prior.
 Parameter            8  of mode            1  is converging towards the edge of the prior.

 MultiNest Warning!
 Parameter            1  of mode            1  is converging towards the edge of the prior.
 Parameter            5  of mode            1  is converging towards the edge of the prior.
 Parameter            8  of mode            1  is converging towards the edge of the prior.

 MultiNest Warning!
 Parameter            1  of mode            1  is converging towards the edge of the prior.
 Parameter            5  of mode            1  is converging towards the edge of the prior.
 Parameter            8  of mode            1  is converging towards the edge of the prior.

 MultiNest Warning!
 Parameter            1  of mode            1  is converging towards the edge of the prior.
 Parameter            5  of mode            1  is converging towards the edge of the prior.
 Parameter            8  of mode            1  is converging towards the edge of the prior.

 MultiNest Warning!
 Parameter            1  of mode            1  is converging towards the edge of the prior.
 Parameter            5  of mode            1  is converging towards the edge of the prior.
 Parameter            8  of mode            1  is converging towards the edge of the prior.

 MultiNest Warning!
 Parameter            1  of mode            1  is converging towards the edge of the prior.
 Parameter            5  of mode            1  is converging towards the edge of the prior.
 Parameter            8  of mode            1  is converging towards the edge of the prior.

 MultiNest Warning!
 Parameter            1  of mode            1  is converging towards the edge of the prior.
 Parameter            5  of mode            1  is converging towards the edge of the prior.
 Parameter            8  of mode            1  is converging towards the edge of the prior.

 MultiNest Warning!
 Parameter            1  of mode            1  is converging towards the edge of the prior.
 Parameter            5  of mode            1  is converging towards the edge of the prior.
 Parameter            8  of mode            1  is converging towards the edge of the prior.

 MultiNest Warning!
 Parameter            1  of mode            1  is converging towards the edge of the prior.
 Parameter            5  of mode            1  is converging towards the edge of the prior.
 Parameter            8  of mode            1  is converging towards the edge of the prior.

 MultiNest Warning!
 Parameter            1  of mode            1  is converging towards the edge of the prior.
 Parameter            5  of mode            1  is converging towards the edge of the prior.
 Parameter            8  of mode            1  is converging towards the edge of the prior.

 MultiNest Warning!
 Parameter            1  of mode            1  is converging towards the edge of the prior.
 Parameter            5  of mode            1  is converging towards the edge of the prior.
 Parameter            8  of mode            1  is converging towards the edge of the prior.

 MultiNest Warning!
 Parameter            1  of mode            1  is converging towards the edge of the prior.
 Parameter            5  of mode            1  is converging towards the edge of the prior.
 Parameter            8  of mode            1  is converging towards the edge of the prior.

 MultiNest Warning!
 Parameter            1  of mode            1  is converging towards the edge of the prior.
 Parameter            5  of mode            1  is converging towards the edge of the prior.
 Parameter            8  of mode            1  is converging towards the edge of the prior.

 MultiNest Warning!
 Parameter            1  of mode            1  is converging towards the edge of the prior.
 Parameter            5  of mode            1  is converging towards the edge of the prior.
 Parameter            8  of mode            1  is converging towards the edge of the prior.

 MultiNest Warning!
 Parameter            1  of mode            1  is converging towards the edge of the prior.
 Parameter            5  of mode            1  is converging towards the edge of the prior.
 Parameter            8  of mode            1  is converging towards the edge of the prior.

 MultiNest Warning!
 Parameter            1  of mode            1  is converging towards the edge of the prior.
 Parameter            5  of mode            1  is converging towards the edge of the prior.
 Parameter            8  of mode            1  is converging towards the edge of the prior.

 MultiNest Warning!
 Parameter            1  of mode            1  is converging towards the edge of the prior.
 Parameter            5  of mode            1  is converging towards the edge of the prior.
 Parameter            8  of mode            1  is converging towards the edge of the prior.

 MultiNest Warning!
 Parameter            1  of mode            1  is converging towards the edge of the prior.
 Parameter            5  of mode            1  is converging towards the edge of the prior.
 Parameter            8  of mode            1  is converging towards the edge of the prior.

 MultiNest Warning!
 Parameter            1  of mode            1  is converging towards the edge of the prior.
 Parameter            5  of mode            1  is converging towards the edge of the prior.
 Parameter            8  of mode            1  is converging towards the edge of the prior.

 MultiNest Warning!
 Parameter            1  of mode            1  is converging towards the edge of the prior.
 Parameter            5  of mode            1  is converging towards the edge of the prior.
 Parameter            8  of mode            1  is converging towards the edge of the prior.

 MultiNest Warning!
 Parameter            1  of mode            1  is converging towards the edge of the prior.
 Parameter            5  of mode            1  is converging towards the edge of the prior.
 Parameter            8  of mode            1  is converging towards the edge of the prior.

 MultiNest Warning!
 Parameter            1  of mode            1  is converging towards the edge of the prior.
 Parameter            5  of mode            1  is converging towards the edge of the prior.
 Parameter            8  of mode            1  is converging towards the edge of the prior.

 MultiNest Warning!
 Parameter            1  of mode            1  is converging towards the edge of the prior.
 Parameter            5  of mode            1  is converging towards the edge of the prior.
 Parameter            8  of mode            1  is converging towards the edge of the prior.

 MultiNest Warning!
 Parameter            1  of mode            1  is converging towards the edge of the prior.
 Parameter            5  of mode            1  is converging towards the edge of the prior.
 Parameter            8  of mode            1  is converging towards the edge of the prior.

 MultiNest Warning!
 Parameter            1  of mode            1  is converging towards the edge of the prior.
 Parameter            5  of mode            1  is converging towards the edge of the prior.
 Parameter            8  of mode            1  is converging towards the edge of the prior.

 MultiNest Warning!
 Parameter            1  of mode            1  is converging towards the edge of the prior.
 Parameter            5  of mode            1  is converging towards the edge of the prior.
 Parameter            8  of mode            1  is converging towards the edge of the prior.

 MultiNest Warning!
 Parameter            1  of mode            1  is converging towards the edge of the prior.
 Parameter            5  of mode            1  is converging towards the edge of the prior.
 Parameter            8  of mode            1  is converging towards the edge of the prior.

 MultiNest Warning!
 Parameter            1  of mode            1  is converging towards the edge of the prior.
 Parameter            5  of mode            1  is converging towards the edge of the prior.
 Parameter            8  of mode            1  is converging towards the edge of the prior.

 MultiNest Warning!
 Parameter            1  of mode            1  is converging towards the edge of the prior.
 Parameter            5  of mode            1  is converging towards the edge of the prior.
 Parameter            8  of mode            1  is converging towards the edge of the prior.

 MultiNest Warning!
 Parameter            1  of mode            1  is converging towards the edge of the prior.
 Parameter            5  of mode            1  is converging towards the edge of the prior.
 Parameter            8  of mode            1  is converging towards the edge of the prior.

 MultiNest Warning!
 Parameter            1  of mode            1  is converging towards the edge of the prior.
 Parameter            5  of mode            1  is converging towards the edge of the prior.
 Parameter            8  of mode            1  is converging towards the edge of the prior.

 MultiNest Warning!
 Parameter            1  of mode            1  is converging towards the edge of the prior.
 Parameter            5  of mode            1  is converging towards the edge of the prior.
 Parameter            8  of mode            1  is converging towards the edge of the prior.

 MultiNest Warning!
 Parameter            1  of mode            1  is converging towards the edge of the prior.
 Parameter            5  of mode            1  is converging towards the edge of the prior.
 Parameter            8  of mode            1  is converging towards the edge of the prior.

 MultiNest Warning!
 Parameter            1  of mode            1  is converging towards the edge of the prior.
 Parameter            5  of mode            1  is converging towards the edge of the prior.
 Parameter            8  of mode            1  is converging towards the edge of the prior.

 MultiNest Warning!
 Parameter            1  of mode            1  is converging towards the edge of the prior.
 Parameter            5  of mode            1  is converging towards the edge of the prior.
 Parameter            8  of mode            1  is converging towards the edge of the prior.

 MultiNest Warning!
 Parameter            1  of mode            1  is converging towards the edge of the prior.
 Parameter            5  of mode            1  is converging towards the edge of the prior.
 Parameter            8  of mode            1  is converging towards the edge of the prior.

 MultiNest Warning!
 Parameter            1  of mode            1  is converging towards the edge of the prior.
 Parameter            5  of mode            1  is converging towards the edge of the prior.
 Parameter            8  of mode            1  is converging towards the edge of the prior.

 MultiNest Warning!
 Parameter            1  of mode            1  is converging towards the edge of the prior.
 Parameter            5  of mode            1  is converging towards the edge of the prior.
 Parameter            8  of mode            1  is converging towards the edge of the prior.

 MultiNest Warning!
 Parameter            1  of mode            1  is converging towards the edge of the prior.
 Parameter            5  of mode            1  is converging towards the edge of the prior.
 Parameter            8  of mode            1  is converging towards the edge of the prior.

 MultiNest Warning!
 Parameter            1  of mode            1  is converging towards the edge of the prior.
 Parameter            5  of mode            1  is converging towards the edge of the prior.
 Parameter            8  of mode            1  is converging towards the edge of the prior.

 MultiNest Warning!
 Parameter            1  of mode            1  is converging towards the edge of the prior.
 Parameter            5  of mode            1  is converging towards the edge of the prior.
 Parameter            8  of mode            1  is converging towards the edge of the prior.

 MultiNest Warning!
 Parameter            1  of mode            1  is converging towards the edge of the prior.
 Parameter            5  of mode            1  is converging towards the edge of the prior.
 Parameter            8  of mode            1  is converging towards the edge of the prior.

 MultiNest Warning!
 Parameter            1  of mode            1  is converging towards the edge of the prior.
 Parameter            5  of mode            1  is converging towards the edge of the prior.
 Parameter            8  of mode            1  is converging towards the edge of the prior.

 MultiNest Warning!
 Parameter            1  of mode            1  is converging towards the edge of the prior.
 Parameter            5  of mode            1  is converging towards the edge of the prior.
 Parameter            8  of mode            1  is converging towards the edge of the prior.

 MultiNest Warning!
 Parameter            1  of mode            1  is converging towards the edge of the prior.
 Parameter            5  of mode            1  is converging towards the edge of the prior.
 Parameter            8  of mode            1  is converging towards the edge of the prior.

 MultiNest Warning!
 Parameter            1  of mode            1  is converging towards the edge of the prior.
 Parameter            5  of mode            1  is converging towards the edge of the prior.
 Parameter            8  of mode            1  is converging towards the edge of the prior.

 MultiNest Warning!
 Parameter            1  of mode            1  is converging towards the edge of the prior.
 Parameter            5  of mode            1  is converging towards the edge of the prior.
 Parameter            8  of mode            1  is converging towards the edge of the prior.

 MultiNest Warning!
 Parameter            1  of mode            1  is converging towards the edge of the prior.
 Parameter            5  of mode            1  is converging towards the edge of the prior.
 Parameter            8  of mode            1  is converging towards the edge of the prior.

 MultiNest Warning!
 Parameter            1  of mode            1  is converging towards the edge of the prior.
 Parameter            5  of mode            1  is converging towards the edge of the prior.
 Parameter            8  of mode            1  is converging towards the edge of the prior.

 MultiNest Warning!
 Parameter            1  of mode            1  is converging towards the edge of the prior.
 Parameter            5  of mode            1  is converging towards the edge of the prior.
 Parameter            8  of mode            1  is converging towards the edge of the prior.

 MultiNest Warning!
 Parameter            1  of mode            1  is converging towards the edge of the prior.
 Parameter            5  of mode            1  is converging towards the edge of the prior.
 Parameter            8  of mode            1  is converging towards the edge of the prior.

 MultiNest Warning!
 Parameter            1  of mode            1  is converging towards the edge of the prior.
 Parameter            5  of mode            1  is converging towards the edge of the prior.
 Parameter            8  of mode            1  is converging towards the edge of the prior.

 MultiNest Warning!
 Parameter            1  of mode            1  is converging towards the edge of the prior.
 Parameter            5  of mode            1  is converging towards the edge of the prior.
 Parameter            8  of mode            1  is converging towards the edge of the prior.

 MultiNest Warning!
 Parameter            1  of mode            1  is converging towards the edge of the prior.
 Parameter            5  of mode            1  is converging towards the edge of the prior.
 Parameter            8  of mode            1  is converging towards the edge of the prior.
 ln(ev)=  -15069.553592695509      +/-  0.34675892248012652     
 Total Likelihood Evaluations:       163219
 Sampling finished. Exiting MultiNest
 MultiNest Warning: no resume file found, starting from scratch
 *****************************************************
 MultiNest v3.10
 Copyright Farhan Feroz & Mike Hobson
 Release Jul 2015

 no. of live points =  400
 dimensionality =    8
 *****************************************************

 MultiNest Warning!
 Parameter            1  of mode            1  is converging towards the edge of the prior.

 MultiNest Warning!
 Parameter            1  of mode            1  is converging towards the edge of the prior.

 MultiNest Warning!
 Parameter            1  of mode            1  is converging towards the edge of the prior.

 MultiNest Warning!
 Parameter            1  of mode            1  is converging towards the edge of the prior.

 MultiNest Warning!
 Parameter            1  of mode            1  is converging towards the edge of the prior.

 MultiNest Warning!
 Parameter            1  of mode            1  is converging towards the edge of the prior.

 MultiNest Warning!
 Parameter            1  of mode            1  is converging towards the edge of the prior.

 MultiNest Warning!
 Parameter            1  of mode            1  is converging towards the edge of the prior.

 MultiNest Warning!
 Parameter            1  of mode            1  is converging towards the edge of the prior.

 MultiNest Warning!
 Parameter            1  of mode            1  is converging towards the edge of the prior.

 MultiNest Warning!
 Parameter            1  of mode            1  is converging towards the edge of the prior.

 MultiNest Warning!
 Parameter            1  of mode            1  is converging towards the edge of the prior.

 MultiNest Warning!
 Parameter            1  of mode            1  is converging towards the edge of the prior.

 MultiNest Warning!
 Parameter            1  of mode            1  is converging towards the edge of the prior.

 MultiNest Warning!
 Parameter            1  of mode            1  is converging towards the edge of the prior.

 MultiNest Warning!
 Parameter            1  of mode            1  is converging towards the edge of the prior.

 MultiNest Warning!
 Parameter            1  of mode            1  is converging towards the edge of the prior.

 MultiNest Warning!
 Parameter            1  of mode            1  is converging towards the edge of the prior.

 MultiNest Warning!
 Parameter            1  of mode            1  is converging towards the edge of the prior.

 MultiNest Warning!
 Parameter            1  of mode            1  is converging towards the edge of the prior.

 MultiNest Warning!
 Parameter            1  of mode            1  is converging towards the edge of the prior.

 MultiNest Warning!
 Parameter            1  of mode            1  is converging towards the edge of the prior.

 MultiNest Warning!
 Parameter            1  of mode            1  is converging towards the edge of the prior.

 MultiNest Warning!
 Parameter            1  of mode            1  is converging towards the edge of the prior.

 MultiNest Warning!
 Parameter            1  of mode            1  is converging towards the edge of the prior.

 MultiNest Warning!
 Parameter            1  of mode            1  is converging towards the edge of the prior.

 MultiNest Warning!
 Parameter            1  of mode            1  is converging towards the edge of the prior.

 MultiNest Warning!
 Parameter            1  of mode            1  is converging towards the edge of the prior.

 MultiNest Warning!
 Parameter            1  of mode            1  is converging towards the edge of the prior.

 MultiNest Warning!
 Parameter            1  of mode            1  is converging towards the edge of the prior.

 MultiNest Warning!
 Parameter            1  of mode            1  is converging towards the edge of the prior.

 MultiNest Warning!
 Parameter            1  of mode            1  is converging towards the edge of the prior.

 MultiNest Warning!
 Parameter            1  of mode            1  is converging towards the edge of the prior.

 MultiNest Warning!
 Parameter            1  of mode            1  is converging towards the edge of the prior.

 MultiNest Warning!
 Parameter            1  of mode            1  is converging towards the edge of the prior.

 MultiNest Warning!
 Parameter            1  of mode            1  is converging towards the edge of the prior.

 MultiNest Warning!
 Parameter            1  of mode            1  is converging towards the edge of the prior.

 MultiNest Warning!
 Parameter            1  of mode            1  is converging towards the edge of the prior.

 MultiNest Warning!
 Parameter            1  of mode            1  is converging towards the edge of the prior.

 MultiNest Warning!
 Parameter            1  of mode            1  is converging towards the edge of the prior.

 MultiNest Warning!
 Parameter            1  of mode            1  is converging towards the edge of the prior.

 MultiNest Warning!
 Parameter            1  of mode            1  is converging towards the edge of the prior.

 MultiNest Warning!
 Parameter            1  of mode            1  is converging towards the edge of the prior.

 MultiNest Warning!
 Parameter            1  of mode            1  is converging towards the edge of the prior.

 MultiNest Warning!
 Parameter            1  of mode            1  is converging towards the edge of the prior.

 MultiNest Warning!
 Parameter            1  of mode            1  is converging towards the edge of the prior.

 MultiNest Warning!
 Parameter            1  of mode            1  is converging towards the edge of the prior.

 MultiNest Warning!
 Parameter            1  of mode            1  is converging towards the edge of the prior.

 MultiNest Warning!
 Parameter            1  of mode            1  is converging towards the edge of the prior.

 MultiNest Warning!
 Parameter            1  of mode            1  is converging towards the edge of the prior.
 Parameter            8  of mode            1  is converging towards the edge of the prior.

 MultiNest Warning!
 Parameter            1  of mode            1  is converging towards the edge of the prior.
 Parameter            8  of mode            1  is converging towards the edge of the prior.

 MultiNest Warning!
 Parameter            1  of mode            1  is converging towards the edge of the prior.
 Parameter            8  of mode            1  is converging towards the edge of the prior.

 MultiNest Warning!
 Parameter            1  of mode            1  is converging towards the edge of the prior.
 Parameter            8  of mode            1  is converging towards the edge of the prior.

 MultiNest Warning!
 Parameter            1  of mode            1  is converging towards the edge of the prior.
 Parameter            8  of mode            1  is converging towards the edge of the prior.

 MultiNest Warning!
 Parameter            1  of mode            1  is converging towards the edge of the prior.
 Parameter            8  of mode            1  is converging towards the edge of the prior.

 MultiNest Warning!
 Parameter            1  of mode            1  is converging towards the edge of the prior.
 Parameter            8  of mode            1  is converging towards the edge of the prior.

 MultiNest Warning!
 Parameter            1  of mode            1  is converging towards the edge of the prior.
 Parameter            8  of mode            1  is converging towards the edge of the prior.

 MultiNest Warning!
 Parameter            1  of mode            1  is converging towards the edge of the prior.
 Parameter            8  of mode            1  is converging towards the edge of the prior.

 MultiNest Warning!
 Parameter            1  of mode            1  is converging towards the edge of the prior.
 Parameter            8  of mode            1  is converging towards the edge of the prior.

 MultiNest Warning!
 Parameter            1  of mode            1  is converging towards the edge of the prior.
 Parameter            8  of mode            1  is converging towards the edge of the prior.

 MultiNest Warning!
 Parameter            1  of mode            1  is converging towards the edge of the prior.
 Parameter            8  of mode            1  is converging towards the edge of the prior.

 MultiNest Warning!
 Parameter            1  of mode            1  is converging towards the edge of the prior.
 Parameter            8  of mode            1  is converging towards the edge of the prior.

 MultiNest Warning!
 Parameter            1  of mode            1  is converging towards the edge of the prior.
 Parameter            8  of mode            1  is converging towards the edge of the prior.

 MultiNest Warning!
 Parameter            1  of mode            1  is converging towards the edge of the prior.
 Parameter            8  of mode            1  is converging towards the edge of the prior.

 MultiNest Warning!
 Parameter            1  of mode            1  is converging towards the edge of the prior.
 Parameter            8  of mode            1  is converging towards the edge of the prior.

 MultiNest Warning!
 Parameter            1  of mode            1  is converging towards the edge of the prior.
 Parameter            8  of mode            1  is converging towards the edge of the prior.

 MultiNest Warning!
 Parameter            1  of mode            1  is converging towards the edge of the prior.
 Parameter            8  of mode            1  is converging towards the edge of the prior.

 MultiNest Warning!
 Parameter            1  of mode            1  is converging towards the edge of the prior.
 Parameter            8  of mode            1  is converging towards the edge of the prior.

 MultiNest Warning!
 Parameter            1  of mode            1  is converging towards the edge of the prior.
 Parameter            8  of mode            1  is converging towards the edge of the prior.

 MultiNest Warning!
 Parameter            1  of mode            1  is converging towards the edge of the prior.
 Parameter            8  of mode            1  is converging towards the edge of the prior.

 MultiNest Warning!
 Parameter            1  of mode            1  is converging towards the edge of the prior.
 Parameter            8  of mode            1  is converging towards the edge of the prior.

 MultiNest Warning!
 Parameter            1  of mode            1  is converging towards the edge of the prior.
 Parameter            8  of mode            1  is converging towards the edge of the prior.

 MultiNest Warning!
 Parameter            1  of mode            1  is converging towards the edge of the prior.
 Parameter            8  of mode            1  is converging towards the edge of the prior.

 MultiNest Warning!
 Parameter            1  of mode            1  is converging towards the edge of the prior.
 Parameter            8  of mode            1  is converging towards the edge of the prior.

 MultiNest Warning!
 Parameter            1  of mode            1  is converging towards the edge of the prior.
 Parameter            8  of mode            1  is converging towards the edge of the prior.

 MultiNest Warning!
 Parameter            1  of mode            1  is converging towards the edge of the prior.
 Parameter            8  of mode            1  is converging towards the edge of the prior.

 MultiNest Warning!
 Parameter            1  of mode            1  is converging towards the edge of the prior.
 Parameter            8  of mode            1  is converging towards the edge of the prior.

 MultiNest Warning!
 Parameter            1  of mode            1  is converging towards the edge of the prior.
 Parameter            8  of mode            1  is converging towards the edge of the prior.

 MultiNest Warning!
 Parameter            1  of mode            1  is converging towards the edge of the prior.
 Parameter            8  of mode            1  is converging towards the edge of the prior.

 MultiNest Warning!
 Parameter            1  of mode            1  is converging towards the edge of the prior.
 Parameter            8  of mode            1  is converging towards the edge of the prior.

 MultiNest Warning!
 Parameter            1  of mode            1  is converging towards the edge of the prior.
 Parameter            8  of mode            1  is converging towards the edge of the prior.

 MultiNest Warning!
 Parameter            1  of mode            1  is converging towards the edge of the prior.
 Parameter            8  of mode            1  is converging towards the edge of the prior.

 MultiNest Warning!
 Parameter            1  of mode            1  is converging towards the edge of the prior.
 Parameter            8  of mode            1  is converging towards the edge of the prior.

 MultiNest Warning!
 Parameter            1  of mode            1  is converging towards the edge of the prior.
 Parameter            8  of mode            1  is converging towards the edge of the prior.

 MultiNest Warning!
 Parameter            1  of mode            1  is converging towards the edge of the prior.
 Parameter            8  of mode            1  is converging towards the edge of the prior.

 MultiNest Warning!
 Parameter            1  of mode            1  is converging towards the edge of the prior.
 Parameter            8  of mode            1  is converging towards the edge of the prior.

 MultiNest Warning!
 Parameter            1  of mode            1  is converging towards the edge of the prior.
 Parameter            8  of mode            1  is converging towards the edge of the prior.

 MultiNest Warning!
 Parameter            1  of mode            1  is converging towards the edge of the prior.
 Parameter            8  of mode            1  is converging towards the edge of the prior.

 MultiNest Warning!
 Parameter            1  of mode            1  is converging towards the edge of the prior.
 Parameter            8  of mode            1  is converging towards the edge of the prior.

 MultiNest Warning!
 Parameter            1  of mode            1  is converging towards the edge of the prior.
 Parameter            8  of mode            1  is converging towards the edge of the prior.

 MultiNest Warning!
 Parameter            1  of mode            1  is converging towards the edge of the prior.
 Parameter            8  of mode            1  is converging towards the edge of the prior.

 MultiNest Warning!
 Parameter            1  of mode            1  is converging towards the edge of the prior.
 Parameter            8  of mode            1  is converging towards the edge of the prior.

 MultiNest Warning!
 Parameter            1  of mode            1  is converging towards the edge of the prior.
 Parameter            8  of mode            1  is converging towards the edge of the prior.

 MultiNest Warning!
 Parameter            1  of mode            1  is converging towards the edge of the prior.
 Parameter            8  of mode            1  is converging towards the edge of the prior.

 MultiNest Warning!
 Parameter            1  of mode            1  is converging towards the edge of the prior.
 Parameter            8  of mode            1  is converging towards the edge of the prior.

 MultiNest Warning!
 Parameter            1  of mode            1  is converging towards the edge of the prior.
 Parameter            8  of mode            1  is converging towards the edge of the prior.

 MultiNest Warning!
 Parameter            1  of mode            1  is converging towards the edge of the prior.
 Parameter            8  of mode            1  is converging towards the edge of the prior.

 MultiNest Warning!
 Parameter            1  of mode            1  is converging towards the edge of the prior.
 Parameter            8  of mode            1  is converging towards the edge of the prior.

 MultiNest Warning!
 Parameter            1  of mode            1  is converging towards the edge of the prior.
 Parameter            8  of mode            1  is converging towards the edge of the prior.

 MultiNest Warning!
 Parameter            1  of mode            1  is converging towards the edge of the prior.
 Parameter            8  of mode            1  is converging towards the edge of the prior.

 MultiNest Warning!
 Parameter            1  of mode            1  is converging towards the edge of the prior.
 Parameter            8  of mode            1  is converging towards the edge of the prior.

 MultiNest Warning!
 Parameter            1  of mode            1  is converging towards the edge of the prior.
 Parameter            8  of mode            1  is converging towards the edge of the prior.

 MultiNest Warning!
 Parameter            1  of mode            1  is converging towards the edge of the prior.
 Parameter            8  of mode            1  is converging towards the edge of the prior.

 MultiNest Warning!
 Parameter            1  of mode            1  is converging towards the edge of the prior.
 Parameter            8  of mode            1  is converging towards the edge of the prior.

 MultiNest Warning!
 Parameter            1  of mode            1  is converging towards the edge of the prior.
 Parameter            8  of mode            1  is converging towards the edge of the prior.

 MultiNest Warning!
 Parameter            1  of mode            1  is converging towards the edge of the prior.
 Parameter            8  of mode            1  is converging towards the edge of the prior.

 MultiNest Warning!
 Parameter            1  of mode            1  is converging towards the edge of the prior.
 Parameter            8  of mode            1  is converging towards the edge of the prior.

 MultiNest Warning!
 Parameter            1  of mode            1  is converging towards the edge of the prior.
 Parameter            8  of mode            1  is converging towards the edge of the prior.

 MultiNest Warning!
 Parameter            1  of mode            1  is converging towards the edge of the prior.
 Parameter            8  of mode            1  is converging towards the edge of the prior.

 MultiNest Warning!
 Parameter            1  of mode            1  is converging towards the edge of the prior.
 Parameter            8  of mode            1  is converging towards the edge of the prior.

 MultiNest Warning!
 Parameter            1  of mode            1  is converging towards the edge of the prior.
 Parameter            8  of mode            1  is converging towards the edge of the prior.

 MultiNest Warning!
 Parameter            1  of mode            1  is converging towards the edge of the prior.
 Parameter            8  of mode            1  is converging towards the edge of the prior.
/home/alex/.local/lib/python3.8/site-packages/bagpipes/models/star_formation_history.py:131: RuntimeWarning: divide by zero encountered in log10
  self.ssfr = np.log10(self.sfr) - self.stellar_mass
/home/alex/.local/lib/python3.8/site-packages/bagpipes/models/star_formation_history.py:132: RuntimeWarning: divide by zero encountered in log10
  self.nsfr = np.log10(self.sfr*self.age_of_universe) - self.formed_mass
Running initial exponential fit for 15oi_ubv+vis+nir_errmask_dered_deg4.22_phot...

Bagpipes: fitting object 15oi_ubv+vis+nir_errmask_dered_deg4.22_phot


Completed in 2692.5 seconds.

Parameter                          Posterior percentiles
                                16th       50th       84th
----------------------------------------------------------
dust:Av                        0.000      0.000      0.000
exponential:age                3.501      3.504      3.506
exponential:massformed        10.056     10.056     10.057
exponential:metallicity        0.937      0.942      0.946
exponential:tau                0.732      0.734      0.736
redshift                       0.048      0.048      0.048
t_bc                           0.007      0.010      0.013
veldisp                      150.010    150.038    150.105



Bagpipes: fitting object 15oi_ubv+vis+nir_errmask_dered_deg4.22_phot


Completed in 1845.2 seconds.

Parameter                          Posterior percentiles
                                16th       50th       84th
----------------------------------------------------------
delayed:age                    4.540      4.542      4.544
delayed:massformed            10.102     10.102     10.102
delayed:metallicity            0.905      0.909      0.914
delayed:tau                    0.667      0.669      0.670
dust:Av                        0.000      0.000      0.000
redshift                       0.048      0.048      0.048
t_bc                           0.006      0.010      0.013
veldisp                      150.011    150.040    150.108



Bagpipes: fitting object 15oi_ubv+vis+nir_errmask_dered_deg4.22_phot


Completed in 1938.8 seconds.

Parameter                          Posterior percentiles
                                16th       50th       84th
----------------------------------------------------------
dust:Av                        0.000      0.000      0.000
lognormal:fwhm                 2.890      2.896      2.902
lognormal:massformed          10.127     10.127     10.128
lognormal:metallicity          0.901      0.905      0.910
lognormal:tmax                 8.957      8.959      8.960
redshift                       0.048      0.048      0.048
t_bc                           0.007      0.010      0.013
veldisp                      150.009    150.038    150.099



Bagpipes: fitting object 15oi_ubv+vis+nir_errmask_dered_deg4.22_phot


Completed in 2032.1 seconds.

Parameter                          Posterior percentiles
                                16th       50th       84th
----------------------------------------------------------
burst:age                      1.292      1.340      1.379
burst:massformed               9.808      9.808      9.809
burst:metallicity              1.470      1.480      1.491
dust:Av                        0.026      0.028      0.030
exponential:age                5.893      6.007      6.177
exponential:massformed         9.033      9.040      9.047
exponential:metallicity        2.436      2.454      2.476
exponential:tau                0.035      0.065      0.103
redshift                       0.048      0.048      0.048
t_bc                           0.012      0.013      0.014
veldisp                      150.044    150.108    150.214


parameter     median     16th percentile     84th percentile
burst:age:  1.3416162436377201 1.2951097745334035 1.3791851274710354
burst:massformed:  9.808040041559895 9.80760385279134 9.808609756203765
burst:metallicity:  1.4800240400360098 1.4703460929174623 1.4912982902118377
dust:Av:  0.028007777002066265 0.02587305826038498 0.03026214435750261
exponential:age:  6.002124344112453 5.887330416808931 6.180853232127845
exponential:massformed:  9.039871220938945 9.033399159558556 9.046712401760423
exponential:metallicity:  2.4542170880993535 2.4352937127546865 2.4728987921585905
exponential:tau:  0.06480863973911377 0.03364489934683948 0.09997088167781502
redshift:  0.048403331495142254 0.0483999113768914 0.04840769000668258
t_bc:  0.01339390158388776 0.012454536578291858 0.014136816578814665
veldisp:  150.1108515248071 150.04768120557694 150.21520832659954
stellar_mass:  9.628703864888521 9.628149274303114 9.629274525126972
formed_mass:  9.876474750666944 9.875761309861291 9.877184415840171
sfr:  2.3759227685322614e-39 4.131373727435923e-78 2.2282473370951038e-25
ssfr:  -48.253787829572055 -87.04113334847302 -34.281421235917016
nsfr:  -38.39397064675354 -77.18137179923005 -24.421640385597055
mass_weighted_age:  2.0131171665974064 1.9653055992106374 2.050319840549601
tform:  10.800872195973831 10.76374979727316 10.848709645864899
tquench:  11.472817327954274 11.433678365793565 11.518347337793342
sfh:  6.185988559923386e-38 1.489630813038421e-97 9.369578345562058e-22
spectrum:  3.604704277647757e-16 1.376105919832926e-16 5.11370397873922e-16
spectrum_full:  3.011113963047184e-17 3.1870611870732e-18 3.898800185722201e-16
uvj:  -6.831946208121705 -7.7785717812021735 -5.094983849345226
dust_curve:  1.8115232308648224 0.23882360584288362 5.750042912784257

 MultiNest Warning!
 Parameter            1  of mode            1  is converging towards the edge of the prior.
 Parameter            8  of mode            1  is converging towards the edge of the prior.

 MultiNest Warning!
 Parameter            1  of mode            1  is converging towards the edge of the prior.
 Parameter            8  of mode            1  is converging towards the edge of the prior.

 MultiNest Warning!
 Parameter            1  of mode            1  is converging towards the edge of the prior.
 Parameter            8  of mode            1  is converging towards the edge of the prior.

 MultiNest Warning!
 Parameter            1  of mode            1  is converging towards the edge of the prior.
 Parameter            8  of mode            1  is converging towards the edge of the prior.

 MultiNest Warning!
 Parameter            1  of mode            1  is converging towards the edge of the prior.
 Parameter            8  of mode            1  is converging towards the edge of the prior.

 MultiNest Warning!
 Parameter            1  of mode            1  is converging towards the edge of the prior.
 Parameter            8  of mode            1  is converging towards the edge of the prior.

 MultiNest Warning!
 Parameter            1  of mode            1  is converging towards the edge of the prior.
 Parameter            8  of mode            1  is converging towards the edge of the prior.

 MultiNest Warning!
 Parameter            1  of mode            1  is converging towards the edge of the prior.
 Parameter            8  of mode            1  is converging towards the edge of the prior.

 MultiNest Warning!
 Parameter            1  of mode            1  is converging towards the edge of the prior.
 Parameter            8  of mode            1  is converging towards the edge of the prior.

 MultiNest Warning!
 Parameter            1  of mode            1  is converging towards the edge of the prior.
 Parameter            8  of mode            1  is converging towards the edge of the prior.

 MultiNest Warning!
 Parameter            1  of mode            1  is converging towards the edge of the prior.
 Parameter            8  of mode            1  is converging towards the edge of the prior.

 MultiNest Warning!
 Parameter            1  of mode            1  is converging towards the edge of the prior.
 Parameter            8  of mode            1  is converging towards the edge of the prior.

 MultiNest Warning!
 Parameter            1  of mode            1  is converging towards the edge of the prior.
 Parameter            8  of mode            1  is converging towards the edge of the prior.

 MultiNest Warning!
 Parameter            1  of mode            1  is converging towards the edge of the prior.
 Parameter            8  of mode            1  is converging towards the edge of the prior.

 MultiNest Warning!
 Parameter            1  of mode            1  is converging towards the edge of the prior.
 Parameter            8  of mode            1  is converging towards the edge of the prior.

 MultiNest Warning!
 Parameter            1  of mode            1  is converging towards the edge of the prior.
 Parameter            8  of mode            1  is converging towards the edge of the prior.

 MultiNest Warning!
 Parameter            1  of mode            1  is converging towards the edge of the prior.
 Parameter            8  of mode            1  is converging towards the edge of the prior.
 ln(ev)=  -15112.310939004163      +/-  0.34684073728209702     
 Total Likelihood Evaluations:       166718
 Sampling finished. Exiting MultiNest
 MultiNest Warning: no resume file found, starting from scratch
 *****************************************************
 MultiNest v3.10
 Copyright Farhan Feroz & Mike Hobson
 Release Jul 2015

 no. of live points =  400
 dimensionality =   11
 *****************************************************
 ln(ev)=  -13878.131461497969      +/-  0.38451456663637262     
 Total Likelihood Evaluations:       171515
 Sampling finished. Exiting MultiNest
