 MultiNest Warning: no resume file found, starting from scratch
 *****************************************************
 MultiNest v3.10
 Copyright Farhan Feroz & Mike Hobson
 Release Jul 2015

 no. of live points =  400
 dimensionality =   12
 *****************************************************
 ln(ev)=  -153.92116205589110      +/-  0.33410319383269954     
 Total Likelihood Evaluations:       546012
 Sampling finished. Exiting MultiNest
 MultiNest Warning: no resume file found, starting from scratch
 *****************************************************
 MultiNest v3.10
 Copyright Farhan Feroz & Mike Hobson
 Release Jul 2015

 no. of live points =  400
 dimensionality =   13
 *****************************************************
 Starting MultiNest
 generating live points
 live points generated, starting sampling
Acceptance Rate:                        0.978261
Replacements:                                450
Total Samples:                               460
Nested Sampling ln(Z):            **************
Acceptance Rate:                        0.959693
Replacements:                                500
Total Samples:                               521
Nested Sampling ln(Z):            **************
Acceptance Rate:                        0.933786
Replacements:                                550
Total Samples:                               589
Nested Sampling ln(Z):            **************
Acceptance Rate:                        0.899550
Replacements:                                600
Total Samples:                               667
Nested Sampling ln(Z):            **************
Acceptance Rate:                        0.862069
Replacements:                                650
Total Samples:                               754
Nested Sampling ln(Z):            **************
Acceptance Rate:                        0.825472
Replacements:                                700
Total Samples:                               848
Nested Sampling ln(Z):            **************
Acceptance Rate:                        0.784519
Replacements:                                750
Total Samples:                               956
Nested Sampling ln(Z):            **************
Acceptance Rate:                        0.740056
Replacements:                                800
Total Samples:                              1081
Nested Sampling ln(Z):            **************
Acceptance Rate:                        0.681090
Replacements:                                850
Total Samples:                              1248
Nested Sampling ln(Z):            **************
Acceptance Rate:                        0.652647
Replacements:                                900
Total Samples:                              1379
Nested Sampling ln(Z):            **************
Acceptance Rate:                        0.614489
Replacements:                                950
Total Samples:                              1546
Nested Sampling ln(Z):            **************
Acceptance Rate:                        0.593824
Replacements:                               1000
Total Samples:                              1684
Nested Sampling ln(Z):            **************
Acceptance Rate:                        0.583333
Replacements:                               1050
Total Samples:                              1800
Nested Sampling ln(Z):            **************
Acceptance Rate:                        0.573813
Replacements:                               1100
Total Samples:                              1917
Nested Sampling ln(Z):            **************
Acceptance Rate:                        0.562622
Replacements:                               1150
Total Samples:                              2044
Nested Sampling ln(Z):            **************
Acceptance Rate:                        0.549451
Replacements:                               1200
Total Samples:                              2184
Nested Sampling ln(Z):            **************
Acceptance Rate:                        0.541360
Replacements:                               1250
Total Samples:                              2309
Nested Sampling ln(Z):            **************
Acceptance Rate:                        0.535420
Replacements:                               1300
Total Samples:                              2428
Nested Sampling ln(Z):            **************
Acceptance Rate:                        0.534019
Replacements:                               1350
Total Samples:                              2528
Nested Sampling ln(Z):            **************
Acceptance Rate:                        0.525920
Replacements:                               1400
Total Samples:                              2662
Nested Sampling ln(Z):            **************
Acceptance Rate:                        0.522899
Replacements:                               1450
Total Samples:                              2773
Nested Sampling ln(Z):            **************
Acceptance Rate:                        0.518493
Replacements:                               1500
Total Samples:                              2893
Nested Sampling ln(Z):            **************
Acceptance Rate:                        0.510540
Replacements:                               1550
Total Samples:                              3036
Nested Sampling ln(Z):            **************
Acceptance Rate:                        0.502355
Replacements:                               1600
Total Samples:                              3185
Nested Sampling ln(Z):            **************
Acceptance Rate:                        0.496091
Replacements:                               1650
Total Samples:                              3326
Nested Sampling ln(Z):            **************
Acceptance Rate:                        0.490337
Replacements:                               1700
Total Samples:                              3467
Nested Sampling ln(Z):            **************
Acceptance Rate:                        0.479452
Replacements:                               1750
Total Samples:                              3650
Nested Sampling ln(Z):            **************
Acceptance Rate:                        0.471822
Replacements:                               1800
Total Samples:                              3815
Nested Sampling ln(Z):            **************
Acceptance Rate:                        0.455217
Replacements:                               1850
Total Samples:                              4064
Nested Sampling ln(Z):            **************
Acceptance Rate:                        0.446429
Replacements:                               1900
Total Samples:                              4256
Nested Sampling ln(Z):            **************
Acceptance Rate:                        0.430464
Replacements:                               1950
Total Samples:                              4530
Nested Sampling ln(Z):            **************
Acceptance Rate:                        0.421852
Replacements:                               2000
Total Samples:                              4741
Nested Sampling ln(Z):            **************
Acceptance Rate:                        0.412475
Replacements:                               2050
Total Samples:                              4970
Nested Sampling ln(Z):            **************
Acceptance Rate:                        0.407688
Replacements:                               2100
Total Samples:                              5151
Nested Sampling ln(Z):            **************
Acceptance Rate:                        0.397339
Replacements:                               2150
Total Samples:                              5411
Nested Sampling ln(Z):            **************
Acceptance Rate:                        0.387529
Replacements:                               2200
Total Samples:                              5677
Nested Sampling ln(Z):            **************
Acceptance Rate:                        0.377200
Replacements:                               2250
Total Samples:                              5965
Nested Sampling ln(Z):            -992569.566590
Acceptance Rate:                        0.369537
Replacements:                               2300
Total Samples:                              6224
Nested Sampling ln(Z):            -884884.167979
Acceptance Rate:                        0.360208
Replacements:                               2350
Total Samples:                              6524
Nested Sampling ln(Z):            -800082.759242
Acceptance Rate:                        0.351700
Replacements:                               2400
Total Samples:                              6824
Nested Sampling ln(Z):            -714233.597260
Acceptance Rate:                        0.344925
Replacements:                               2450
Total Samples:                              7103
Nested Sampling ln(Z):            -645212.926824
Acceptance Rate:                        0.333023
Replacements:                               2500
Total Samples:                              7507
Nested Sampling ln(Z):            -592938.188873
Acceptance Rate:                        0.325879
Replacements:                               2550
Total Samples:                              7825
Nested Sampling ln(Z):            -538632.313200
Acceptance Rate:                        0.316571
Replacements:                               2600
Total Samples:                              8213
Nested Sampling ln(Z):            -499900.947346
Acceptance Rate:                        0.300692
Replacements:                               2650
Total Samples:                              8813
Nested Sampling ln(Z):            -458515.300590
Acceptance Rate:                        0.291451
Replacements:                               2700
Total Samples:                              9264
Nested Sampling ln(Z):            -423720.808922
Acceptance Rate:                        0.281589
Replacements:                               2750
Total Samples:                              9766
Nested Sampling ln(Z):            -394738.374236
Acceptance Rate:                        0.275536
Replacements:                               2800
Total Samples:                             10162
Nested Sampling ln(Z):            -350413.658848
Acceptance Rate:                        0.268615
Replacements:                               2850
Total Samples:                             10610
Nested Sampling ln(Z):            -315339.651966
Acceptance Rate:                        0.263134
Replacements:                               2900
Total Samples:                             11021
Nested Sampling ln(Z):            -292695.967300
Acceptance Rate:                        0.253698
Replacements:                               2950
Total Samples:                             11628
Nested Sampling ln(Z):            -271921.274000
Acceptance Rate:                        0.244399
Replacements:                               3000
Total Samples:                             12275
Nested Sampling ln(Z):            -246864.236872
Acceptance Rate:                        0.236452
Replacements:                               3050
Total Samples:                             12899
Nested Sampling ln(Z):            -226409.503063
Acceptance Rate:                        0.230363
Replacements:                               3100
Total Samples:                             13457
Nested Sampling ln(Z):            -209734.143044
Acceptance Rate:                        0.224503
Replacements:                               3150
Total Samples:                             14031
Nested Sampling ln(Z):            -190088.075131
Acceptance Rate:                        0.219826
Replacements:                               3200
Total Samples:                             14557
Nested Sampling ln(Z):            -174139.114350
Acceptance Rate:                        0.214904
Replacements:                               3250
Total Samples:                             15123
Nested Sampling ln(Z):            -157949.220761
Acceptance Rate:                        0.211416
Replacements:                               3300
Total Samples:                             15609
Nested Sampling ln(Z):            -144707.819213
Acceptance Rate:                        0.206040
Replacements:                               3350
Total Samples:                             16259
Nested Sampling ln(Z):            -132342.258938
Acceptance Rate:                        0.201303
Replacements:                               3400
Total Samples:                             16890
Nested Sampling ln(Z):            -124144.715052
Acceptance Rate:                        0.196727
Replacements:                               3450
Total Samples:                             17537
Nested Sampling ln(Z):            -115179.610921
Acceptance Rate:                        0.191581
Replacements:                               3500
Total Samples:                             18269
Nested Sampling ln(Z):            -108461.264324
Acceptance Rate:                        0.186156
Replacements:                               3550
Total Samples:                             19070
Nested Sampling ln(Z):            -100929.944080
Acceptance Rate:                        0.182232
Replacements:                               3600
Total Samples:                             19755
Nested Sampling ln(Z):             -94014.450212
Acceptance Rate:                        0.178440
Replacements:                               3650
Total Samples:                             20455
Nested Sampling ln(Z):             -87973.802610
Acceptance Rate:                        0.173051
Replacements:                               3700
Total Samples:                             21381
Nested Sampling ln(Z):             -82078.809423
Acceptance Rate:                        0.167695
Replacements:                               3750
Total Samples:                             22362
Nested Sampling ln(Z):             -76466.122800
Acceptance Rate:                        0.162206
Replacements:                               3800
Total Samples:                             23427
Nested Sampling ln(Z):             -71213.024500
Acceptance Rate:                        0.158254
Replacements:                               3850
Total Samples:                             24328
Nested Sampling ln(Z):             -66374.401856
Acceptance Rate:                        0.154486
Replacements:                               3900
Total Samples:                             25245
Nested Sampling ln(Z):             -63296.576505
Acceptance Rate:                        0.150660
Replacements:                               3950
Total Samples:                             26218
Nested Sampling ln(Z):             -58979.147546
Acceptance Rate:                        0.145985
Replacements:                               4000
Total Samples:                             27400
Nested Sampling ln(Z):             -55361.804581
Acceptance Rate:                        0.142761
Replacements:                               4050
Total Samples:                             28369
Nested Sampling ln(Z):             -51951.614576
Acceptance Rate:                        0.140142
Replacements:                               4100
Total Samples:                             29256
Nested Sampling ln(Z):             -48740.013911
Acceptance Rate:                        0.136486
Replacements:                               4150
Total Samples:                             30406
Nested Sampling ln(Z):             -45582.282400
Acceptance Rate:                        0.133924
Replacements:                               4200
Total Samples:                             31361
Nested Sampling ln(Z):             -42456.852955
Acceptance Rate:                        0.131840
Replacements:                               4250
Total Samples:                             32236
Nested Sampling ln(Z):             -39750.445505
Acceptance Rate:                        0.128022
Replacements:                               4300
Total Samples:                             33588
Nested Sampling ln(Z):             -37689.497501
Acceptance Rate:                        0.125875
Replacements:                               4350
Total Samples:                             34558
Nested Sampling ln(Z):             -35394.840388
Acceptance Rate:                        0.122379
Replacements:                               4400
Total Samples:                             35954
