 MultiNest Warning: no resume file found, starting from scratch
 *****************************************************
 MultiNest v3.10
 Copyright Farhan Feroz & Mike Hobson
 Release Jul 2015

 no. of live points =  400
 dimensionality =   12
 *****************************************************
 ln(ev)=  -981.01933432844407      +/-  0.36428295519158960     
 Total Likelihood Evaluations:      3531414
 Sampling finished. Exiting MultiNest
 MultiNest Warning: no resume file found, starting from scratch
 *****************************************************
 MultiNest v3.10
 Copyright Farhan Feroz & Mike Hobson
 Release Jul 2015

 no. of live points =  400
 dimensionality =   13
 *****************************************************
 Starting MultiNest
 generating live points
 live points generated, starting sampling
Acceptance Rate:                        0.986842
Replacements:                                450
Total Samples:                               456
Nested Sampling ln(Z):            **************
Acceptance Rate:                        0.974659
Replacements:                                500
Total Samples:                               513
Nested Sampling ln(Z):            **************
Acceptance Rate:                        0.948276
Replacements:                                550
Total Samples:                               580
Nested Sampling ln(Z):            **************
Acceptance Rate:                        0.914634
Replacements:                                600
Total Samples:                               656
Nested Sampling ln(Z):            **************
Acceptance Rate:                        0.865513
Replacements:                                650
Total Samples:                               751
Nested Sampling ln(Z):            **************
Acceptance Rate:                        0.823529
Replacements:                                700
Total Samples:                               850
Nested Sampling ln(Z):            **************
Acceptance Rate:                        0.772400
Replacements:                                750
Total Samples:                               971
Nested Sampling ln(Z):            **************
Acceptance Rate:                        0.729927
Replacements:                                800
Total Samples:                              1096
Nested Sampling ln(Z):            **************
Acceptance Rate:                        0.686037
Replacements:                                850
Total Samples:                              1239
Nested Sampling ln(Z):            **************
Acceptance Rate:                        0.637394
Replacements:                                900
Total Samples:                              1412
Nested Sampling ln(Z):            **************
Acceptance Rate:                        0.591900
Replacements:                                950
Total Samples:                              1605
Nested Sampling ln(Z):            **************
Acceptance Rate:                        0.592066
Replacements:                               1000
Total Samples:                              1689
Nested Sampling ln(Z):            **************
Acceptance Rate:                        0.592885
Replacements:                               1050
Total Samples:                              1771
Nested Sampling ln(Z):            **************
Acceptance Rate:                        0.589496
Replacements:                               1100
Total Samples:                              1866
Nested Sampling ln(Z):            **************
Acceptance Rate:                        0.585540
Replacements:                               1150
Total Samples:                              1964
Nested Sampling ln(Z):            **************
Acceptance Rate:                        0.577478
Replacements:                               1200
Total Samples:                              2078
Nested Sampling ln(Z):            **************
Acceptance Rate:                        0.574449
Replacements:                               1250
Total Samples:                              2176
Nested Sampling ln(Z):            **************
Acceptance Rate:                        0.572940
Replacements:                               1300
Total Samples:                              2269
Nested Sampling ln(Z):            **************
Acceptance Rate:                        0.572276
Replacements:                               1350
Total Samples:                              2359
Nested Sampling ln(Z):            **************
Acceptance Rate:                        0.566343
Replacements:                               1400
Total Samples:                              2472
Nested Sampling ln(Z):            **************
Acceptance Rate:                        0.565523
Replacements:                               1450
Total Samples:                              2564
Nested Sampling ln(Z):            **************
Acceptance Rate:                        0.559910
Replacements:                               1500
Total Samples:                              2679
Nested Sampling ln(Z):            **************
Acceptance Rate:                        0.552191
Replacements:                               1550
Total Samples:                              2807
Nested Sampling ln(Z):            **************
Acceptance Rate:                        0.549262
Replacements:                               1600
Total Samples:                              2913
Nested Sampling ln(Z):            **************
Acceptance Rate:                        0.545815
Replacements:                               1650
Total Samples:                              3023
Nested Sampling ln(Z):            **************
Acceptance Rate:                        0.539511
Replacements:                               1700
Total Samples:                              3151
Nested Sampling ln(Z):            **************
Acceptance Rate:                        0.531915
Replacements:                               1750
Total Samples:                              3290
Nested Sampling ln(Z):            **************
Acceptance Rate:                        0.520984
Replacements:                               1800
Total Samples:                              3455
Nested Sampling ln(Z):            **************
Acceptance Rate:                        0.511615
Replacements:                               1850
Total Samples:                              3616
Nested Sampling ln(Z):            **************
Acceptance Rate:                        0.500923
Replacements:                               1900
Total Samples:                              3793
Nested Sampling ln(Z):            **************
Acceptance Rate:                        0.488967
Replacements:                               1950
Total Samples:                              3988
Nested Sampling ln(Z):            **************
Acceptance Rate:                        0.482975
Replacements:                               2000
Total Samples:                              4141
Nested Sampling ln(Z):            **************
Acceptance Rate:                        0.473441
Replacements:                               2050
Total Samples:                              4330
Nested Sampling ln(Z):            **************
Acceptance Rate:                        0.465942
Replacements:                               2100
Total Samples:                              4507
Nested Sampling ln(Z):            **************
Acceptance Rate:                        0.453109
Replacements:                               2150
Total Samples:                              4745
Nested Sampling ln(Z):            **************
Acceptance Rate:                        0.442834
Replacements:                               2200
Total Samples:                              4968
Nested Sampling ln(Z):            **************
Acceptance Rate:                        0.430622
Replacements:                               2250
Total Samples:                              5225
Nested Sampling ln(Z):            **************
Acceptance Rate:                        0.423963
Replacements:                               2300
Total Samples:                              5425
Nested Sampling ln(Z):            **************
Acceptance Rate:                        0.411775
Replacements:                               2350
Total Samples:                              5707
Nested Sampling ln(Z):            **************
Acceptance Rate:                        0.396760
Replacements:                               2400
Total Samples:                              6049
Nested Sampling ln(Z):            **************
Acceptance Rate:                        0.382036
Replacements:                               2450
Total Samples:                              6413
Nested Sampling ln(Z):            **************
Acceptance Rate:                        0.362792
Replacements:                               2500
Total Samples:                              6891
Nested Sampling ln(Z):            **************
Acceptance Rate:                        0.345435
Replacements:                               2550
Total Samples:                              7382
Nested Sampling ln(Z):            **************
Acceptance Rate:                        0.322501
Replacements:                               2600
Total Samples:                              8062
Nested Sampling ln(Z):            **************
Acceptance Rate:                        0.313387
Replacements:                               2650
Total Samples:                              8456
Nested Sampling ln(Z):            **************
Acceptance Rate:                        0.302826
Replacements:                               2700
Total Samples:                              8916
Nested Sampling ln(Z):            **************
Acceptance Rate:                        0.291963
Replacements:                               2750
Total Samples:                              9419
Nested Sampling ln(Z):            **************
Acceptance Rate:                        0.282857
Replacements:                               2800
Total Samples:                              9899
Nested Sampling ln(Z):            **************
Acceptance Rate:                        0.272649
Replacements:                               2850
Total Samples:                             10453
Nested Sampling ln(Z):            **************
Acceptance Rate:                        0.258790
Replacements:                               2900
Total Samples:                             11206
Nested Sampling ln(Z):            **************
Acceptance Rate:                        0.250595
Replacements:                               2950
Total Samples:                             11772
Nested Sampling ln(Z):            **************
Acceptance Rate:                        0.240096
Replacements:                               3000
Total Samples:                             12495
Nested Sampling ln(Z):            **************
Acceptance Rate:                        0.229582
Replacements:                               3050
Total Samples:                             13285
Nested Sampling ln(Z):            **************
Acceptance Rate:                        0.220092
Replacements:                               3100
Total Samples:                             14085
Nested Sampling ln(Z):            **************
Acceptance Rate:                        0.211480
Replacements:                               3150
Total Samples:                             14895
Nested Sampling ln(Z):            **************
Acceptance Rate:                        0.204499
Replacements:                               3200
Total Samples:                             15648
Nested Sampling ln(Z):            **************
Acceptance Rate:                        0.196197
Replacements:                               3250
Total Samples:                             16565
Nested Sampling ln(Z):            **************
Acceptance Rate:                        0.188863
Replacements:                               3300
Total Samples:                             17473
Nested Sampling ln(Z):            **************
Acceptance Rate:                        0.182482
Replacements:                               3350
Total Samples:                             18358
Nested Sampling ln(Z):            **************
Acceptance Rate:                        0.174834
Replacements:                               3400
Total Samples:                             19447
Nested Sampling ln(Z):            **************
Acceptance Rate:                        0.168663
Replacements:                               3450
Total Samples:                             20455
Nested Sampling ln(Z):            **************
Acceptance Rate:                        0.162912
Replacements:                               3500
Total Samples:                             21484
Nested Sampling ln(Z):            **************
Acceptance Rate:                        0.152741
Replacements:                               3550
Total Samples:                             23242
Nested Sampling ln(Z):            **************
Acceptance Rate:                        0.145196
Replacements:                               3600
Total Samples:                             24794
Nested Sampling ln(Z):            **************
Acceptance Rate:                        0.139895
Replacements:                               3650
Total Samples:                             26091
Nested Sampling ln(Z):            -954673.589554
Acceptance Rate:                        0.132171
Replacements:                               3700
Total Samples:                             27994
Nested Sampling ln(Z):            -875950.722924
Acceptance Rate:                        0.126254
Replacements:                               3750
Total Samples:                             29702
Nested Sampling ln(Z):            -801449.838545
Acceptance Rate:                        0.120025
Replacements:                               3800
Total Samples:                             31660
Nested Sampling ln(Z):            -731996.543418
Acceptance Rate:                        0.114427
Replacements:                               3850
Total Samples:                             33646
Nested Sampling ln(Z):            -677070.368688
Acceptance Rate:                        0.110369
Replacements:                               3900
Total Samples:                             35336
Nested Sampling ln(Z):            -611575.026538
Acceptance Rate:                        0.106587
Replacements:                               3950
Total Samples:                             37059
Nested Sampling ln(Z):            -559892.118855
Acceptance Rate:                        0.103794
Replacements:                               4000
Total Samples:                             38538
Nested Sampling ln(Z):            -524787.284559
Acceptance Rate:                        0.099445
Replacements:                               4050
Total Samples:                             40726
Nested Sampling ln(Z):            -475220.596578
Acceptance Rate:                        0.096316
Replacements:                               4100
Total Samples:                             42568
Nested Sampling ln(Z):            -438577.725942
Acceptance Rate:                        0.091924
Replacements:                               4150
Total Samples:                             45146
Nested Sampling ln(Z):            -404466.920262
Acceptance Rate:                        0.088694
Replacements:                               4200
Total Samples:                             47354
Nested Sampling ln(Z):            -371750.398467
Acceptance Rate:                        0.085343
Replacements:                               4250
Total Samples:                             49799
Nested Sampling ln(Z):            -346401.660301
Acceptance Rate:                        0.081693
Replacements:                               4300
Total Samples:                             52636
Nested Sampling ln(Z):            -320969.362153
Acceptance Rate:                        0.078146
Replacements:                               4350
Total Samples:                             55665
Nested Sampling ln(Z):            -298856.070897
Acceptance Rate:                        0.075790
Replacements:                               4400
Total Samples:                             58055
Nested Sampling ln(Z):            -278728.304389
Acceptance Rate:                        0.072948
Replacements:                               4450
Total Samples:                             61002
Nested Sampling ln(Z):            -260463.985789
Acceptance Rate:                        0.070157
Replacements:                               4500
Total Samples:                             64142
Nested Sampling ln(Z):            -244400.773170
Acceptance Rate:                        0.066819
Replacements:                               4550
Total Samples:                             68094
Nested Sampling ln(Z):            -229790.068754
Acceptance Rate:                        0.064919
Replacements:                               4600
Total Samples:                             70858
Nested Sampling ln(Z):            -215699.460030
Acceptance Rate:                        0.063122
Replacements:                               4650
Total Samples:                             73667
Nested Sampling ln(Z):            -200173.627246
Acceptance Rate:                        0.060086
Replacements:                               4700
Total Samples:                             78221
Nested Sampling ln(Z):            -188381.898176
Acceptance Rate:                        0.057975
Replacements:                               4750
Total Samples:                             81932
Nested Sampling ln(Z):            -177039.220051
Acceptance Rate:                        0.055543
Replacements:                               4800
Total Samples:                             86419
Nested Sampling ln(Z):            -166979.969874
Acceptance Rate:                        0.054244
Replacements:                               4850
Total Samples:                             89410
Nested Sampling ln(Z):            -158100.220236
Acceptance Rate:                        0.052753
Replacements:                               4900
Total Samples:                             92885
Nested Sampling ln(Z):            -149130.618941
Acceptance Rate:                        0.051524
Replacements:                               4950
Total Samples:                             96071
Nested Sampling ln(Z):            -139693.935249
Acceptance Rate:                        0.050352
Replacements:                               5000
Total Samples:                             99300
Nested Sampling ln(Z):            -132323.035845
Acceptance Rate:                        0.049159
Replacements:                               5050
Total Samples:                            102728
Nested Sampling ln(Z):            -123455.684691
Acceptance Rate:                        0.047685
Replacements:                               5100
Total Samples:                            106952
Nested Sampling ln(Z):            -117176.025505
Acceptance Rate:                        0.046375
Replacements:                               5150
Total Samples:                            111051
Nested Sampling ln(Z):            -111649.759799
Acceptance Rate:                        0.044591
Replacements:                               5200
Total Samples:                            116615
Nested Sampling ln(Z):            -105487.295598
Acceptance Rate:                        0.043176
Replacements:                               5250
Total Samples:                            121596
Nested Sampling ln(Z):            -102461.566998
Acceptance Rate:                        0.042262
Replacements:                               5300
Total Samples:                            125408
Nested Sampling ln(Z):             -96629.284963
Acceptance Rate:                        0.040909
Replacements:                               5350
Total Samples:                            130779
Nested Sampling ln(Z):             -91598.756725
Acceptance Rate:                        0.039755
Replacements:                               5400
Total Samples:                            135832
Nested Sampling ln(Z):             -86519.445030
Acceptance Rate:                        0.037971
Replacements:                               5450
Total Samples:                            143531
Nested Sampling ln(Z):             -81298.150956
Acceptance Rate:                        0.037003
Replacements:                               5500
Total Samples:                            148635
Nested Sampling ln(Z):             -78134.398186
Acceptance Rate:                        0.035871
Replacements:                               5550
Total Samples:                            154719
Nested Sampling ln(Z):             -74456.673747
Acceptance Rate:                        0.034770
Replacements:                               5600
Total Samples:                            161060
Nested Sampling ln(Z):             -71330.577452
Acceptance Rate:                        0.034039
Replacements:                               5650
Total Samples:                            165985
Nested Sampling ln(Z):             -68078.835893
Acceptance Rate:                        0.033007
Replacements:                               5700
Total Samples:                            172691
Nested Sampling ln(Z):             -64694.787029
Acceptance Rate:                        0.032543
Replacements:                               5750
Total Samples:                            176690
Nested Sampling ln(Z):             -62740.357508
Acceptance Rate:                        0.032068
Replacements:                               5800
Total Samples:                            180866
Nested Sampling ln(Z):             -60310.928731
Acceptance Rate:                        0.031560
Replacements:                               5850
Total Samples:                            185360
Nested Sampling ln(Z):             -57574.910452
Acceptance Rate:                        0.031025
Replacements:                               5900
Total Samples:                            190168
Nested Sampling ln(Z):             -54795.182910
Acceptance Rate:                        0.030321
Replacements:                               5950
Total Samples:                            196236
Nested Sampling ln(Z):             -51824.612570
Acceptance Rate:                        0.029841
Replacements:                               6000
Total Samples:                            201067
Nested Sampling ln(Z):             -48827.089219
Acceptance Rate:                        0.029550
Replacements:                               6050
Total Samples:                            204736
Nested Sampling ln(Z):             -46515.229350
Acceptance Rate:                        0.029214
Replacements:                               6100
Total Samples:                            208801
Nested Sampling ln(Z):             -44688.150379
Acceptance Rate:                        0.028960
Replacements:                               6150
Total Samples:                            212359
Nested Sampling ln(Z):             -42316.453790
Acceptance Rate:                        0.028581
Replacements:                               6200
Total Samples:                            216927
Nested Sampling ln(Z):             -40236.239422
Acceptance Rate:                        0.028292
Replacements:                               6250
Total Samples:                            220914
Nested Sampling ln(Z):             -38181.567934
Acceptance Rate:                        0.027906
Replacements:                               6300
Total Samples:                            225761
Nested Sampling ln(Z):             -36375.163172
Acceptance Rate:                        0.027497
Replacements:                               6350
Total Samples:                            230933
Nested Sampling ln(Z):             -34617.789071
Acceptance Rate:                        0.027250
Replacements:                               6400
Total Samples:                            234865
Nested Sampling ln(Z):             -32967.924224
Acceptance Rate:                        0.027068
Replacements:                               6450
Total Samples:                            238290
Nested Sampling ln(Z):             -31536.775923
Acceptance Rate:                        0.026861
Replacements:                               6500
Total Samples:                            241990
Nested Sampling ln(Z):             -30008.934293
Acceptance Rate:                        0.026590
Replacements:                               6550
Total Samples:                            246329
Nested Sampling ln(Z):             -28154.687998
Acceptance Rate:                        0.026352
Replacements:                               6600
Total Samples:                            250460
Nested Sampling ln(Z):             -26717.240658
Acceptance Rate:                        0.026066
Replacements:                               6650
Total Samples:                            255117
Nested Sampling ln(Z):             -25196.919087
Acceptance Rate:                        0.025850
Replacements:                               6700
Total Samples:                            259187
Nested Sampling ln(Z):             -23613.036680
Acceptance Rate:                        0.025627
Replacements:                               6750
Total Samples:                            263397
Nested Sampling ln(Z):             -22673.144477
Acceptance Rate:                        0.025401
Replacements:                               6800
Total Samples:                            267702
Nested Sampling ln(Z):             -21950.913079
Acceptance Rate:                        0.025225
Replacements:                               6850
Total Samples:                            271557
Nested Sampling ln(Z):             -21031.352421
Acceptance Rate:                        0.025050
Replacements:                               6900
Total Samples:                            275454
Nested Sampling ln(Z):             -20031.888154
Acceptance Rate:                        0.024913
Replacements:                               6950
Total Samples:                            278975
Nested Sampling ln(Z):             -19233.272696
Acceptance Rate:                        0.024760
Replacements:                               7000
Total Samples:                            282719
Nested Sampling ln(Z):             -18235.583823
Acceptance Rate:                        0.024636
Replacements:                               7050
Total Samples:                            286169
Nested Sampling ln(Z):             -17558.802042
Acceptance Rate:                        0.024565
Replacements:                               7100
Total Samples:                            289031
Nested Sampling ln(Z):             -16902.304095
Acceptance Rate:                        0.024499
Replacements:                               7150
Total Samples:                            291849
Nested Sampling ln(Z):             -16009.499808
Acceptance Rate:                        0.024381
Replacements:                               7200
Total Samples:                            295316
Nested Sampling ln(Z):             -15327.433237
Acceptance Rate:                        0.024258
Replacements:                               7250
Total Samples:                            298868
Nested Sampling ln(Z):             -14459.034292
Acceptance Rate:                        0.024104
Replacements:                               7300
Total Samples:                            302856
Nested Sampling ln(Z):             -13836.229593
Acceptance Rate:                        0.023970
Replacements:                               7350
Total Samples:                            306637
Nested Sampling ln(Z):             -13241.439357
Acceptance Rate:                        0.023803
Replacements:                               7400
Total Samples:                            310886
Nested Sampling ln(Z):             -12476.218647
Acceptance Rate:                        0.023691
Replacements:                               7450
Total Samples:                            314472
Nested Sampling ln(Z):             -11977.054614
Acceptance Rate:                        0.023579
Replacements:                               7500
Total Samples:                            318073
Nested Sampling ln(Z):             -11513.322955
Acceptance Rate:                        0.023422
Replacements:                               7550
Total Samples:                            322340
Nested Sampling ln(Z):             -11146.030270
Acceptance Rate:                        0.023352
Replacements:                               7600
Total Samples:                            325459
Nested Sampling ln(Z):             -10667.349850
Acceptance Rate:                        0.023153
Replacements:                               7650
Total Samples:                            330409
Nested Sampling ln(Z):             -10302.414699
Acceptance Rate:                        0.022980
Replacements:                               7700
Total Samples:                            335081
Nested Sampling ln(Z):              -9742.345120
Acceptance Rate:                        0.022856
Replacements:                               7750
Total Samples:                            339078
Nested Sampling ln(Z):              -9385.251489
Acceptance Rate:                        0.022683
Replacements:                               7800
Total Samples:                            343877
Nested Sampling ln(Z):              -9104.431047
Acceptance Rate:                        0.022599
Replacements:                               7850
Total Samples:                            347366
Nested Sampling ln(Z):              -8746.709020
Acceptance Rate:                        0.022502
Replacements:                               7900
Total Samples:                            351073
Nested Sampling ln(Z):              -8371.317920
Acceptance Rate:                        0.022329
Replacements:                               7950
Total Samples:                            356044
Nested Sampling ln(Z):              -8036.687010
Acceptance Rate:                        0.022195
Replacements:                               8000
Total Samples:                            360440
Nested Sampling ln(Z):              -7754.786732
Acceptance Rate:                        0.022057
Replacements:                               8050
Total Samples:                            364962
Nested Sampling ln(Z):              -7452.583610
Acceptance Rate:                        0.021810
Replacements:                               8100
Total Samples:                            371381
Nested Sampling ln(Z):              -7126.215734
Acceptance Rate:                        0.021684
Replacements:                               8150
Total Samples:                            375847
Nested Sampling ln(Z):              -6859.946280
Acceptance Rate:                        0.021568
Replacements:                               8200
Total Samples:                            380188
Nested Sampling ln(Z):              -6606.468994
Acceptance Rate:                        0.021448
Replacements:                               8250
Total Samples:                            384651
Nested Sampling ln(Z):              -6361.149346
Acceptance Rate:                        0.021296
Replacements:                               8300
Total Samples:                            389751
Nested Sampling ln(Z):              -6136.749314
Acceptance Rate:                        0.021176
Replacements:                               8350
Total Samples:                            394314
Nested Sampling ln(Z):              -5909.465780
Acceptance Rate:                        0.021083
Replacements:                               8400
Total Samples:                            398430
Nested Sampling ln(Z):              -5730.018001
Acceptance Rate:                        0.020974
Replacements:                               8450
Total Samples:                            402881
Nested Sampling ln(Z):              -5576.026130
Acceptance Rate:                        0.020855
Replacements:                               8500
Total Samples:                            407578
Nested Sampling ln(Z):              -5369.945122
Acceptance Rate:                        0.020739
Replacements:                               8550
Total Samples:                            412262
Nested Sampling ln(Z):              -5158.511221
Acceptance Rate:                        0.020647
Replacements:                               8600
Total Samples:                            416520
Nested Sampling ln(Z):              -4953.542930
Acceptance Rate:                        0.020575
Replacements:                               8650
Total Samples:                            420415
Nested Sampling ln(Z):              -4783.505206
Acceptance Rate:                        0.020402
Replacements:                               8700
Total Samples:                            426423
Nested Sampling ln(Z):              -4639.340015
Acceptance Rate:                        0.020248
Replacements:                               8750
Total Samples:                            432138
Nested Sampling ln(Z):              -4478.762811
Acceptance Rate:                        0.020095
Replacements:                               8800
Total Samples:                            437929
Nested Sampling ln(Z):              -4297.961850
Acceptance Rate:                        0.019979
Replacements:                               8850
Total Samples:                            442966
Nested Sampling ln(Z):              -4136.277695
Acceptance Rate:                        0.019798
Replacements:                               8900
Total Samples:                            449551
Nested Sampling ln(Z):              -3945.140134
Acceptance Rate:                        0.019680
Replacements:                               8950
Total Samples:                            454784
Nested Sampling ln(Z):              -3806.577780
Acceptance Rate:                        0.019506
Replacements:                               9000
Total Samples:                            461395
Nested Sampling ln(Z):              -3694.708383
Acceptance Rate:                        0.019354
Replacements:                               9050
Total Samples:                            467611
Nested Sampling ln(Z):              -3586.026434
Acceptance Rate:                        0.019198
Replacements:                               9100
Total Samples:                            473996
Nested Sampling ln(Z):              -3476.958647
Acceptance Rate:                        0.019013
Replacements:                               9150
Total Samples:                            481262
Nested Sampling ln(Z):              -3363.886821
Acceptance Rate:                        0.018899
Replacements:                               9200
Total Samples:                            486798
Nested Sampling ln(Z):              -3272.180065
Acceptance Rate:                        0.018744
Replacements:                               9250
Total Samples:                            493501
Nested Sampling ln(Z):              -3182.049770
Acceptance Rate:                        0.018616
Replacements:                               9300
Total Samples:                            499558
Nested Sampling ln(Z):              -3092.924732
Acceptance Rate:                        0.018466
Replacements:                               9350
Total Samples:                            506348
Nested Sampling ln(Z):              -3017.569649
Acceptance Rate:                        0.018350
Replacements:                               9400
Total Samples:                            512261
Nested Sampling ln(Z):              -2941.924275
Acceptance Rate:                        0.018185
Replacements:                               9450
Total Samples:                            519672
Nested Sampling ln(Z):              -2860.616208
Acceptance Rate:                        0.018078
Replacements:                               9500
Total Samples:                            525490
Nested Sampling ln(Z):              -2786.647732
Acceptance Rate:                        0.017917
Replacements:                               9550
Total Samples:                            533007
Nested Sampling ln(Z):              -2711.559477
Acceptance Rate:                        0.017804
Replacements:                               9600
Total Samples:                            539213
Nested Sampling ln(Z):              -2634.535942
Acceptance Rate:                        0.017636
Replacements:                               9650
Total Samples:                            547169
Nested Sampling ln(Z):              -2548.893148
Acceptance Rate:                        0.017492
Replacements:                               9700
Total Samples:                            554536
Nested Sampling ln(Z):              -2489.102833
Acceptance Rate:                        0.017352
Replacements:                               9750
Total Samples:                            561888
Nested Sampling ln(Z):              -2445.039532
Acceptance Rate:                        0.017230
Replacements:                               9800
Total Samples:                            568767
Nested Sampling ln(Z):              -2401.296831
Acceptance Rate:                        0.017062
Replacements:                               9850
Total Samples:                            577315
Nested Sampling ln(Z):              -2341.949672
Acceptance Rate:                        0.016885
Replacements:                               9900
Total Samples:                            586322
Nested Sampling ln(Z):              -2292.493747
Acceptance Rate:                        0.016710
Replacements:                               9950
Total Samples:                            595466
Nested Sampling ln(Z):              -2257.868667
Acceptance Rate:                        0.016592
Replacements:                              10000
Total Samples:                            602695
Nested Sampling ln(Z):              -2212.297784
Acceptance Rate:                        0.016503
Replacements:                              10050
Total Samples:                            608962
Nested Sampling ln(Z):              -2168.470843
Acceptance Rate:                        0.016354
Replacements:                              10100
Total Samples:                            617602
Nested Sampling ln(Z):              -2118.681092
Acceptance Rate:                        0.016193
Replacements:                              10150
Total Samples:                            626813
Nested Sampling ln(Z):              -2076.155194
Acceptance Rate:                        0.016064
Replacements:                              10200
Total Samples:                            634976
Nested Sampling ln(Z):              -2039.116819
Acceptance Rate:                        0.015895
Replacements:                              10250
Total Samples:                            644877
Nested Sampling ln(Z):              -2002.287572
Acceptance Rate:                        0.015743
Replacements:                              10300
Total Samples:                            654276
Nested Sampling ln(Z):              -1963.986856
Acceptance Rate:                        0.015612
Replacements:                              10350
Total Samples:                            662957
Nested Sampling ln(Z):              -1935.280353
Acceptance Rate:                        0.015441
Replacements:                              10400
Total Samples:                            673522
Nested Sampling ln(Z):              -1892.760876
Acceptance Rate:                        0.015247
Replacements:                              10450
Total Samples:                            685392
Nested Sampling ln(Z):              -1857.476559
Acceptance Rate:                        0.015075
Replacements:                              10500
Total Samples:                            696512
Nested Sampling ln(Z):              -1830.668866
Acceptance Rate:                        0.014958
Replacements:                              10550
Total Samples:                            705307
Nested Sampling ln(Z):              -1800.962944
Acceptance Rate:                        0.014806
Replacements:                              10600
Total Samples:                            715917
Nested Sampling ln(Z):              -1776.009408
Acceptance Rate:                        0.014640
Replacements:                              10650
Total Samples:                            727442
Nested Sampling ln(Z):              -1746.120922
Acceptance Rate:                        0.014511
Replacements:                              10700
Total Samples:                            737380
Nested Sampling ln(Z):              -1721.526261
Acceptance Rate:                        0.014363
Replacements:                              10750
Total Samples:                            748459
Nested Sampling ln(Z):              -1697.828317
Acceptance Rate:                        0.014130
Replacements:                              10800
Total Samples:                            764322
Nested Sampling ln(Z):              -1678.480325
Acceptance Rate:                        0.014047
Replacements:                              10850
Total Samples:                            772387
Nested Sampling ln(Z):              -1655.501439
Acceptance Rate:                        0.013947
Replacements:                              10900
Total Samples:                            781529
Nested Sampling ln(Z):              -1634.855197
Acceptance Rate:                        0.013805
Replacements:                              10950
Total Samples:                            793181
Nested Sampling ln(Z):              -1614.763733
Acceptance Rate:                        0.013677
Replacements:                              11000
Total Samples:                            804281
Nested Sampling ln(Z):              -1595.421588
Acceptance Rate:                        0.013510
Replacements:                              11050
Total Samples:                            817902
Nested Sampling ln(Z):              -1578.587829
Acceptance Rate:                        0.013436
Replacements:                              11100
Total Samples:                            826159
Nested Sampling ln(Z):              -1564.353661
Acceptance Rate:                        0.013365
Replacements:                              11150
Total Samples:                            834282
Nested Sampling ln(Z):              -1547.444581
Acceptance Rate:                        0.013235
Replacements:                              11200
Total Samples:                            846265
Nested Sampling ln(Z):              -1532.378846
Acceptance Rate:                        0.013162
Replacements:                              11250
Total Samples:                            854734
Nested Sampling ln(Z):              -1514.790297
Acceptance Rate:                        0.013058
Replacements:                              11300
Total Samples:                            865337
Nested Sampling ln(Z):              -1497.316609
Acceptance Rate:                        0.012968
Replacements:                              11350
Total Samples:                            875239
Nested Sampling ln(Z):              -1484.486925
Acceptance Rate:                        0.012867
Replacements:                              11400
Total Samples:                            885975
Nested Sampling ln(Z):              -1470.516009
Acceptance Rate:                        0.012799
Replacements:                              11450
Total Samples:                            894618
Nested Sampling ln(Z):              -1456.995350
Acceptance Rate:                        0.012730
Replacements:                              11500
Total Samples:                            903403
Nested Sampling ln(Z):              -1443.864369
Acceptance Rate:                        0.012668
Replacements:                              11550
Total Samples:                            911736
Nested Sampling ln(Z):              -1429.676447
Acceptance Rate:                        0.012573
Replacements:                              11600
Total Samples:                            922596
Nested Sampling ln(Z):              -1415.900929
Acceptance Rate:                        0.012490
Replacements:                              11650
Total Samples:                            932760
Nested Sampling ln(Z):              -1404.698353
Acceptance Rate:                        0.012386
Replacements:                              11700
Total Samples:                            944621
Nested Sampling ln(Z):              -1394.268136
Acceptance Rate:                        0.012299
Replacements:                              11750
Total Samples:                            955369
Nested Sampling ln(Z):              -1381.006212
Acceptance Rate:                        0.012215
Replacements:                              11800
Total Samples:                            966032
Nested Sampling ln(Z):              -1367.520566
Acceptance Rate:                        0.012129
Replacements:                              11850
Total Samples:                            976985
Nested Sampling ln(Z):              -1355.859219
Acceptance Rate:                        0.012055
Replacements:                              11900
Total Samples:                            987120
Nested Sampling ln(Z):              -1346.155332
Acceptance Rate:                        0.011997
Replacements:                              11950
Total Samples:                            996068
Nested Sampling ln(Z):              -1337.956889
Acceptance Rate:                        0.011907
Replacements:                              12000
Total Samples:                           1007837
Nested Sampling ln(Z):              -1330.866656
Acceptance Rate:                        0.011818
Replacements:                              12050
Total Samples:                           1019608
Nested Sampling ln(Z):              -1321.856859
Acceptance Rate:                        0.011737
Replacements:                              12100
Total Samples:                           1030947
Nested Sampling ln(Z):              -1314.907395
Acceptance Rate:                        0.011679
Replacements:                              12150
Total Samples:                           1040344
Nested Sampling ln(Z):              -1304.543208
Acceptance Rate:                        0.011573
Replacements:                              12200
Total Samples:                           1054203
Nested Sampling ln(Z):              -1296.097124
Acceptance Rate:                        0.011461
Replacements:                              12250
Total Samples:                           1068809
Nested Sampling ln(Z):              -1286.749580
Acceptance Rate:                        0.011370
Replacements:                              12300
Total Samples:                           1081764
Nested Sampling ln(Z):              -1278.964101
Acceptance Rate:                        0.011306
Replacements:                              12350
Total Samples:                           1092376
Nested Sampling ln(Z):              -1272.439662
Acceptance Rate:                        0.011189
Replacements:                              12400
Total Samples:                           1108189
Nested Sampling ln(Z):              -1265.711444
Acceptance Rate:                        0.011122
Replacements:                              12450
Total Samples:                           1119359
Nested Sampling ln(Z):              -1259.848621
Acceptance Rate:                        0.011031
Replacements:                              12500
Total Samples:                           1133122
Nested Sampling ln(Z):              -1253.548740
Acceptance Rate:                        0.010960
Replacements:                              12550
Total Samples:                           1145051
Nested Sampling ln(Z):              -1246.872723
Acceptance Rate:                        0.010911
Replacements:                              12600
Total Samples:                           1154825
Nested Sampling ln(Z):              -1241.730213
Acceptance Rate:                        0.010846
Replacements:                              12650
Total Samples:                           1166313
Nested Sampling ln(Z):              -1235.601149
Acceptance Rate:                        0.010765
Replacements:                              12700
Total Samples:                           1179725
Nested Sampling ln(Z):              -1229.553348
Acceptance Rate:                        0.010682
Replacements:                              12750
Total Samples:                           1193629
Nested Sampling ln(Z):              -1224.240620
Acceptance Rate:                        0.010602
Replacements:                              12811
Total Samples:                           1208392
Nested Sampling ln(Z):              -1217.412649
Acceptance Rate:                        0.010459
Replacements:                              12911
Total Samples:                           1234422
Nested Sampling ln(Z):              -1200.934388
Acceptance Rate:                        0.010319
Replacements:                              13011
Total Samples:                           1260839
Nested Sampling ln(Z):              -1186.951632
Acceptance Rate:                        0.010171
Replacements:                              13111
Total Samples:                           1289050
Nested Sampling ln(Z):              -1178.430596
Acceptance Rate:                        0.010031
Replacements:                              13211
Total Samples:                           1317043
Nested Sampling ln(Z):              -1170.625382
Acceptance Rate:                        0.009871
Replacements:                              13311
Total Samples:                           1348519
Nested Sampling ln(Z):              -1162.894789
Acceptance Rate:                        0.009725
Replacements:                              13411
Total Samples:                           1379056
Nested Sampling ln(Z):              -1156.510327
Acceptance Rate:                        0.009613
Replacements:                              13511
Total Samples:                           1405457
Nested Sampling ln(Z):              -1150.556546
Acceptance Rate:                        0.009473
Replacements:                              13611
Total Samples:                           1436840
Nested Sampling ln(Z):              -1147.194465
Acceptance Rate:                        0.009331
Replacements:                              13711
Total Samples:                           1469347
Nested Sampling ln(Z):              -1144.651677
Acceptance Rate:                        0.009176
Replacements:                              13811
Total Samples:                           1505106
Nested Sampling ln(Z):              -1142.307183
Acceptance Rate:                        0.009030
Replacements:                              13911
Total Samples:                           1540523
Nested Sampling ln(Z):              -1140.219319
Acceptance Rate:                        0.008850
Replacements:                              14011
Total Samples:                           1583130
Nested Sampling ln(Z):              -1138.898740
Acceptance Rate:                        0.008711
Replacements:                              14111
Total Samples:                           1619864
Nested Sampling ln(Z):              -1137.407004
Acceptance Rate:                        0.008578
Replacements:                              14211
Total Samples:                           1656693
Nested Sampling ln(Z):              -1133.072546
Acceptance Rate:                        0.008435
Replacements:                              14311
Total Samples:                           1696589
Nested Sampling ln(Z):              -1127.650474
Acceptance Rate:                        0.008251
Replacements:                              14411
Total Samples:                           1746485
Nested Sampling ln(Z):              -1123.571753
Acceptance Rate:                        0.008085
Replacements:                              14511
Total Samples:                           1794791
Nested Sampling ln(Z):              -1119.515422
Acceptance Rate:                        0.007927
Replacements:                              14611
Total Samples:                           1843103
Nested Sampling ln(Z):              -1114.923276
Acceptance Rate:                        0.007787
Replacements:                              14711
Total Samples:                           1889110
Nested Sampling ln(Z):              -1111.202069
Acceptance Rate:                        0.007732
Replacements:                              14780
Total Samples:                           1911441
Nested Sampling ln(Z):              -1107.035136
Acceptance Rate:                        0.007698
Replacements:                              14830
Total Samples:                           1926503
Nested Sampling ln(Z):              -1102.326983
Acceptance Rate:                        0.007675
Replacements:                              14880
Total Samples:                           1938669
Nested Sampling ln(Z):              -1097.823157
Acceptance Rate:                        0.007647
Replacements:                              14930
Total Samples:                           1952306
Nested Sampling ln(Z):              -1094.005076
Acceptance Rate:                        0.007621
Replacements:                              14980
Total Samples:                           1965614
Nested Sampling ln(Z):              -1090.132458
Acceptance Rate:                        0.007598
Replacements:                              15030
Total Samples:                           1978278
Nested Sampling ln(Z):              -1086.005199
Acceptance Rate:                        0.007578
Replacements:                              15080
Total Samples:                           1989946
Nested Sampling ln(Z):              -1082.925254
Acceptance Rate:                        0.007570
Replacements:                              15130
Total Samples:                           1998710
Nested Sampling ln(Z):              -1080.161525
Acceptance Rate:                        0.007540
Replacements:                              15180
Total Samples:                           2013196
Nested Sampling ln(Z):              -1076.541762
Acceptance Rate:                        0.007518
Replacements:                              15230
Total Samples:                           2025865
Nested Sampling ln(Z):              -1073.703288
Acceptance Rate:                        0.007507
Replacements:                              15280
Total Samples:                           2035538
Nested Sampling ln(Z):              -1070.767022
Acceptance Rate:                        0.007492
Replacements:                              15330
Total Samples:                           2046110
Nested Sampling ln(Z):              -1067.937007
Acceptance Rate:                        0.007477
Replacements:                              15380
Total Samples:                           2057111
Nested Sampling ln(Z):              -1064.846718
Acceptance Rate:                        0.007469
Replacements:                              15430
Total Samples:                           2065762
Nested Sampling ln(Z):              -1061.950525
Acceptance Rate:                        0.007454
Replacements:                              15480
Total Samples:                           2076660
Nested Sampling ln(Z):              -1059.023770
Acceptance Rate:                        0.007445
Replacements:                              15530
Total Samples:                           2086083
Nested Sampling ln(Z):              -1056.542777
Acceptance Rate:                        0.007446
Replacements:                              15580
Total Samples:                           2092496
Nested Sampling ln(Z):              -1054.003866
Acceptance Rate:                        0.007440
Replacements:                              15630
Total Samples:                           2100812
Nested Sampling ln(Z):              -1050.776323
Acceptance Rate:                        0.007436
Replacements:                              15680
Total Samples:                           2108553
Nested Sampling ln(Z):              -1048.292839
Acceptance Rate:                        0.007428
Replacements:                              15730
Total Samples:                           2117793
Nested Sampling ln(Z):              -1045.640676
Acceptance Rate:                        0.007417
Replacements:                              15780
Total Samples:                           2127569
Nested Sampling ln(Z):              -1043.121526
Acceptance Rate:                        0.007416
Replacements:                              15830
Total Samples:                           2134621
Nested Sampling ln(Z):              -1040.590429
Acceptance Rate:                        0.007416
Replacements:                              15880
Total Samples:                           2141211
Nested Sampling ln(Z):              -1037.921355
Acceptance Rate:                        0.007420
Replacements:                              15930
Total Samples:                           2146903
Nested Sampling ln(Z):              -1035.251314
Acceptance Rate:                        0.007418
Replacements:                              15980
Total Samples:                           2154182
Nested Sampling ln(Z):              -1032.480880
Acceptance Rate:                        0.007419
Replacements:                              16030
Total Samples:                           2160722
Nested Sampling ln(Z):              -1030.196260
Acceptance Rate:                        0.007421
Replacements:                              16080
Total Samples:                           2166804
Nested Sampling ln(Z):              -1027.772602
Acceptance Rate:                        0.007416
Replacements:                              16130
Total Samples:                           2175163
Nested Sampling ln(Z):              -1025.493656
Acceptance Rate:                        0.007411
Replacements:                              16180
Total Samples:                           2183355
Nested Sampling ln(Z):              -1022.783303
Acceptance Rate:                        0.007408
Replacements:                              16230
Total Samples:                           2190929
Nested Sampling ln(Z):              -1020.760241
Acceptance Rate:                        0.007404
Replacements:                              16280
Total Samples:                           2198929
Nested Sampling ln(Z):              -1018.588200
Acceptance Rate:                        0.007407
Replacements:                              16330
Total Samples:                           2204804
Nested Sampling ln(Z):              -1016.416394
Acceptance Rate:                        0.007404
Replacements:                              16380
Total Samples:                           2212230
Nested Sampling ln(Z):              -1014.332037
Acceptance Rate:                        0.007400
Replacements:                              16430
Total Samples:                           2220399
Nested Sampling ln(Z):              -1012.471065
Acceptance Rate:                        0.007394
Replacements:                              16480
Total Samples:                           2228855
Nested Sampling ln(Z):              -1010.695835
Acceptance Rate:                        0.007388
Replacements:                              16530
Total Samples:                           2237381
Nested Sampling ln(Z):              -1008.869347
Acceptance Rate:                        0.007378
Replacements:                              16580
Total Samples:                           2247132
Nested Sampling ln(Z):              -1006.996851
Acceptance Rate:                        0.007363
Replacements:                              16630
Total Samples:                           2258628
Nested Sampling ln(Z):              -1005.270516
Acceptance Rate:                        0.007346
Replacements:                              16680
Total Samples:                           2270687
Nested Sampling ln(Z):              -1003.509362
Acceptance Rate:                        0.007334
Replacements:                              16730
Total Samples:                           2281202
Nested Sampling ln(Z):              -1001.947163
Acceptance Rate:                        0.007321
Replacements:                              16780
Total Samples:                           2291918
Nested Sampling ln(Z):              -1000.393300
Acceptance Rate:                        0.007317
Replacements:                              16830
Total Samples:                           2300235
Nested Sampling ln(Z):               -998.908219
Acceptance Rate:                        0.007294
Replacements:                              16880
Total Samples:                           2314109
Nested Sampling ln(Z):               -997.244560
Acceptance Rate:                        0.007288
Replacements:                              16930
Total Samples:                           2323075
Nested Sampling ln(Z):               -995.754387
Acceptance Rate:                        0.007275
Replacements:                              16980
Total Samples:                           2333869
Nested Sampling ln(Z):               -994.557276
Acceptance Rate:                        0.007264
Replacements:                              17030
Total Samples:                           2344486
Nested Sampling ln(Z):               -993.212761
Acceptance Rate:                        0.007251
Replacements:                              17080
Total Samples:                           2355463
Nested Sampling ln(Z):               -991.905275
Acceptance Rate:                        0.007236
Replacements:                              17130
Total Samples:                           2367485
Nested Sampling ln(Z):               -990.621858
Acceptance Rate:                        0.007210
Replacements:                              17180
Total Samples:                           2382812
Nested Sampling ln(Z):               -989.388008
Acceptance Rate:                        0.007190
Replacements:                              17230
Total Samples:                           2396503
Nested Sampling ln(Z):               -988.289531
Acceptance Rate:                        0.007164
Replacements:                              17280
Total Samples:                           2412001
Nested Sampling ln(Z):               -987.231055
Acceptance Rate:                        0.007139
Replacements:                              17330
Total Samples:                           2427439
Nested Sampling ln(Z):               -985.980756
Acceptance Rate:                        0.007108
Replacements:                              17380
Total Samples:                           2445164
Nested Sampling ln(Z):               -984.898288
Acceptance Rate:                        0.007090
Replacements:                              17430
Total Samples:                           2458405
Nested Sampling ln(Z):               -983.929053
Acceptance Rate:                        0.007074
Replacements:                              17480
Total Samples:                           2471163
Nested Sampling ln(Z):               -982.982186
Acceptance Rate:                        0.007046
Replacements:                              17530
Total Samples:                           2487888
Nested Sampling ln(Z):               -981.962219
Acceptance Rate:                        0.007019
Replacements:                              17580
Total Samples:                           2504760
Nested Sampling ln(Z):               -981.005546
Acceptance Rate:                        0.006988
Replacements:                              17630
Total Samples:                           2523059
Nested Sampling ln(Z):               -980.086077
Acceptance Rate:                        0.006968
Replacements:                              17680
Total Samples:                           2537181
Nested Sampling ln(Z):               -979.281456
Acceptance Rate:                        0.006939
Replacements:                              17730
Total Samples:                           2555056
Nested Sampling ln(Z):               -978.561967
Acceptance Rate:                        0.006909
Replacements:                              17780
Total Samples:                           2573490
Nested Sampling ln(Z):               -977.826936
Acceptance Rate:                        0.006879
Replacements:                              17830
Total Samples:                           2591939
Nested Sampling ln(Z):               -977.095069
Acceptance Rate:                        0.006853
Replacements:                              17880
Total Samples:                           2609066
Nested Sampling ln(Z):               -976.403371
Acceptance Rate:                        0.006835
Replacements:                              17930
Total Samples:                           2623414
Nested Sampling ln(Z):               -975.798204
Acceptance Rate:                        0.006818
Replacements:                              17980
Total Samples:                           2637229
Nested Sampling ln(Z):               -975.124422
Acceptance Rate:                        0.006793
Replacements:                              18030
Total Samples:                           2654291
Nested Sampling ln(Z):               -974.458105
Acceptance Rate:                        0.006774
Replacements:                              18080
Total Samples:                           2668906
Nested Sampling ln(Z):               -973.903696
Acceptance Rate:                        0.006753
Replacements:                              18130
Total Samples:                           2684886
Nested Sampling ln(Z):               -973.317834
Acceptance Rate:                        0.006731
Replacements:                              18180
Total Samples:                           2700846
Nested Sampling ln(Z):               -972.751370
Acceptance Rate:                        0.006720
Replacements:                              18230
Total Samples:                           2712705
Nested Sampling ln(Z):               -972.172126
Acceptance Rate:                        0.006708
Replacements:                              18280
Total Samples:                           2725167
Nested Sampling ln(Z):               -971.617662
Acceptance Rate:                        0.006703
Replacements:                              18330
Total Samples:                           2734648
Nested Sampling ln(Z):               -971.100568
Acceptance Rate:                        0.006703
Replacements:                              18380
Total Samples:                           2742210
Nested Sampling ln(Z):               -970.648504
Acceptance Rate:                        0.006698
Replacements:                              18430
Total Samples:                           2751767
Nested Sampling ln(Z):               -970.186251
Acceptance Rate:                        0.006701
Replacements:                              18480
Total Samples:                           2757686
Nested Sampling ln(Z):               -969.717544
Acceptance Rate:                        0.006707
Replacements:                              18530
Total Samples:                           2762965
Nested Sampling ln(Z):               -969.275119
Acceptance Rate:                        0.006710
Replacements:                              18580
Total Samples:                           2769123
Nested Sampling ln(Z):               -968.850367
Acceptance Rate:                        0.006712
Replacements:                              18630
Total Samples:                           2775446
Nested Sampling ln(Z):               -968.378748
Acceptance Rate:                        0.006720
Replacements:                              18680
Total Samples:                           2779654
Nested Sampling ln(Z):               -967.906163
Acceptance Rate:                        0.006729
Replacements:                              18730
Total Samples:                           2783635
Nested Sampling ln(Z):               -967.466451
Acceptance Rate:                        0.006737
Replacements:                              18780
Total Samples:                           2787654
Nested Sampling ln(Z):               -967.021247
Acceptance Rate:                        0.006741
Replacements:                              18830
Total Samples:                           2793227
Nested Sampling ln(Z):               -966.606672
Acceptance Rate:                        0.006747
Replacements:                              18880
Total Samples:                           2798472
Nested Sampling ln(Z):               -966.168462
Acceptance Rate:                        0.006756
Replacements:                              18930
Total Samples:                           2802076
Nested Sampling ln(Z):               -965.766416
Acceptance Rate:                        0.006763
Replacements:                              18980
Total Samples:                           2806468
Nested Sampling ln(Z):               -965.341803
Acceptance Rate:                        0.006774
Replacements:                              19030
Total Samples:                           2809453
Nested Sampling ln(Z):               -964.868531
Acceptance Rate:                        0.006782
Replacements:                              19080
Total Samples:                           2813478
Nested Sampling ln(Z):               -964.410369
Acceptance Rate:                        0.006789
Replacements:                              19130
Total Samples:                           2817829
Nested Sampling ln(Z):               -963.976085
Acceptance Rate:                        0.006799
Replacements:                              19180
Total Samples:                           2820949
Nested Sampling ln(Z):               -963.521902
Acceptance Rate:                        0.006809
Replacements:                              19230
Total Samples:                           2824331
Nested Sampling ln(Z):               -963.036513
Acceptance Rate:                        0.006820
Replacements:                              19280
Total Samples:                           2826787
Nested Sampling ln(Z):               -962.537780
Acceptance Rate:                        0.006830
Replacements:                              19330
Total Samples:                           2830253
Nested Sampling ln(Z):               -961.988891
Acceptance Rate:                        0.006841
Replacements:                              19380
Total Samples:                           2832810
Nested Sampling ln(Z):               -961.472743
Acceptance Rate:                        0.006850
Replacements:                              19430
Total Samples:                           2836472
Nested Sampling ln(Z):               -960.990370
Acceptance Rate:                        0.006861
Replacements:                              19480
Total Samples:                           2839426
Nested Sampling ln(Z):               -960.560541
Acceptance Rate:                        0.006869
Replacements:                              19530
Total Samples:                           2843153
Nested Sampling ln(Z):               -960.038824
Acceptance Rate:                        0.006876
Replacements:                              19580
Total Samples:                           2847527
Nested Sampling ln(Z):               -959.457058
Acceptance Rate:                        0.006885
Replacements:                              19630
Total Samples:                           2851255
Nested Sampling ln(Z):               -958.949533
Acceptance Rate:                        0.006896
Replacements:                              19680
Total Samples:                           2854015
Nested Sampling ln(Z):               -958.475223
Acceptance Rate:                        0.006905
Replacements:                              19730
Total Samples:                           2857530
Nested Sampling ln(Z):               -957.961126
Acceptance Rate:                        0.006913
Replacements:                              19780
Total Samples:                           2861206
Nested Sampling ln(Z):               -957.385476
Acceptance Rate:                        0.006923
Replacements:                              19830
Total Samples:                           2864258
Nested Sampling ln(Z):               -956.887950
Acceptance Rate:                        0.006933
Replacements:                              19880
Total Samples:                           2867630
Nested Sampling ln(Z):               -956.365894
Acceptance Rate:                        0.006941
Replacements:                              19930
Total Samples:                           2871343
Nested Sampling ln(Z):               -955.888296
Acceptance Rate:                        0.006950
Replacements:                              19980
Total Samples:                           2874921
Nested Sampling ln(Z):               -955.447596
Acceptance Rate:                        0.006956
Replacements:                              20030
Total Samples:                           2879438
Nested Sampling ln(Z):               -955.005137
Acceptance Rate:                        0.006967
Replacements:                              20080
Total Samples:                           2882259
Nested Sampling ln(Z):               -954.561865
Acceptance Rate:                        0.006975
Replacements:                              20130
Total Samples:                           2886136
Nested Sampling ln(Z):               -954.098756
Acceptance Rate:                        0.006981
Replacements:                              20180
Total Samples:                           2890645
Nested Sampling ln(Z):               -953.640417
Acceptance Rate:                        0.006989
Replacements:                              20230
Total Samples:                           2894375
Nested Sampling ln(Z):               -953.166845
Acceptance Rate:                        0.006998
Replacements:                              20280
Total Samples:                           2897979
Nested Sampling ln(Z):               -952.732474
Acceptance Rate:                        0.007006
Replacements:                              20330
Total Samples:                           2901909
Nested Sampling ln(Z):               -952.255363
Acceptance Rate:                        0.007014
Replacements:                              20380
Total Samples:                           2905647
Nested Sampling ln(Z):               -951.739559
Acceptance Rate:                        0.007022
Replacements:                              20430
Total Samples:                           2909538
Nested Sampling ln(Z):               -951.235557
Acceptance Rate:                        0.007033
Replacements:                              20480
Total Samples:                           2912142
Nested Sampling ln(Z):               -950.733483
Acceptance Rate:                        0.007040
Replacements:                              20530
Total Samples:                           2916138
Nested Sampling ln(Z):               -950.222889
Acceptance Rate:                        0.007050
Replacements:                              20580
Total Samples:                           2919055
Nested Sampling ln(Z):               -949.707522
Acceptance Rate:                        0.007060
Replacements:                              20630
Total Samples:                           2921999
Nested Sampling ln(Z):               -949.190516
Acceptance Rate:                        0.007067
Replacements:                              20680
Total Samples:                           2926235
Nested Sampling ln(Z):               -948.698583
Acceptance Rate:                        0.007077
Replacements:                              20730
Total Samples:                           2929322
Nested Sampling ln(Z):               -948.223609
Acceptance Rate:                        0.007083
Replacements:                              20780
Total Samples:                           2933688
Nested Sampling ln(Z):               -947.721488
Acceptance Rate:                        0.007091
Replacements:                              20830
Total Samples:                           2937333
Nested Sampling ln(Z):               -947.243176
Acceptance Rate:                        0.007099
Replacements:                              20880
Total Samples:                           2941146
Nested Sampling ln(Z):               -946.779660
Acceptance Rate:                        0.007106
Replacements:                              20930
Total Samples:                           2945322
Nested Sampling ln(Z):               -946.345808
Acceptance Rate:                        0.007116
Replacements:                              20980
Total Samples:                           2948421
Nested Sampling ln(Z):               -945.907712
Acceptance Rate:                        0.007125
Replacements:                              21030
Total Samples:                           2951612
Nested Sampling ln(Z):               -945.427822
Acceptance Rate:                        0.007133
Replacements:                              21080
Total Samples:                           2955274
Nested Sampling ln(Z):               -944.933517
Acceptance Rate:                        0.007141
Replacements:                              21130
Total Samples:                           2958810
Nested Sampling ln(Z):               -944.425470
Acceptance Rate:                        0.007149
Replacements:                              21180
Total Samples:                           2962447
Nested Sampling ln(Z):               -943.949636
Acceptance Rate:                        0.007158
Replacements:                              21230
Total Samples:                           2966063
Nested Sampling ln(Z):               -943.452449
Acceptance Rate:                        0.007166
Replacements:                              21280
Total Samples:                           2969447
Nested Sampling ln(Z):               -942.998038
Acceptance Rate:                        0.007174
Replacements:                              21330
Total Samples:                           2973403
Nested Sampling ln(Z):               -942.579223
Acceptance Rate:                        0.007185
Replacements:                              21380
Total Samples:                           2975806
Nested Sampling ln(Z):               -942.152268
Acceptance Rate:                        0.007200
Replacements:                              21430
Total Samples:                           2976493
Nested Sampling ln(Z):               -941.664994
Acceptance Rate:                        0.007215
Replacements:                              21480
Total Samples:                           2977081
Nested Sampling ln(Z):               -941.185549
Acceptance Rate:                        0.007231
Replacements:                              21530
Total Samples:                           2977403
Nested Sampling ln(Z):               -940.721048
Acceptance Rate:                        0.007247
Replacements:                              21580
Total Samples:                           2977789
Nested Sampling ln(Z):               -940.325408
Acceptance Rate:                        0.007263
Replacements:                              21630
Total Samples:                           2978028
Nested Sampling ln(Z):               -939.973582
Acceptance Rate:                        0.007279
Replacements:                              21680
Total Samples:                           2978274
Nested Sampling ln(Z):               -939.640306
Acceptance Rate:                        0.007295
Replacements:                              21730
Total Samples:                           2978554
Nested Sampling ln(Z):               -939.334608
Acceptance Rate:                        0.007312
Replacements:                              21780
Total Samples:                           2978822
Nested Sampling ln(Z):               -939.071903
Acceptance Rate:                        0.007328
Replacements:                              21830
Total Samples:                           2979049
Nested Sampling ln(Z):               -938.843643
Acceptance Rate:                        0.007344
Replacements:                              21880
Total Samples:                           2979252
Nested Sampling ln(Z):               -938.635388
Acceptance Rate:                        0.007360
Replacements:                              21930
Total Samples:                           2979441
Nested Sampling ln(Z):               -938.448446
Acceptance Rate:                        0.007377
Replacements:                              21980
Total Samples:                           2979671
Nested Sampling ln(Z):               -938.281326
Acceptance Rate:                        0.007393
Replacements:                              22030
Total Samples:                           2979853
Nested Sampling ln(Z):               -938.132542
Acceptance Rate:                        0.007409
Replacements:                              22080
Total Samples:                           2980083
Nested Sampling ln(Z):               -938.002815
Acceptance Rate:                        0.007425
Replacements:                              22130
Total Samples:                           2980366
Nested Sampling ln(Z):               -937.880782
Acceptance Rate:                        0.007441
Replacements:                              22180
Total Samples:                           2980695
Nested Sampling ln(Z):               -937.769299
Acceptance Rate:                        0.007458
Replacements:                              22230
Total Samples:                           2980881
Nested Sampling ln(Z):               -937.664822
Acceptance Rate:                        0.007474
Replacements:                              22280
Total Samples:                           2981083
Nested Sampling ln(Z):               -937.570740
Acceptance Rate:                        0.007490
Replacements:                              22330
Total Samples:                           2981329
Nested Sampling ln(Z):               -937.487570
Acceptance Rate:                        0.007506
Replacements:                              22380
Total Samples:                           2981570
Nested Sampling ln(Z):               -937.412214
Acceptance Rate:                        0.007522
Replacements:                              22430
Total Samples:                           2981850
Nested Sampling ln(Z):               -937.344562
Acceptance Rate:                        0.007539
Replacements:                              22480
Total Samples:                           2982012
Nested Sampling ln(Z):               -937.283018
Acceptance Rate:                        0.007555
Replacements:                              22530
Total Samples:                           2982264
Nested Sampling ln(Z):               -937.227430
Acceptance Rate:                        0.007571
Replacements:                              22580
Total Samples:                           2982458
Nested Sampling ln(Z):               -937.178561
Acceptance Rate:                        0.007587
Replacements:                              22630
Total Samples:                           2982678
Nested Sampling ln(Z):               -937.135219
Acceptance Rate:                        0.007603
Replacements:                              22680
Total Samples:                           2982882
Nested Sampling ln(Z):               -937.096614
Acceptance Rate:                        0.007620
Replacements:                              22730
Total Samples:                           2983106
Nested Sampling ln(Z):               -937.061420
Acceptance Rate:                        0.007636
Replacements:                              22780
Total Samples:                           2983332
Nested Sampling ln(Z):               -937.030094
Acceptance Rate:                        0.007652
Replacements:                              22830
Total Samples:                           2983566
Nested Sampling ln(Z):               -937.002581
Acceptance Rate:                        0.007668
Replacements:                              22880
Total Samples:                           2983754
Nested Sampling ln(Z):               -936.978178
Acceptance Rate:                        0.007684
Replacements:                              22930
Total Samples:                           2983949
Nested Sampling ln(Z):               -936.956134
Acceptance Rate:                        0.007701
Replacements:                              22980
Total Samples:                           2984136
Nested Sampling ln(Z):               -936.936260
Acceptance Rate:                        0.007717
Replacements:                              23030
Total Samples:                           2984413
Nested Sampling ln(Z):               -936.918440
Acceptance Rate:                        0.007733
Replacements:                              23080
Total Samples:                           2984640
Nested Sampling ln(Z):               -936.902572
Acceptance Rate:                        0.007749
Replacements:                              23130
Total Samples:                           2984854
Nested Sampling ln(Z):               -936.888445
Acceptance Rate:                        0.007765
Replacements:                              23180
Total Samples:                           2985056
Nested Sampling ln(Z):               -936.875825
Acceptance Rate:                        0.007782
Replacements:                              23230
Total Samples:                           2985265
Nested Sampling ln(Z):               -936.864630
Acceptance Rate:                        0.007798
Replacements:                              23280
Total Samples:                           2985556
Nested Sampling ln(Z):               -936.854728
Acceptance Rate:                        0.007814
Replacements:                              23330
Total Samples:                           2985841
Nested Sampling ln(Z):               -936.845996
Acceptance Rate:                        0.007829
Replacements:                              23380
Total Samples:                           2986196
Nested Sampling ln(Z):               -936.838291
Acceptance Rate:                        0.007845
Replacements:                              23430
Total Samples:                           2986484
Nested Sampling ln(Z):               -936.831458
Acceptance Rate:                        0.007861
Replacements:                              23480
Total Samples:                           2986905
Nested Sampling ln(Z):               -936.825433
Acceptance Rate:                        0.007877
Replacements:                              23530
Total Samples:                           2987345
Nested Sampling ln(Z):               -936.820131
Acceptance Rate:                        0.007892
Replacements:                              23580
Total Samples:                           2987834
Nested Sampling ln(Z):               -936.815459
Acceptance Rate:                        0.007907
Replacements:                              23630
Total Samples:                           2988395
Nested Sampling ln(Z):               -936.811364
Acceptance Rate:                        0.007923
Replacements:                              23680
Total Samples:                           2988921
Nested Sampling ln(Z):               -936.807776
Acceptance Rate:                        0.007937
Replacements:                              23730
Total Samples:                           2989670
Nested Sampling ln(Z):               -936.804631
Acceptance Rate:                        0.007952
Replacements:                              23780
Total Samples:                           2990513
Nested Sampling ln(Z):               -936.801874
Acceptance Rate:                        0.007965
Replacements:                              23830
Total Samples:                           2991769
Nested Sampling ln(Z):               -936.799470
Acceptance Rate:                        0.007979
Replacements:                              23880
Total Samples:                           2992804
Nested Sampling ln(Z):               -936.797367
Acceptance Rate:                        0.007993
Replacements:                              23930
Total Samples:                           2994039
Nested Sampling ln(Z):               -936.795531
Acceptance Rate:                        0.008008
Replacements:                              23980
Total Samples:                           2994528
Nested Sampling ln(Z):               -936.793932
Acceptance Rate:                        0.008024
Replacements:                              24030
Total Samples:                           2994832
Nested Sampling ln(Z):               -936.792535
Acceptance Rate:                        0.008039
Replacements:                              24080
Total Samples:                           2995260
Nested Sampling ln(Z):               -936.791316
Acceptance Rate:                        0.008055
Replacements:                              24130
Total Samples:                           2995651
Nested Sampling ln(Z):               -936.790253
Acceptance Rate:                        0.008070
Replacements:                              24180
Total Samples:                           2996100
Nested Sampling ln(Z):               -936.789324
Acceptance Rate:                        0.008086
Replacements:                              24230
Total Samples:                           2996607
Nested Sampling ln(Z):               -936.788515
Acceptance Rate:                        0.008101
Replacements:                              24280
Total Samples:                           2997197
Running initial exponential fit for phil_model_04...

Bagpipes: fitting object phil_model_04


Completed in 47869.7 seconds.

Parameter                          Posterior percentiles
                                16th       50th       84th
----------------------------------------------------------
dust:Av                        0.405      0.406      0.406
exponential1:age               3.572      3.580      3.586
exponential1:massformed        9.278      9.279      9.279
exponential1:metallicity       0.609      0.612      0.615
exponential1:tau               0.666      0.666      0.667
exponential2:age               1.977      4.688      7.666
exponential2:massformed        1.365      3.067      4.586
exponential2:metallicity       0.629      1.395      2.057
exponential2:tau               0.373      0.823      1.412
redshift                       0.069      0.069      0.069
t_bc                           0.007      0.009      0.012
veldisp                      199.643    199.853    199.962



Bagpipes: fitting object phil_model_04


Completed in 24804.5 seconds.

Parameter                          Posterior percentiles
                                16th       50th       84th
----------------------------------------------------------
dblplaw:alpha                  2.425      5.930      8.339
dblplaw:beta                   2.779      5.420      7.884
dblplaw:massformed             0.720      1.813      3.251
dblplaw:metallicity            0.665      1.315      1.933
dblplaw:tau                    1.994      5.008      8.090
dust:Av                        0.416      0.417      0.418
exponential2:age               3.372      3.378      3.384
exponential2:massformed        9.267      9.267      9.267
exponential2:metallicity       0.632      0.635      0.638
exponential2:tau               0.626      0.627      0.628
redshift                       0.069      0.069      0.069
t_bc                           0.008      0.011      0.013
veldisp                      199.711    199.887    199.966



Bagpipes: fitting object phil_model_04


Completed in 38225.8 seconds.

Parameter                          Posterior percentiles
                                16th       50th       84th
----------------------------------------------------------
delayed:age                    7.134      7.209      7.283
delayed:massformed             9.446      9.448      9.450
delayed:metallicity            0.437      0.443      0.448
delayed:tau                    0.960      0.971      0.982
dust:Av                        0.335      0.337      0.339
exponential2:age               1.907      5.380      8.520
exponential2:massformed        0.829      2.877      5.106
exponential2:metallicity       0.422      1.250      2.093
exponential2:tau               0.405      1.052      1.690
redshift                       0.069      0.069      0.069
t_bc                           0.007      0.010      0.013
veldisp                      199.737    199.900    199.976



Bagpipes: fitting object phil_model_04


Completed in 13386.7 seconds.

Parameter                          Posterior percentiles
                                16th       50th       84th
----------------------------------------------------------
dust:Av                        0.463      0.465      0.466
exponential2:age               2.158      4.396      7.191
exponential2:massformed        1.214      2.602      3.809
exponential2:metallicity       0.596      1.238      1.897
exponential2:tau               0.558      1.037      1.530
lognormal:fwhm                 2.062      2.065      2.071
lognormal:massformed           9.271      9.272      9.273
lognormal:metallicity          0.706      0.709      0.712
lognormal:tmax                 9.671      9.680      9.687
redshift                       0.069      0.069      0.069
t_bc                           0.007      0.010      0.012
veldisp                      199.601    199.797    199.924



Results loaded from pipes/posterior/wide_lognormal_burst/phil_model_04.h5

parameter     median     16th percentile     84th percentile
dust:Av:  0.46455867705561016 0.4631692219868305 0.4656649316880933
exponential2:age:  4.446058234471396 2.269481980258312 7.15265672625302
exponential2:massformed:  2.615392637439728 1.250838912412982 3.8903610618494686
exponential2:metallicity:  1.2212517757443049 0.5573452182836994 1.8466549443407678
exponential2:tau:  1.039301947071482 0.5650725679898542 1.5582367477913799
lognormal:fwhm:  2.065910021936952 2.0620982503644347 2.0710074485057333
lognormal:massformed:  9.272035140591797 9.271545270334602 9.272735705873792
lognormal:metallicity:  0.7089995831407723 0.7055573575482419 0.7119994667171468
lognormal:tmax:  9.679444340744189 9.670761929299813 9.685946311012266
redshift:  0.06896363778445698 0.06895865783406259 0.06896886518350762
t_bc:  0.009549324382142194 0.0071302409313137045 0.012398843224377168
veldisp:  199.79424047723236 199.62067899816253 199.92836975824093
stellar_mass:  8.995023017753153 8.99468238808144 8.995611927482205
formed_mass:  9.272036081638706 9.271545291902468 9.272736279487228
sfr:  0.0156881717539738 0.015617894435209683 0.0157538965442841
ssfr:  -10.79943209674397 -10.801725736743316 -10.797432093765758
nsfr:  -0.9778056022439925 -0.9802110343714061 -0.9756721961021495
mass_weighted_age:  2.75945767709153 2.753423603721895 2.7675787584308993
tform:  9.790597265120024 9.782405915292076 9.796520934587598
tquench:  99.0 99.0 99.0
sfh:  0.015397426794856846 0.013861285562838489 0.1198090602072059
Nested Sampling ln(Z):               -936.787812
Acceptance Rate:                        0.008116
Replacements:                              24330
Total Samples:                           2997880
Nested Sampling ln(Z):               -936.787201
Acceptance Rate:                        0.008130
Replacements:                              24380
Total Samples:                           2998738
Nested Sampling ln(Z):               -936.786670
Acceptance Rate:                        0.008143
Replacements:                              24430
Total Samples:                           2999950
Nested Sampling ln(Z):               -936.786208
Acceptance Rate:                        0.008156
Replacements:                              24480
Total Samples:                           3001449
Nested Sampling ln(Z):               -936.785807
Acceptance Rate:                        0.008168
Replacements:                              24530
Total Samples:                           3003162
Nested Sampling ln(Z):               -936.785459
Acceptance Rate:                        0.008180
Replacements:                              24580
Total Samples:                           3004847
Nested Sampling ln(Z):               -936.785158
Acceptance Rate:                        0.008191
Replacements:                              24630
Total Samples:                           3006788
Nested Sampling ln(Z):               -936.784897
Acceptance Rate:                        0.008203
Replacements:                              24680
Total Samples:                           3008802
Nested Sampling ln(Z):               -936.784671
Acceptance Rate:                        0.008213
Replacements:                              24726
Total Samples:                           3010756
Nested Sampling ln(Z):               -936.784490
 ln(ev)=  -936.77785959206039      +/-  0.37198974606080926     
 Total Likelihood Evaluations:      3010756
 Sampling finished. Exiting MultiNest
 MultiNest Warning: no resume file found, starting from scratch
 *****************************************************
 MultiNest v3.10
 Copyright Farhan Feroz & Mike Hobson
 Release Jul 2015

 no. of live points =  400
 dimensionality =   12
 *****************************************************
 ln(ev)=  -1121.7534048340963      +/-  0.32488686966409885     
 Total Likelihood Evaluations:      4405293
 Sampling finished. Exiting MultiNest
 MultiNest Warning: no resume file found, starting from scratch
 *****************************************************
 MultiNest v3.10
 Copyright Farhan Feroz & Mike Hobson
 Release Jul 2015

 no. of live points =  400
 dimensionality =   12
 *****************************************************
 ln(ev)=  -785.19177919495962      +/-  0.37419799532559833     
 Total Likelihood Evaluations:      1853253
 Sampling finished. Exiting MultiNest
