 MultiNest Warning: no resume file found, starting from scratch
 *****************************************************
 MultiNest v3.10
 Copyright Farhan Feroz & Mike Hobson
 Release Jul 2015

 no. of live points =  400
 dimensionality =   12
 *****************************************************

 MultiNest Warning!
 Parameter            4  of mode            1  is converging towards the edge of the prior.

 MultiNest Warning!
 Parameter            4  of mode            1  is converging towards the edge of the prior.

 MultiNest Warning!
 Parameter            4  of mode            1  is converging towards the edge of the prior.

 MultiNest Warning!
 Parameter            4  of mode            1  is converging towards the edge of the prior.
 Parameter            6  of mode            1  is converging towards the edge of the prior.

 MultiNest Warning!
 Parameter            4  of mode            1  is converging towards the edge of the prior.
 Parameter            6  of mode            1  is converging towards the edge of the prior.

 MultiNest Warning!
 Parameter            4  of mode            1  is converging towards the edge of the prior.
 Parameter            6  of mode            1  is converging towards the edge of the prior.

 MultiNest Warning!
 Parameter            4  of mode            1  is converging towards the edge of the prior.
 Parameter            6  of mode            1  is converging towards the edge of the prior.

 MultiNest Warning!
 Parameter            4  of mode            1  is converging towards the edge of the prior.
 Parameter            6  of mode            1  is converging towards the edge of the prior.

 MultiNest Warning!
 Parameter            4  of mode            1  is converging towards the edge of the prior.
 Parameter            6  of mode            1  is converging towards the edge of the prior.

 MultiNest Warning!
 Parameter            4  of mode            1  is converging towards the edge of the prior.
 Parameter            6  of mode            1  is converging towards the edge of the prior.

 MultiNest Warning!
 Parameter            4  of mode            1  is converging towards the edge of the prior.
 Parameter            6  of mode            1  is converging towards the edge of the prior.

 MultiNest Warning!
 Parameter            4  of mode            1  is converging towards the edge of the prior.
 Parameter            6  of mode            1  is converging towards the edge of the prior.

 MultiNest Warning!
 Parameter            4  of mode            1  is converging towards the edge of the prior.
 Parameter            6  of mode            1  is converging towards the edge of the prior.

 MultiNest Warning!
 Parameter            4  of mode            1  is converging towards the edge of the prior.
 Parameter            6  of mode            1  is converging towards the edge of the prior.

 MultiNest Warning!
 Parameter            4  of mode            1  is converging towards the edge of the prior.
 Parameter            6  of mode            1  is converging towards the edge of the prior.

 MultiNest Warning!
 Parameter            4  of mode            1  is converging towards the edge of the prior.
 Parameter            6  of mode            1  is converging towards the edge of the prior.

 MultiNest Warning!
 Parameter            4  of mode            1  is converging towards the edge of the prior.
 Parameter            6  of mode            1  is converging towards the edge of the prior.

 MultiNest Warning!
 Parameter            4  of mode            1  is converging towards the edge of the prior.
 Parameter            6  of mode            1  is converging towards the edge of the prior.

 MultiNest Warning!
 Parameter            4  of mode            1  is converging towards the edge of the prior.
 Parameter            6  of mode            1  is converging towards the edge of the prior.

 MultiNest Warning!
 Parameter            4  of mode            1  is converging towards the edge of the prior.
 Parameter            6  of mode            1  is converging towards the edge of the prior.

 MultiNest Warning!
 Parameter            4  of mode            1  is converging towards the edge of the prior.
 Parameter            6  of mode            1  is converging towards the edge of the prior.

 MultiNest Warning!
 Parameter            4  of mode            1  is converging towards the edge of the prior.
 Parameter            6  of mode            1  is converging towards the edge of the prior.

 MultiNest Warning!
 Parameter            4  of mode            1  is converging towards the edge of the prior.
 Parameter            6  of mode            1  is converging towards the edge of the prior.

 MultiNest Warning!
 Parameter            4  of mode            1  is converging towards the edge of the prior.
 Parameter            6  of mode            1  is converging towards the edge of the prior.

 MultiNest Warning!
 Parameter            4  of mode            1  is converging towards the edge of the prior.
 Parameter            6  of mode            1  is converging towards the edge of the prior.

 MultiNest Warning!
 Parameter            4  of mode            1  is converging towards the edge of the prior.
 Parameter            6  of mode            1  is converging towards the edge of the prior.

 MultiNest Warning!
 Parameter            4  of mode            1  is converging towards the edge of the prior.
 Parameter            6  of mode            1  is converging towards the edge of the prior.

 MultiNest Warning!
 Parameter            4  of mode            1  is converging towards the edge of the prior.
 Parameter            6  of mode            1  is converging towards the edge of the prior.

 MultiNest Warning!
 Parameter            4  of mode            1  is converging towards the edge of the prior.
 Parameter            6  of mode            1  is converging towards the edge of the prior.

 MultiNest Warning!
 Parameter            4  of mode            1  is converging towards the edge of the prior.
 Parameter            6  of mode            1  is converging towards the edge of the prior.

 MultiNest Warning!
 Parameter            4  of mode            1  is converging towards the edge of the prior.
 Parameter            6  of mode            1  is converging towards the edge of the prior.

 MultiNest Warning!
 Parameter            4  of mode            1  is converging towards the edge of the prior.
 Parameter            6  of mode            1  is converging towards the edge of the prior.

 MultiNest Warning!
 Parameter            4  of mode            1  is converging towards the edge of the prior.
 Parameter            6  of mode            1  is converging towards the edge of the prior.

 MultiNest Warning!
 Parameter            4  of mode            1  is converging towards the edge of the prior.
 Parameter            6  of mode            1  is converging towards the edge of the prior.

 MultiNest Warning!
 Parameter            4  of mode            1  is converging towards the edge of the prior.
 Parameter            6  of mode            1  is converging towards the edge of the prior.

 MultiNest Warning!
 Parameter            4  of mode            1  is converging towards the edge of the prior.
 Parameter            6  of mode            1  is converging towards the edge of the prior.

 MultiNest Warning!
 Parameter            4  of mode            1  is converging towards the edge of the prior.
 Parameter            6  of mode            1  is converging towards the edge of the prior.

 MultiNest Warning!
 Parameter            4  of mode            1  is converging towards the edge of the prior.
 Parameter            6  of mode            1  is converging towards the edge of the prior.

 MultiNest Warning!
 Parameter            4  of mode            1  is converging towards the edge of the prior.
 Parameter            6  of mode            1  is converging towards the edge of the prior.

 MultiNest Warning!
 Parameter            4  of mode            1  is converging towards the edge of the prior.
 Parameter            6  of mode            1  is converging towards the edge of the prior.

 MultiNest Warning!
 Parameter            4  of mode            1  is converging towards the edge of the prior.
 Parameter            6  of mode            1  is converging towards the edge of the prior.

 MultiNest Warning!
 Parameter            4  of mode            1  is converging towards the edge of the prior.
 Parameter            6  of mode            1  is converging towards the edge of the prior.

 MultiNest Warning!
 Parameter            4  of mode            1  is converging towards the edge of the prior.
 Parameter            6  of mode            1  is converging towards the edge of the prior.

 MultiNest Warning!
 Parameter            4  of mode            1  is converging towards the edge of the prior.
 Parameter            6  of mode            1  is converging towards the edge of the prior.

 MultiNest Warning!
 Parameter            4  of mode            1  is converging towards the edge of the prior.
 Parameter            6  of mode            1  is converging towards the edge of the prior.

 MultiNest Warning!
 Parameter            4  of mode            1  is converging towards the edge of the prior.
 Parameter            6  of mode            1  is converging towards the edge of the prior.

 MultiNest Warning!
 Parameter            4  of mode            1  is converging towards the edge of the prior.
 Parameter            6  of mode            1  is converging towards the edge of the prior.

 MultiNest Warning!
 Parameter            4  of mode            1  is converging towards the edge of the prior.
 Parameter            6  of mode            1  is converging towards the edge of the prior.

 MultiNest Warning!
 Parameter            4  of mode            1  is converging towards the edge of the prior.
 Parameter            6  of mode            1  is converging towards the edge of the prior.

 MultiNest Warning!
 Parameter            4  of mode            1  is converging towards the edge of the prior.
 Parameter            6  of mode            1  is converging towards the edge of the prior.

 MultiNest Warning!
 Parameter            4  of mode            1  is converging towards the edge of the prior.
 Parameter            6  of mode            1  is converging towards the edge of the prior.

 MultiNest Warning!
 Parameter            4  of mode            1  is converging towards the edge of the prior.
 Parameter            6  of mode            1  is converging towards the edge of the prior.

 MultiNest Warning!
 Parameter            4  of mode            1  is converging towards the edge of the prior.
 Parameter            6  of mode            1  is converging towards the edge of the prior.

 MultiNest Warning!
 Parameter            4  of mode            1  is converging towards the edge of the prior.
 Parameter            6  of mode            1  is converging towards the edge of the prior.

 MultiNest Warning!
 Parameter            4  of mode            1  is converging towards the edge of the prior.
 Parameter            6  of mode            1  is converging towards the edge of the prior.

 MultiNest Warning!
 Parameter            4  of mode            1  is converging towards the edge of the prior.
 Parameter            6  of mode            1  is converging towards the edge of the prior.

 MultiNest Warning!
 Parameter            4  of mode            1  is converging towards the edge of the prior.
 Parameter            6  of mode            1  is converging towards the edge of the prior.

 MultiNest Warning!
 Parameter            4  of mode            1  is converging towards the edge of the prior.
 Parameter            6  of mode            1  is converging towards the edge of the prior.

 MultiNest Warning!
 Parameter            4  of mode            1  is converging towards the edge of the prior.
 Parameter            6  of mode            1  is converging towards the edge of the prior.

 MultiNest Warning!
 Parameter            4  of mode            1  is converging towards the edge of the prior.
 Parameter            6  of mode            1  is converging towards the edge of the prior.

 MultiNest Warning!
 Parameter            4  of mode            1  is converging towards the edge of the prior.
 Parameter            6  of mode            1  is converging towards the edge of the prior.

 MultiNest Warning!
 Parameter            4  of mode            1  is converging towards the edge of the prior.
 Parameter            6  of mode            1  is converging towards the edge of the prior.

 MultiNest Warning!
 Parameter            4  of mode            1  is converging towards the edge of the prior.
 Parameter            6  of mode            1  is converging towards the edge of the prior.

 MultiNest Warning!
 Parameter            4  of mode            1  is converging towards the edge of the prior.
 Parameter            6  of mode            1  is converging towards the edge of the prior.

 MultiNest Warning!
 Parameter            4  of mode            1  is converging towards the edge of the prior.
 Parameter            6  of mode            1  is converging towards the edge of the prior.

 MultiNest Warning!
 Parameter            4  of mode            1  is converging towards the edge of the prior.
 Parameter            6  of mode            1  is converging towards the edge of the prior.

 MultiNest Warning!
 Parameter            4  of mode            1  is converging towards the edge of the prior.
 Parameter            6  of mode            1  is converging towards the edge of the prior.

 MultiNest Warning!
 Parameter            4  of mode            1  is converging towards the edge of the prior.
 Parameter            6  of mode            1  is converging towards the edge of the prior.

 MultiNest Warning!
 Parameter            4  of mode            1  is converging towards the edge of the prior.
 Parameter            6  of mode            1  is converging towards the edge of the prior.

 MultiNest Warning!
 Parameter            4  of mode            1  is converging towards the edge of the prior.
 Parameter            6  of mode            1  is converging towards the edge of the prior.

 MultiNest Warning!
 Parameter            4  of mode            1  is converging towards the edge of the prior.
 Parameter            6  of mode            1  is converging towards the edge of the prior.

 MultiNest Warning!
 Parameter            4  of mode            1  is converging towards the edge of the prior.
 Parameter            6  of mode            1  is converging towards the edge of the prior.

 MultiNest Warning!
 Parameter            4  of mode            1  is converging towards the edge of the prior.
 Parameter            6  of mode            1  is converging towards the edge of the prior.

 MultiNest Warning!
 Parameter            4  of mode            1  is converging towards the edge of the prior.
 Parameter            6  of mode            1  is converging towards the edge of the prior.

 MultiNest Warning!
 Parameter            4  of mode            1  is converging towards the edge of the prior.
 Parameter            6  of mode            1  is converging towards the edge of the prior.

 MultiNest Warning!
 Parameter            4  of mode            1  is converging towards the edge of the prior.
 Parameter            6  of mode            1  is converging towards the edge of the prior.

 MultiNest Warning!
 Parameter            4  of mode            1  is converging towards the edge of the prior.
 Parameter            6  of mode            1  is converging towards the edge of the prior.

 MultiNest Warning!
 Parameter            4  of mode            1  is converging towards the edge of the prior.
 Parameter            6  of mode            1  is converging towards the edge of the prior.

 MultiNest Warning!
 Parameter            4  of mode            1  is converging towards the edge of the prior.
 Parameter            6  of mode            1  is converging towards the edge of the prior.

 MultiNest Warning!
 Parameter            4  of mode            1  is converging towards the edge of the prior.
 Parameter            6  of mode            1  is converging towards the edge of the prior.

 MultiNest Warning!
 Parameter            4  of mode            1  is converging towards the edge of the prior.
 Parameter            6  of mode            1  is converging towards the edge of the prior.

 MultiNest Warning!
 Parameter            4  of mode            1  is converging towards the edge of the prior.
 Parameter            6  of mode            1  is converging towards the edge of the prior.

 MultiNest Warning!
 Parameter            4  of mode            1  is converging towards the edge of the prior.
 Parameter            6  of mode            1  is converging towards the edge of the prior.

 MultiNest Warning!
 Parameter            4  of mode            1  is converging towards the edge of the prior.
 Parameter            6  of mode            1  is converging towards the edge of the prior.

 MultiNest Warning!
 Parameter            4  of mode            1  is converging towards the edge of the prior.
 Parameter            6  of mode            1  is converging towards the edge of the prior.

 MultiNest Warning!
 Parameter            4  of mode            1  is converging towards the edge of the prior.
 Parameter            6  of mode            1  is converging towards the edge of the prior.

 MultiNest Warning!
 Parameter            4  of mode            1  is converging towards the edge of the prior.
 Parameter            6  of mode            1  is converging towards the edge of the prior.

 MultiNest Warning!
 Parameter            4  of mode            1  is converging towards the edge of the prior.
 Parameter            6  of mode            1  is converging towards the edge of the prior.

 MultiNest Warning!
 Parameter            4  of mode            1  is converging towards the edge of the prior.
 Parameter            6  of mode            1  is converging towards the edge of the prior.

 MultiNest Warning!
 Parameter            4  of mode            1  is converging towards the edge of the prior.
 Parameter            6  of mode            1  is converging towards the edge of the prior.

 MultiNest Warning!
 Parameter            4  of mode            1  is converging towards the edge of the prior.
 Parameter            6  of mode            1  is converging towards the edge of the prior.

 MultiNest Warning!
 Parameter            4  of mode            1  is converging towards the edge of the prior.
 Parameter            6  of mode            1  is converging towards the edge of the prior.

 MultiNest Warning!
 Parameter            4  of mode            1  is converging towards the edge of the prior.
 Parameter            6  of mode            1  is converging towards the edge of the prior.

 MultiNest Warning!
 Parameter            4  of mode            1  is converging towards the edge of the prior.
 Parameter            6  of mode            1  is converging towards the edge of the prior.

 MultiNest Warning!
 Parameter            4  of mode            1  is converging towards the edge of the prior.
 Parameter            6  of mode            1  is converging towards the edge of the prior.

 MultiNest Warning!
 Parameter            4  of mode            1  is converging towards the edge of the prior.
 Parameter            6  of mode            1  is converging towards the edge of the prior.

 MultiNest Warning!
 Parameter            4  of mode            1  is converging towards the edge of the prior.
 Parameter            6  of mode            1  is converging towards the edge of the prior.

 MultiNest Warning!
 Parameter            4  of mode            1  is converging towards the edge of the prior.
 Parameter            6  of mode            1  is converging towards the edge of the prior.

 MultiNest Warning!
 Parameter            4  of mode            1  is converging towards the edge of the prior.
 Parameter            6  of mode            1  is converging towards the edge of the prior.

 MultiNest Warning!
 Parameter            4  of mode            1  is converging towards the edge of the prior.
 Parameter            6  of mode            1  is converging towards the edge of the prior.

 MultiNest Warning!
 Parameter            4  of mode            1  is converging towards the edge of the prior.
 Parameter            6  of mode            1  is converging towards the edge of the prior.

 MultiNest Warning!
 Parameter            4  of mode            1  is converging towards the edge of the prior.
 Parameter            6  of mode            1  is converging towards the edge of the prior.

 MultiNest Warning!
 Parameter            4  of mode            1  is converging towards the edge of the prior.
 Parameter            6  of mode            1  is converging towards the edge of the prior.

 MultiNest Warning!
 Parameter            4  of mode            1  is converging towards the edge of the prior.
 Parameter            6  of mode            1  is converging towards the edge of the prior.

 MultiNest Warning!
 Parameter            4  of mode            1  is converging towards the edge of the prior.
 Parameter            6  of mode            1  is converging towards the edge of the prior.

 MultiNest Warning!
 Parameter            4  of mode            1  is converging towards the edge of the prior.
 Parameter            6  of mode            1  is converging towards the edge of the prior.

 MultiNest Warning!
 Parameter            4  of mode            1  is converging towards the edge of the prior.
 Parameter            6  of mode            1  is converging towards the edge of the prior.

 MultiNest Warning!
 Parameter            4  of mode            1  is converging towards the edge of the prior.
 Parameter            6  of mode            1  is converging towards the edge of the prior.

 MultiNest Warning!
 Parameter            4  of mode            1  is converging towards the edge of the prior.
 Parameter            6  of mode            1  is converging towards the edge of the prior.

 MultiNest Warning!
 Parameter            4  of mode            1  is converging towards the edge of the prior.
 Parameter            6  of mode            1  is converging towards the edge of the prior.

 MultiNest Warning!
 Parameter            4  of mode            1  is converging towards the edge of the prior.
 Parameter            6  of mode            1  is converging towards the edge of the prior.

 MultiNest Warning!
 Parameter            4  of mode            1  is converging towards the edge of the prior.
 Parameter            6  of mode            1  is converging towards the edge of the prior.

 MultiNest Warning!
 Parameter            4  of mode            1  is converging towards the edge of the prior.
 Parameter            6  of mode            1  is converging towards the edge of the prior.

 MultiNest Warning!
 Parameter            4  of mode            1  is converging towards the edge of the prior.
 Parameter            6  of mode            1  is converging towards the edge of the prior.

 MultiNest Warning!
 Parameter            4  of mode            1  is converging towards the edge of the prior.
 Parameter            6  of mode            1  is converging towards the edge of the prior.

 MultiNest Warning!
 Parameter            4  of mode            1  is converging towards the edge of the prior.
 Parameter            6  of mode            1  is converging towards the edge of the prior.

 MultiNest Warning!
 Parameter            4  of mode            1  is converging towards the edge of the prior.
 Parameter            6  of mode            1  is converging towards the edge of the prior.

 MultiNest Warning!
 Parameter            4  of mode            1  is converging towards the edge of the prior.
 Parameter            6  of mode            1  is converging towards the edge of the prior.

 MultiNest Warning!
 Parameter            4  of mode            1  is converging towards the edge of the prior.
 Parameter            6  of mode            1  is converging towards the edge of the prior.

 MultiNest Warning!
 Parameter            4  of mode            1  is converging towards the edge of the prior.
 Parameter            6  of mode            1  is converging towards the edge of the prior.

 MultiNest Warning!
 Parameter            4  of mode            1  is converging towards the edge of the prior.
 Parameter            6  of mode            1  is converging towards the edge of the prior.

 MultiNest Warning!
 Parameter            4  of mode            1  is converging towards the edge of the prior.
 Parameter            6  of mode            1  is converging towards the edge of the prior.

 MultiNest Warning!
 Parameter            4  of mode            1  is converging towards the edge of the prior.
 Parameter            6  of mode            1  is converging towards the edge of the prior.

 MultiNest Warning!
 Parameter            4  of mode            1  is converging towards the edge of the prior.
 Parameter            6  of mode            1  is converging towards the edge of the prior.

 MultiNest Warning!
 Parameter            4  of mode            1  is converging towards the edge of the prior.
 Parameter            6  of mode            1  is converging towards the edge of the prior.

 MultiNest Warning!
 Parameter            4  of mode            1  is converging towards the edge of the prior.
 Parameter            6  of mode            1  is converging towards the edge of the prior.

 MultiNest Warning!
 Parameter            4  of mode            1  is converging towards the edge of the prior.
 Parameter            6  of mode            1  is converging towards the edge of the prior.

 MultiNest Warning!
 Parameter            4  of mode            1  is converging towards the edge of the prior.
 Parameter            6  of mode            1  is converging towards the edge of the prior.

 MultiNest Warning!
 Parameter            4  of mode            1  is converging towards the edge of the prior.
 Parameter            6  of mode            1  is converging towards the edge of the prior.

 MultiNest Warning!
 Parameter            4  of mode            1  is converging towards the edge of the prior.
 Parameter            6  of mode            1  is converging towards the edge of the prior.

 MultiNest Warning!
 Parameter            4  of mode            1  is converging towards the edge of the prior.
 Parameter            6  of mode            1  is converging towards the edge of the prior.

 MultiNest Warning!
 Parameter            4  of mode            1  is converging towards the edge of the prior.
 Parameter            6  of mode            1  is converging towards the edge of the prior.

 MultiNest Warning!
 Parameter            4  of mode            1  is converging towards the edge of the prior.
 Parameter            6  of mode            1  is converging towards the edge of the prior.

 MultiNest Warning!
 Parameter            4  of mode            1  is converging towards the edge of the prior.
 Parameter            6  of mode            1  is converging towards the edge of the prior.

 MultiNest Warning!
 Parameter            4  of mode            1  is converging towards the edge of the prior.
 Parameter            6  of mode            1  is converging towards the edge of the prior.

 MultiNest Warning!
 Parameter            4  of mode            1  is converging towards the edge of the prior.
 Parameter            6  of mode            1  is converging towards the edge of the prior.

 MultiNest Warning!
 Parameter            4  of mode            1  is converging towards the edge of the prior.
 Parameter            6  of mode            1  is converging towards the edge of the prior.

 MultiNest Warning!
 Parameter            4  of mode            1  is converging towards the edge of the prior.
 Parameter            6  of mode            1  is converging towards the edge of the prior.

 MultiNest Warning!
 Parameter            4  of mode            1  is converging towards the edge of the prior.
 Parameter            6  of mode            1  is converging towards the edge of the prior.

 MultiNest Warning!
 Parameter            4  of mode            1  is converging towards the edge of the prior.
 Parameter            6  of mode            1  is converging towards the edge of the prior.

 MultiNest Warning!
 Parameter            4  of mode            1  is converging towards the edge of the prior.
 Parameter            6  of mode            1  is converging towards the edge of the prior.

 MultiNest Warning!
 Parameter            4  of mode            1  is converging towards the edge of the prior.
 Parameter            6  of mode            1  is converging towards the edge of the prior.

 MultiNest Warning!
 Parameter            4  of mode            1  is converging towards the edge of the prior.
 Parameter            6  of mode            1  is converging towards the edge of the prior.

 MultiNest Warning!
 Parameter            4  of mode            1  is converging towards the edge of the prior.
 Parameter            6  of mode            1  is converging towards the edge of the prior.

 MultiNest Warning!
 Parameter            4  of mode            1  is converging towards the edge of the prior.
 Parameter            6  of mode            1  is converging towards the edge of the prior.

 MultiNest Warning!
 Parameter            4  of mode            1  is converging towards the edge of the prior.
 Parameter            6  of mode            1  is converging towards the edge of the prior.

 MultiNest Warning!
 Parameter            4  of mode            1  is converging towards the edge of the prior.
 Parameter            6  of mode            1  is converging towards the edge of the prior.

 MultiNest Warning!
 Parameter            4  of mode            1  is converging towards the edge of the prior.
 Parameter            6  of mode            1  is converging towards the edge of the prior.

 MultiNest Warning!
 Parameter            4  of mode            1  is converging towards the edge of the prior.
 Parameter            6  of mode            1  is converging towards the edge of the prior.

 MultiNest Warning!
 Parameter            4  of mode            1  is converging towards the edge of the prior.
 Parameter            6  of mode            1  is converging towards the edge of the prior.
 Parameter           11  of mode            1  is converging towards the edge of the prior.

 MultiNest Warning!
 Parameter            4  of mode            1  is converging towards the edge of the prior.
 Parameter            6  of mode            1  is converging towards the edge of the prior.
 Parameter           11  of mode            1  is converging towards the edge of the prior.

 MultiNest Warning!
 Parameter            4  of mode            1  is converging towards the edge of the prior.
 Parameter            6  of mode            1  is converging towards the edge of the prior.
 Parameter           11  of mode            1  is converging towards the edge of the prior.

 MultiNest Warning!
 Parameter            4  of mode            1  is converging towards the edge of the prior.
 Parameter            6  of mode            1  is converging towards the edge of the prior.
 Parameter           11  of mode            1  is converging towards the edge of the prior.

 MultiNest Warning!
 Parameter            4  of mode            1  is converging towards the edge of the prior.
 Parameter            6  of mode            1  is converging towards the edge of the prior.
 Parameter           11  of mode            1  is converging towards the edge of the prior.

 MultiNest Warning!
 Parameter            4  of mode            1  is converging towards the edge of the prior.
 Parameter            6  of mode            1  is converging towards the edge of the prior.
 Parameter           11  of mode            1  is converging towards the edge of the prior.

 MultiNest Warning!
 Parameter            4  of mode            1  is converging towards the edge of the prior.
 Parameter            6  of mode            1  is converging towards the edge of the prior.
 Parameter           11  of mode            1  is converging towards the edge of the prior.

 MultiNest Warning!
 Parameter            4  of mode            1  is converging towards the edge of the prior.
 Parameter            6  of mode            1  is converging towards the edge of the prior.
 Parameter           11  of mode            1  is converging towards the edge of the prior.

 MultiNest Warning!
 Parameter            4  of mode            1  is converging towards the edge of the prior.
 Parameter            6  of mode            1  is converging towards the edge of the prior.
 Parameter           11  of mode            1  is converging towards the edge of the prior.

 MultiNest Warning!
 Parameter            4  of mode            1  is converging towards the edge of the prior.
 Parameter            6  of mode            1  is converging towards the edge of the prior.
 Parameter           11  of mode            1  is converging towards the edge of the prior.

 MultiNest Warning!
 Parameter            4  of mode            1  is converging towards the edge of the prior.
 Parameter            6  of mode            1  is converging towards the edge of the prior.
 Parameter           11  of mode            1  is converging towards the edge of the prior.

 MultiNest Warning!
 Parameter            4  of mode            1  is converging towards the edge of the prior.
 Parameter            6  of mode            1  is converging towards the edge of the prior.

 MultiNest Warning!
 Parameter            4  of mode            1  is converging towards the edge of the prior.
 Parameter            6  of mode            1  is converging towards the edge of the prior.

 MultiNest Warning!
 Parameter            4  of mode            1  is converging towards the edge of the prior.
 Parameter            6  of mode            1  is converging towards the edge of the prior.

 MultiNest Warning!
 Parameter            4  of mode            1  is converging towards the edge of the prior.
 Parameter            6  of mode            1  is converging towards the edge of the prior.
 Parameter           11  of mode            1  is converging towards the edge of the prior.

 MultiNest Warning!
 Parameter            4  of mode            1  is converging towards the edge of the prior.
 Parameter            6  of mode            1  is converging towards the edge of the prior.
 Parameter           11  of mode            1  is converging towards the edge of the prior.
 ln(ev)=  -5969.5308921650467      +/-  0.41830473891053727     
 Total Likelihood Evaluations:       344190
 Sampling finished. Exiting MultiNest
 MultiNest Warning: no resume file found, starting from scratch
 *****************************************************
 MultiNest v3.10
 Copyright Farhan Feroz & Mike Hobson
 Release Jul 2015

 no. of live points =  400
 dimensionality =   13
 *****************************************************
 Starting MultiNest
 generating live points
 live points generated, starting sampling
Acceptance Rate:                        0.978261
Replacements:                                450
Total Samples:                               460
Nested Sampling ln(Z):            **************
Acceptance Rate:                        0.941620
Replacements:                                500
Total Samples:                               531
Nested Sampling ln(Z):            **************
Acceptance Rate:                        0.903120
Replacements:                                550
Total Samples:                               609
Nested Sampling ln(Z):            **************
Acceptance Rate:                        0.868307
Replacements:                                600
Total Samples:                               691
Nested Sampling ln(Z):            **************
Acceptance Rate:                        0.831202
Replacements:                                650
Total Samples:                               782
Nested Sampling ln(Z):            **************
Acceptance Rate:                        0.799087
Replacements:                                700
Total Samples:                               876
Nested Sampling ln(Z):            **************
Acceptance Rate:                        0.746269
Replacements:                                750
Total Samples:                              1005
Nested Sampling ln(Z):            **************
Acceptance Rate:                        0.709849
Replacements:                                800
Total Samples:                              1127
Nested Sampling ln(Z):            **************
Acceptance Rate:                        0.660451
Replacements:                                850
Total Samples:                              1287
Nested Sampling ln(Z):            **************
Acceptance Rate:                        0.609756
Replacements:                                900
Total Samples:                              1476
Nested Sampling ln(Z):            **************
Acceptance Rate:                        0.593379
Replacements:                                950
Total Samples:                              1601
Nested Sampling ln(Z):            **************
Acceptance Rate:                        0.582411
Replacements:                               1000
Total Samples:                              1717
Nested Sampling ln(Z):            **************
Acceptance Rate:                        0.579151
Replacements:                               1050
Total Samples:                              1813
Nested Sampling ln(Z):            **************
Acceptance Rate:                        0.575916
Replacements:                               1100
Total Samples:                              1910
Nested Sampling ln(Z):            **************
Acceptance Rate:                        0.564556
Replacements:                               1150
Total Samples:                              2037
Nested Sampling ln(Z):            **************
Acceptance Rate:                        0.550711
Replacements:                               1200
Total Samples:                              2179
Nested Sampling ln(Z):            **************
Acceptance Rate:                        0.550661
Replacements:                               1250
Total Samples:                              2270
Nested Sampling ln(Z):            **************
Acceptance Rate:                        0.543024
Replacements:                               1300
Total Samples:                              2394
Nested Sampling ln(Z):            **************
Acceptance Rate:                        0.536993
Replacements:                               1350
Total Samples:                              2514
Nested Sampling ln(Z):            **************
Acceptance Rate:                        0.524934
Replacements:                               1400
Total Samples:                              2667
Nested Sampling ln(Z):            **************
Acceptance Rate:                        0.518598
Replacements:                               1450
Total Samples:                              2796
Nested Sampling ln(Z):            **************
Acceptance Rate:                        0.511945
Replacements:                               1500
Total Samples:                              2930
Nested Sampling ln(Z):            **************
Acceptance Rate:                        0.497592
Replacements:                               1550
Total Samples:                              3115
Nested Sampling ln(Z):            **************
Acceptance Rate:                        0.481928
Replacements:                               1600
Total Samples:                              3320
Nested Sampling ln(Z):            **************
Acceptance Rate:                        0.473186
Replacements:                               1650
Total Samples:                              3487
Nested Sampling ln(Z):            **************
Acceptance Rate:                        0.464100
Replacements:                               1700
Total Samples:                              3663
Nested Sampling ln(Z):            **************
Acceptance Rate:                        0.457397
Replacements:                               1750
Total Samples:                              3826
Nested Sampling ln(Z):            -971626.322101
Acceptance Rate:                        0.443678
Replacements:                               1800
Total Samples:                              4057
Nested Sampling ln(Z):            -795522.348109
Acceptance Rate:                        0.429135
Replacements:                               1850
Total Samples:                              4311
Nested Sampling ln(Z):            -685236.920025
Acceptance Rate:                        0.417582
Replacements:                               1900
Total Samples:                              4550
Nested Sampling ln(Z):            -596276.926693
Acceptance Rate:                        0.404480
Replacements:                               1950
Total Samples:                              4821
Nested Sampling ln(Z):            -518410.428962
Acceptance Rate:                        0.394555
Replacements:                               2000
Total Samples:                              5069
Nested Sampling ln(Z):            -466445.087309
Acceptance Rate:                        0.388037
Replacements:                               2050
Total Samples:                              5283
Nested Sampling ln(Z):            -409883.085134
Acceptance Rate:                        0.380366
Replacements:                               2100
Total Samples:                              5521
Nested Sampling ln(Z):            -366192.077266
Acceptance Rate:                        0.371394
Replacements:                               2150
Total Samples:                              5789
Nested Sampling ln(Z):            -321391.352059
Acceptance Rate:                        0.362200
Replacements:                               2200
Total Samples:                              6074
Nested Sampling ln(Z):            -284794.666489
Acceptance Rate:                        0.352554
Replacements:                               2250
Total Samples:                              6382
Nested Sampling ln(Z):            -256462.800150
Acceptance Rate:                        0.341804
Replacements:                               2300
Total Samples:                              6729
Nested Sampling ln(Z):            -228237.664659
Acceptance Rate:                        0.329732
Replacements:                               2350
Total Samples:                              7127
Nested Sampling ln(Z):            -202243.511233
Acceptance Rate:                        0.314507
Replacements:                               2400
Total Samples:                              7631
Nested Sampling ln(Z):            -186048.364657
Acceptance Rate:                        0.301353
Replacements:                               2450
Total Samples:                              8130
Nested Sampling ln(Z):            -170454.762851
Acceptance Rate:                        0.289118
Replacements:                               2500
Total Samples:                              8647
Nested Sampling ln(Z):            -155332.055090
Acceptance Rate:                        0.276633
Replacements:                               2550
Total Samples:                              9218
Nested Sampling ln(Z):            -142043.547963
Acceptance Rate:                        0.269486
Replacements:                               2600
Total Samples:                              9648
Nested Sampling ln(Z):            -128443.664869
Acceptance Rate:                        0.261032
Replacements:                               2650
Total Samples:                             10152
Nested Sampling ln(Z):            -116957.385755
Acceptance Rate:                        0.255319
Replacements:                               2700
Total Samples:                             10575
Nested Sampling ln(Z):            -106369.016294
Acceptance Rate:                        0.248307
Replacements:                               2750
Total Samples:                             11075
Nested Sampling ln(Z):             -98864.731954
Acceptance Rate:                        0.242194
Replacements:                               2800
Total Samples:                             11561
Nested Sampling ln(Z):             -90487.256457
Acceptance Rate:                        0.235557
Replacements:                               2850
Total Samples:                             12099
Nested Sampling ln(Z):             -83495.238926
Acceptance Rate:                        0.227987
Replacements:                               2900
Total Samples:                             12720
Nested Sampling ln(Z):             -77736.714174
Acceptance Rate:                        0.224865
Replacements:                               2950
Total Samples:                             13119
Nested Sampling ln(Z):             -73354.933600
Acceptance Rate:                        0.220994
Replacements:                               3000
Total Samples:                             13575
Nested Sampling ln(Z):             -68739.171837
Acceptance Rate:                        0.214713
Replacements:                               3050
Total Samples:                             14205
Nested Sampling ln(Z):             -64557.838516
Acceptance Rate:                        0.208825
Replacements:                               3100
Total Samples:                             14845
Nested Sampling ln(Z):             -60534.972386
Acceptance Rate:                        0.201561
Replacements:                               3150
Total Samples:                             15628
Nested Sampling ln(Z):             -56922.134982
Acceptance Rate:                        0.195946
Replacements:                               3200
Total Samples:                             16331
Nested Sampling ln(Z):             -53512.286206
Acceptance Rate:                        0.188822
Replacements:                               3250
Total Samples:                             17212
Nested Sampling ln(Z):             -51155.771273
Acceptance Rate:                        0.183425
Replacements:                               3300
Total Samples:                             17991
Nested Sampling ln(Z):             -48611.497826
Acceptance Rate:                        0.178286
Replacements:                               3350
Total Samples:                             18790
Nested Sampling ln(Z):             -46536.498858
Acceptance Rate:                        0.173602
Replacements:                               3400
Total Samples:                             19585
Nested Sampling ln(Z):             -44738.802851
Acceptance Rate:                        0.169901
Replacements:                               3450
Total Samples:                             20306
Nested Sampling ln(Z):             -42500.019390
Acceptance Rate:                        0.164690
Replacements:                               3500
Total Samples:                             21252
Nested Sampling ln(Z):             -40863.142823
Acceptance Rate:                        0.159486
Replacements:                               3550
Total Samples:                             22259
Nested Sampling ln(Z):             -39588.553133
Acceptance Rate:                        0.153538
Replacements:                               3600
Total Samples:                             23447
Nested Sampling ln(Z):             -38254.293786
Acceptance Rate:                        0.147983
Replacements:                               3650
Total Samples:                             24665
Nested Sampling ln(Z):             -36839.512526
Acceptance Rate:                        0.143455
Replacements:                               3700
Total Samples:                             25792
Nested Sampling ln(Z):             -35580.649221
Acceptance Rate:                        0.140397
Replacements:                               3750
Total Samples:                             26710
Nested Sampling ln(Z):             -34145.558369
Acceptance Rate:                        0.137931
Replacements:                               3800
Total Samples:                             27550
Nested Sampling ln(Z):             -32423.727458
Acceptance Rate:                        0.133449
Replacements:                               3850
Total Samples:                             28850
Nested Sampling ln(Z):             -30964.285508
Acceptance Rate:                        0.129190
Replacements:                               3900
Total Samples:                             30188
Nested Sampling ln(Z):             -29855.646038
Acceptance Rate:                        0.127022
Replacements:                               3950
Total Samples:                             31097
Nested Sampling ln(Z):             -28726.553445
Acceptance Rate:                        0.123874
Replacements:                               4000
Total Samples:                             32291
Nested Sampling ln(Z):             -27681.531082
Acceptance Rate:                        0.120805
Replacements:                               4050
Total Samples:                             33525
Nested Sampling ln(Z):             -26512.172236
Acceptance Rate:                        0.118030
Replacements:                               4100
Total Samples:                             34737
Nested Sampling ln(Z):             -25535.694515
Acceptance Rate:                        0.116485
Replacements:                               4150
Total Samples:                             35627
Nested Sampling ln(Z):             -24559.667841
Acceptance Rate:                        0.113849
Replacements:                               4200
Total Samples:                             36891
Nested Sampling ln(Z):             -23765.275940
Acceptance Rate:                        0.111481
Replacements:                               4250
Total Samples:                             38123
Nested Sampling ln(Z):             -22871.643153
Acceptance Rate:                        0.109381
Replacements:                               4300
Total Samples:                             39312
Nested Sampling ln(Z):             -22105.023077
Acceptance Rate:                        0.107777
Replacements:                               4350
Total Samples:                             40361
Nested Sampling ln(Z):             -21371.763574
Acceptance Rate:                        0.105983
Replacements:                               4400
Total Samples:                             41516
Nested Sampling ln(Z):             -20525.556918
Acceptance Rate:                        0.104575
Replacements:                               4450
Total Samples:                             42553
Nested Sampling ln(Z):             -19725.671628
Acceptance Rate:                        0.102874
Replacements:                               4500
Total Samples:                             43743
Nested Sampling ln(Z):             -19058.882211
Acceptance Rate:                        0.102206
Replacements:                               4550
Total Samples:                             44518
Nested Sampling ln(Z):             -18479.049126
Acceptance Rate:                        0.100582
Replacements:                               4600
Total Samples:                             45734
Nested Sampling ln(Z):             -17831.549821
Acceptance Rate:                        0.098619
Replacements:                               4650
Total Samples:                             47151
Nested Sampling ln(Z):             -17175.048784
Acceptance Rate:                        0.097272
Replacements:                               4700
Total Samples:                             48318
Nested Sampling ln(Z):             -16708.609085
Acceptance Rate:                        0.095936
Replacements:                               4750
Total Samples:                             49512
Nested Sampling ln(Z):             -16288.118049
Acceptance Rate:                        0.094688
Replacements:                               4800
Total Samples:                             50693
Nested Sampling ln(Z):             -15845.608004
Acceptance Rate:                        0.094292
Replacements:                               4850
Total Samples:                             51436
Nested Sampling ln(Z):             -15435.586755
Acceptance Rate:                        0.093029
Replacements:                               4900
Total Samples:                             52672
Nested Sampling ln(Z):             -15011.959973
Acceptance Rate:                        0.091954
Replacements:                               4950
Total Samples:                             53831
Nested Sampling ln(Z):             -14616.607782
Acceptance Rate:                        0.090552
Replacements:                               5000
Total Samples:                             55217
Nested Sampling ln(Z):             -14214.394857
Acceptance Rate:                        0.089453
Replacements:                               5050
Total Samples:                             56454
Nested Sampling ln(Z):             -13928.852966
Acceptance Rate:                        0.087641
Replacements:                               5100
Total Samples:                             58192
Nested Sampling ln(Z):             -13605.038407
Acceptance Rate:                        0.086341
Replacements:                               5150
Total Samples:                             59647
Nested Sampling ln(Z):             -13273.864598
Acceptance Rate:                        0.085186
Replacements:                               5200
Total Samples:                             61043
Nested Sampling ln(Z):             -12980.730134
Acceptance Rate:                        0.083820
Replacements:                               5250
Total Samples:                             62634
Nested Sampling ln(Z):             -12719.001354
Acceptance Rate:                        0.082678
Replacements:                               5300
Total Samples:                             64104
Nested Sampling ln(Z):             -12460.184395
Acceptance Rate:                        0.081508
Replacements:                               5350
Total Samples:                             65638
Nested Sampling ln(Z):             -12242.123016
Acceptance Rate:                        0.079552
Replacements:                               5400
Total Samples:                             67880
Nested Sampling ln(Z):             -12042.127782
Acceptance Rate:                        0.077891
Replacements:                               5450
Total Samples:                             69970
Nested Sampling ln(Z):             -11774.007882
Acceptance Rate:                        0.076740
Replacements:                               5500
Total Samples:                             71671
Nested Sampling ln(Z):             -11544.141835
Acceptance Rate:                        0.075250
Replacements:                               5550
Total Samples:                             73754
Nested Sampling ln(Z):             -11313.136844
Acceptance Rate:                        0.073632
Replacements:                               5600
Total Samples:                             76054
Nested Sampling ln(Z):             -11096.142503
Acceptance Rate:                        0.072661
Replacements:                               5650
Total Samples:                             77758
Nested Sampling ln(Z):             -10923.052745
Acceptance Rate:                        0.070800
Replacements:                               5700
Total Samples:                             80508
Nested Sampling ln(Z):             -10746.545808
Acceptance Rate:                        0.069645
Replacements:                               5750
Total Samples:                             82562
Nested Sampling ln(Z):             -10532.434890
Acceptance Rate:                        0.068739
Replacements:                               5800
Total Samples:                             84377
Nested Sampling ln(Z):             -10406.539336
Acceptance Rate:                        0.067621
Replacements:                               5850
Total Samples:                             86511
Nested Sampling ln(Z):             -10270.644237
Acceptance Rate:                        0.065976
Replacements:                               5900
Total Samples:                             89426
Nested Sampling ln(Z):             -10115.921613
Acceptance Rate:                        0.064394
Replacements:                               5950
Total Samples:                             92400
Nested Sampling ln(Z):              -9985.108772
Acceptance Rate:                        0.063179
Replacements:                               6000
Total Samples:                             94969
Nested Sampling ln(Z):              -9792.040182
Acceptance Rate:                        0.061433
Replacements:                               6050
Total Samples:                             98481
Nested Sampling ln(Z):              -9625.131514
Acceptance Rate:                        0.059786
Replacements:                               6100
Total Samples:                            102031
Nested Sampling ln(Z):              -9471.428864
Acceptance Rate:                        0.058411
Replacements:                               6150
Total Samples:                            105288
Nested Sampling ln(Z):              -9320.030031
Acceptance Rate:                        0.057345
Replacements:                               6200
Total Samples:                            108117
Nested Sampling ln(Z):              -9192.427001
Acceptance Rate:                        0.056897
Replacements:                               6250
Total Samples:                            109848
Nested Sampling ln(Z):              -9062.506220
Acceptance Rate:                        0.056297
Replacements:                               6300
Total Samples:                            111906
Nested Sampling ln(Z):              -8922.113418
Acceptance Rate:                        0.055962
Replacements:                               6350
Total Samples:                            113470
Nested Sampling ln(Z):              -8813.901488
Acceptance Rate:                        0.055661
Replacements:                               6400
Total Samples:                            114981
Nested Sampling ln(Z):              -8678.980673
Acceptance Rate:                        0.055522
Replacements:                               6450
Total Samples:                            116171
Nested Sampling ln(Z):              -8542.766607
Acceptance Rate:                        0.055484
Replacements:                               6500
Total Samples:                            117150
Nested Sampling ln(Z):              -8438.443887
Acceptance Rate:                        0.055302
Replacements:                               6550
Total Samples:                            118441
Nested Sampling ln(Z):              -8326.101865
Acceptance Rate:                        0.055312
Replacements:                               6600
Total Samples:                            119323
Nested Sampling ln(Z):              -8224.167882
Acceptance Rate:                        0.055315
Replacements:                               6650
Total Samples:                            120220
Nested Sampling ln(Z):              -8118.978516
Acceptance Rate:                        0.055214
Replacements:                               6700
Total Samples:                            121347
Nested Sampling ln(Z):              -8025.032727
Acceptance Rate:                        0.055197
Replacements:                               6750
Total Samples:                            122290
Nested Sampling ln(Z):              -7947.822068
Acceptance Rate:                        0.055093
Replacements:                               6800
Total Samples:                            123428
Nested Sampling ln(Z):              -7867.410966
Acceptance Rate:                        0.055017
Replacements:                               6850
Total Samples:                            124507
Nested Sampling ln(Z):              -7794.598900
Acceptance Rate:                        0.054977
Replacements:                               6900
Total Samples:                            125508
Nested Sampling ln(Z):              -7717.272677
Acceptance Rate:                        0.054836
Replacements:                               6950
Total Samples:                            126742
Nested Sampling ln(Z):              -7652.327160
Acceptance Rate:                        0.054730
Replacements:                               7000
Total Samples:                            127900
Nested Sampling ln(Z):              -7604.516452
Acceptance Rate:                        0.054658
Replacements:                               7050
Total Samples:                            128983
Nested Sampling ln(Z):              -7546.219124
Acceptance Rate:                        0.054536
Replacements:                               7100
Total Samples:                            130190
Nested Sampling ln(Z):              -7490.279554
Acceptance Rate:                        0.054554
Replacements:                               7150
Total Samples:                            131063
Nested Sampling ln(Z):              -7437.310938
Acceptance Rate:                        0.054468
Replacements:                               7200
Total Samples:                            132187
Nested Sampling ln(Z):              -7378.080090
Acceptance Rate:                        0.054255
Replacements:                               7250
Total Samples:                            133629
Nested Sampling ln(Z):              -7328.182653
Acceptance Rate:                        0.054229
Replacements:                               7300
Total Samples:                            134615
Nested Sampling ln(Z):              -7270.205683
Acceptance Rate:                        0.054119
Replacements:                               7350
Total Samples:                            135812
Nested Sampling ln(Z):              -7235.367183
Acceptance Rate:                        0.053948
Replacements:                               7400
Total Samples:                            137168
Nested Sampling ln(Z):              -7197.911000
Acceptance Rate:                        0.053851
Replacements:                               7450
Total Samples:                            138344
Nested Sampling ln(Z):              -7144.625320
Acceptance Rate:                        0.053776
Replacements:                               7500
Total Samples:                            139468
Nested Sampling ln(Z):              -7106.233502
Acceptance Rate:                        0.053479
Replacements:                               7550
Total Samples:                            141177
Nested Sampling ln(Z):              -7072.024028
Acceptance Rate:                        0.053353
Replacements:                               7600
Total Samples:                            142448
Nested Sampling ln(Z):              -7036.050527
Acceptance Rate:                        0.053128
Replacements:                               7650
Total Samples:                            143992
Nested Sampling ln(Z):              -7004.224498
Acceptance Rate:                        0.052852
Replacements:                               7700
Total Samples:                            145689
Nested Sampling ln(Z):              -6974.145733
Acceptance Rate:                        0.052598
Replacements:                               7750
Total Samples:                            147344
Nested Sampling ln(Z):              -6948.901266
Acceptance Rate:                        0.052357
Replacements:                               7800
Total Samples:                            148978
Nested Sampling ln(Z):              -6923.464872
Acceptance Rate:                        0.052163
Replacements:                               7850
Total Samples:                            150490
Nested Sampling ln(Z):              -6898.713845
Acceptance Rate:                        0.051933
Replacements:                               7900
Total Samples:                            152119
Nested Sampling ln(Z):              -6879.458921
Acceptance Rate:                        0.051638
Replacements:                               7950
Total Samples:                            153955
Nested Sampling ln(Z):              -6852.777622
Acceptance Rate:                        0.051438
Replacements:                               8000
Total Samples:                            155526
Nested Sampling ln(Z):              -6832.024041
Acceptance Rate:                        0.051074
Replacements:                               8050
Total Samples:                            157615
Nested Sampling ln(Z):              -6813.496092
Acceptance Rate:                        0.050809
Replacements:                               8100
Total Samples:                            159422
Nested Sampling ln(Z):              -6797.207155
Acceptance Rate:                        0.050609
